[2025-10-20 13:36:28] [INFO    ] discord.client: logging in using static token
[2025-10-20 13:36:28] [DEBUG   ] discord.http: GET https://discord.com/api/v10/users/@me with None has returned 200
[2025-10-20 13:36:28] [DEBUG   ] discord.http: GET /users/@me has found its initial rate limit bucket hash (78bb8553d9352a5a2f89f9def401287a).
[2025-10-20 13:36:28] [DEBUG   ] discord.http: GET https://discord.com/api/v10/users/@me has received {'id': '1428646367278006377', 'username': 'jpn_game_bot', 'avatar': None, 'discriminator': '2672', 'public_flags': 0, 'flags': 0, 'bot': True, 'banner': None, 'accent_color': None, 'global_name': None, 'avatar_decoration_data': None, 'collectibles': None, 'display_name_styles': None, 'banner_color': None, 'clan': None, 'primary_guild': None, 'mfa_enabled': False, 'locale': 'en-US', 'premium_type': 0, 'email': None, 'verified': True, 'bio': ''}
[2025-10-20 13:36:28] [DEBUG   ] discord.http: GET https://discord.com/api/v10/oauth2/applications/@me with None has returned 200
[2025-10-20 13:36:28] [DEBUG   ] discord.http: GET /oauth2/applications/@me has found its initial rate limit bucket hash (d28a133af187e91d71d96a223467ce49).
[2025-10-20 13:36:28] [DEBUG   ] discord.http: GET https://discord.com/api/v10/oauth2/applications/@me has received {'id': '1428646367278006377', 'name': 'jpn_game_bot', 'icon': None, 'description': 'This bot takes the messages from users to interact with a terminal-based game I created with C. The output from the game will then be sent to the user through the bot.', 'type': None, 'bot': {'id': '1428646367278006377', 'username': 'jpn_game_bot', 'avatar': None, 'discriminator': '2672', 'public_flags': 0, 'flags': 0, 'bot': True, 'banner': None, 'accent_color': None, 'global_name': None, 'avatar_decoration_data': None, 'collectibles': None, 'display_name_styles': None, 'banner_color': None, 'clan': None, 'primary_guild': None}, 'summary': '', 'is_monetized': False, 'is_verified': False, 'is_discoverable': False, 'bot_public': True, 'bot_require_code_grant': False, 'install_params': {'scopes': ['applications.commands'], 'permissions': '0'}, 'integration_types_config': {'0': {'oauth2_install_params': {'scopes': ['applications.commands'], 'permissions': '0'}}, '1': {'oauth2_install_params': {'scopes': ['applications.commands'], 'permissions': '0'}}}, 'verify_key': '2e11e7144d90df855a11307e02eec80d5a9bc11bc36be46808a3f43d485255a8', 'flags': 557056, 'hook': True, 'storefront_available': False, 'redirect_uris': [], 'interactions_endpoint_url': None, 'role_connections_verification_url': None, 'owner': {'id': '621929387259985921', 'username': 'funnyman1469', 'avatar': '660dbf9540e0a75c43b2faad2281d1d6', 'discriminator': '0', 'public_flags': 0, 'flags': 0, 'banner': None, 'accent_color': 14798409, 'global_name': 'FUNNYMAN 1469', 'avatar_decoration_data': None, 'collectibles': None, 'display_name_styles': None, 'banner_color': '#e1ce49', 'clan': None, 'primary_guild': None}, 'approximate_guild_count': 0, 'approximate_user_install_count': 0, 'approximate_user_authorization_count': 0, 'interactions_event_types': [], 'interactions_version': 1, 'explicit_content_filter': 0, 'rpc_application_state': 0, 'store_application_state': 1, 'verification_state': 1, 'integration_public': True, 'integration_require_code_grant': False, 'discoverability_state': 1, 'discovery_eligibility_flags': 228, 'monetization_state': 1, 'verification_eligibility_flags': 91036, 'monetization_eligibility_flags': 181988, 'bot_approximate_guild_count': 1, 'team': None, 'internal_guild_restriction': 2, 'approved_consoles': [], 'pricing_localization_strategy': 'localized_price_sets'}
[2025-10-20 13:36:29] [DEBUG   ] discord.gateway: Created websocket connected to wss://gateway.discord.gg/
[2025-10-20 13:36:29] [DEBUG   ] discord.gateway: For Shard ID None: WebSocket Event: {'t': None, 's': None, 'op': 10, 'd': {'heartbeat_interval': 41250, '_trace': ['["gateway-prd-arm-us-east1-d-c3mk",{"micros":0.0}]']}}
[2025-10-20 13:36:29] [DEBUG   ] discord.gateway: Shard ID None has sent the IDENTIFY payload.
[2025-10-20 13:36:29] [DEBUG   ] discord.gateway: For Shard ID None: WebSocket Event: {'t': None, 's': None, 'op': 11, 'd': None}
[2025-10-20 13:36:30] [DEBUG   ] discord.gateway: For Shard ID None: WebSocket Event: {'t': 'READY', 's': 1, 'op': 0, 'd': {'v': 10, 'user_settings': {}, 'user': {'verified': True, 'username': 'jpn_game_bot', 'primary_guild': None, 'mfa_enabled': False, 'id': '1428646367278006377', 'global_name': None, 'flags': 0, 'email': None, 'discriminator': '2672', 'clan': None, 'bot': True, 'avatar': None}, 'session_type': 'normal', 'session_id': '3a435e8783dfe9f441970bb50e766000', 'resume_gateway_url': 'wss://gateway-us-east1-d.discord.gg', 'relationships': [], 'private_channels': [], 'presences': [], 'guilds': [{'unavailable': True, 'id': '1429904071564722189'}], 'guild_join_requests': [], 'geo_ordered_rtc_regions': ['santa-clara', 'us-west', 'oregon', 'seattle', 'us-south'], 'game_relationships': [], 'auth': {}, 'application': {'id': '1428646367278006377', 'flags': 557056}, '_trace': ['["gateway-prd-arm-us-east1-d-c3mk",{"micros":1413098,"calls":["id_created",{"micros":568,"calls":[]},"session_lookup_time",{"micros":3899,"calls":[]},"session_lookup_finished",{"micros":13,"calls":[]},"discord-sessions-prd-2-99",{"micros":1408360,"calls":["start_session",{"micros":1405836,"calls":["discord-api-rpc-6b67bf5c5c-87p7j",{"micros":1359593,"calls":["get_user",{"micros":56244},"get_guilds",{"micros":9465},"send_scheduled_deletion_message",{"micros":14},"guild_join_requests",{"micros":3},"authorized_ip_coro",{"micros":10},"pending_payments",{"micros":28762},"apex_experiments",{"micros":9551},"user_activities",{"micros":5},"played_application_ids",{"micros":3},"linked_users",{"micros":2}]}]},"starting_guild_connect",{"micros":29,"calls":[]},"presence_started",{"micros":353,"calls":[]},"guilds_started",{"micros":61,"calls":[]},"lobbies_started",{"micros":1,"calls":[]},"guilds_connect",{"micros":1,"calls":[]},"presence_connect",{"micros":2060,"calls":[]},"connect_finished",{"micros":2067,"calls":[]},"build_ready",{"micros":11,"calls":[]},"clean_ready",{"micros":0,"calls":[]},"optimize_ready",{"micros":0,"calls":[]},"split_ready",{"micros":1,"calls":[]}]}]}]']}}
[2025-10-20 13:36:30] [DEBUG   ] discord.client: Dispatching event socket_event_type
[2025-10-20 13:36:30] [INFO    ] discord.gateway: Shard ID None has connected to Gateway (Session ID: 3a435e8783dfe9f441970bb50e766000).
[2025-10-20 13:36:30] [DEBUG   ] discord.client: Dispatching event connect
[2025-10-20 13:36:30] [DEBUG   ] discord.gateway: For Shard ID None: WebSocket Event: {'t': 'GUILD_CREATE', 's': 2, 'op': 0, 'd': {'incidents_data': None, 'mfa_level': 0, 'stage_instances': [], 'safety_alerts_channel_id': None, 'default_message_notifications': 0, 'rules_channel_id': None, 'joined_at': '2025-10-20T18:49:05.853000+00:00', 'home_header': None, 'nsfw_level': 0, 'embedded_activities': [], 'activity_instances': [], 'profile': None, 'max_stage_video_channel_users': 50, 'system_channel_id': '1429904072252723253', 'verification_level': 0, 'voice_states': [], 'unavailable': False, 'member_count': 2, 'icon': None, 'id': '1429904071564722189', 'premium_features': None, 'discovery_splash': None, 'channels': [{'version': 1760986097164, 'type': 4, 'position': 0, 'permission_overwrites': [], 'name': 'Text Channels', 'id': '1429904072252723251', 'flags': 0}, {'version': 1760986097168, 'type': 4, 'position': 0, 'permission_overwrites': [], 'name': 'Voice Channels', 'id': '1429904072252723252', 'flags': 0}, {'version': 1760986097174, 'type': 0, 'topic': None, 'rate_limit_per_user': 0, 'position': 0, 'permission_overwrites': [], 'parent_id': '1429904072252723251', 'name': 'general', 'last_message_id': '1429974353214439485', 'id': '1429904072252723253', 'icon_emoji': {'name': 'ðŸ‘‹', 'id': None}, 'flags': 0}, {'version': 1760986097183, 'user_limit': 0, 'type': 2, 'rtc_region': None, 'rate_limit_per_user': 0, 'position': 0, 'permission_overwrites': [], 'parent_id': '1429904072252723252', 'name': 'General', 'last_message_id': None, 'id': '1429904072252723254', 'icon_emoji': {'name': 'ðŸŽ™', 'id': None}, 'flags': 0, 'bitrate': 64000}], 'system_channel_flags': 0, 'name': 'Test Server', 'preferred_locale': 'en-US', 'explicit_content_filter': 0, 'hub_type': None, 'inventory_settings': None, 'afk_timeout': 300, 'public_updates_channel_id': None, 'threads': [], 'nsfw': False, 'premium_progress_bar_enabled': False, 'roles': [{'version': 1760986097154, 'unicode_emoji': None, 'tags': {}, 'position': 0, 'permissions': '2248473465835073', 'name': '@everyone', 'mentionable': False, 'managed': False, 'id': '1429904071564722189', 'icon': None, 'hoist': False, 'flags': 0, 'colors': {'tertiary_color': None, 'secondary_color': None, 'primary_color': 0}, 'color': 0}, {'version': 1760986145840, 'unicode_emoji': None, 'tags': {'bot_id': '1428646367278006377'}, 'position': 1, 'permissions': '2147559424', 'name': 'jpn_game_bot', 'mentionable': False, 'managed': True, 'id': '1429904276226048085', 'icon': None, 'hoist': False, 'flags': 0, 'colors': {'tertiary_color': None, 'secondary_color': None, 'primary_color': 0}, 'color': 0}], 'splash': None, 'stickers': [], 'presences': [], 'description': None, 'features': [], 'max_members': 25000000, 'max_video_channel_users': 25, 'afk_channel_id': None, 'large': False, 'application_id': None, 'latest_onboarding_question_id': None, 'lazy': True, 'members': [{'user': {'username': 'jpn_game_bot', 'public_flags': 0, 'primary_guild': None, 'id': '1428646367278006377', 'global_name': None, 'display_name_styles': None, 'display_name': None, 'discriminator': '2672', 'collectibles': None, 'bot': True, 'avatar_decoration_data': None, 'avatar': None}, 'roles': ['1429904276226048085'], 'premium_since': None, 'pending': False, 'nick': None, 'mute': False, 'joined_at': '2025-10-20T18:49:05.853000+00:00', 'flags': 0, 'deaf': False, 'communication_disabled_until': None, 'banner': None, 'avatar': None}], 'soundboard_sounds': [], 'moderator_reporting': None, 'premium_subscription_count': 0, 'premium_tier': 0, 'emojis': [], 'owner_configured_content_level': 0, 'guild_scheduled_events': [], 'application_command_counts': {}, 'version': 1760986097188, 'region': 'deprecated', 'vanity_url_code': None, 'owner_id': '621929387259985921', 'banner': None}}
[2025-10-20 13:36:30] [DEBUG   ] discord.client: Dispatching event socket_event_type
[2025-10-20 13:36:30] [DEBUG   ] discord.client: Dispatching event guild_available
[2025-10-20 13:36:32] [DEBUG   ] discord.client: Dispatching event ready
[2025-10-20 13:36:38] [DEBUG   ] discord.gateway: For Shard ID None: WebSocket Event: {'t': 'MESSAGE_CREATE', 's': 3, 'op': 0, 'd': {'type': 0, 'tts': False, 'timestamp': '2025-10-20T23:36:38.165000+00:00', 'pinned': False, 'nonce': '1429976639118245888', 'mentions': [], 'mention_roles': [], 'mention_everyone': False, 'id': '1429976637935452191', 'flags': 0, 'embeds': [], 'edited_timestamp': None, 'content': '!play', 'components': [], 'channel_type': 1, 'channel_id': '1429927921279045782', 'author': {'username': 'funnyman1469', 'public_flags': 0, 'primary_guild': None, 'id': '621929387259985921', 'global_name': 'FUNNYMAN 1469', 'display_name_styles': None, 'discriminator': '0', 'collectibles': None, 'clan': None, 'avatar_decoration_data': None, 'avatar': '660dbf9540e0a75c43b2faad2281d1d6'}, 'attachments': []}}
[2025-10-20 13:36:38] [DEBUG   ] discord.client: Dispatching event socket_event_type
[2025-10-20 13:36:38] [DEBUG   ] discord.client: Dispatching event message
[2025-10-20 13:36:38] [DEBUG   ] discord.client: Dispatching event command
[2025-10-20 13:36:38] [DEBUG   ] discord.http: POST https://discord.com/api/v10/users/@me/channels with {"recipient_id":621929387259985921} has returned 200
[2025-10-20 13:36:38] [DEBUG   ] discord.http: POST /users/@me/channels has found its initial rate limit bucket hash (3f1ecb90c49938368145d0f8794b2707).
[2025-10-20 13:36:38] [DEBUG   ] discord.http: POST https://discord.com/api/v10/users/@me/channels has received {'id': '1429927921279045782', 'type': 1, 'last_message_id': '1429976637935452191', 'flags': 0, 'recipients': [{'id': '621929387259985921', 'username': 'funnyman1469', 'avatar': '660dbf9540e0a75c43b2faad2281d1d6', 'discriminator': '0', 'public_flags': 0, 'flags': 0, 'banner': None, 'accent_color': 14798409, 'global_name': 'FUNNYMAN 1469', 'avatar_decoration_data': None, 'collectibles': None, 'display_name_styles': None, 'banner_color': '#e1ce49', 'clan': None, 'primary_guild': None}]}
[2025-10-20 13:36:38] [DEBUG   ] discord.client: Dispatching event command_error
[2025-10-20 13:36:38] [ERROR   ] discord.ext.commands.bot: Ignoring exception in command play
Traceback (most recent call last):
  File "C:\Users\paten\AppData\Local\Packages\PythonSoftwareFoundation.Python.3.11_qbz5n2kfra8p0\LocalCache\local-packages\Python311\site-packages\discord\ext\commands\core.py", line 266, in wrapped
    ret = await coro(*args, **kwargs)
          ^^^^^^^^^^^^^^^^^^^^^^^^^^^
  File "c:\Users\paten\OneDrive\Desktop\jpn_reading_game\discord_bot\test_bot.py", line 34, in play
    process = await asyncio.create_subprocess_exec(
              ^^^^^^^^^^^^^^^^^^^^^^^^^^^^^^^^^^^^^
  File "C:\Program Files\WindowsApps\PythonSoftwareFoundation.Python.3.11_3.11.2544.0_x64__qbz5n2kfra8p0\Lib\asyncio\subprocess.py", line 223, in create_subprocess_exec
    transport, protocol = await loop.subprocess_exec(
                          ^^^^^^^^^^^^^^^^^^^^^^^^^^^
  File "C:\Program Files\WindowsApps\PythonSoftwareFoundation.Python.3.11_3.11.2544.0_x64__qbz5n2kfra8p0\Lib\asyncio\base_events.py", line 1694, in subprocess_exec
    raise ValueError("text must be False")
ValueError: text must be False

The above exception was the direct cause of the following exception:

Traceback (most recent call last):
  File "C:\Users\paten\AppData\Local\Packages\PythonSoftwareFoundation.Python.3.11_qbz5n2kfra8p0\LocalCache\local-packages\Python311\site-packages\discord\ext\commands\bot.py", line 1376, in invoke
    await ctx.command.invoke(ctx)
  File "C:\Users\paten\AppData\Local\Packages\PythonSoftwareFoundation.Python.3.11_qbz5n2kfra8p0\LocalCache\local-packages\Python311\site-packages\discord\ext\commands\core.py", line 1064, in invoke
    await injected(*ctx.args, **ctx.kwargs)  # type: ignore
    ^^^^^^^^^^^^^^^^^^^^^^^^^^^^^^^^^^^^^^^
  File "C:\Users\paten\AppData\Local\Packages\PythonSoftwareFoundation.Python.3.11_qbz5n2kfra8p0\LocalCache\local-packages\Python311\site-packages\discord\ext\commands\core.py", line 275, in wrapped
    raise CommandInvokeError(exc) from exc
discord.ext.commands.errors.CommandInvokeError: Command raised an exception: ValueError: text must be False
[2025-10-20 13:36:49] [DEBUG   ] discord.gateway: For Shard ID None: WebSocket Event: {'t': 'MESSAGE_CREATE', 's': 4, 'op': 0, 'd': {'type': 0, 'tts': False, 'timestamp': '2025-10-20T23:36:48.757000+00:00', 'pinned': False, 'nonce': '1429976683854692352', 'mentions': [], 'mention_roles': [], 'mention_everyone': False, 'id': '1429976682361520229', 'flags': 0, 'embeds': [], 'edited_timestamp': None, 'content': '!play', 'components': [], 'channel_type': 1, 'channel_id': '1429927921279045782', 'author': {'username': 'funnyman1469', 'public_flags': 0, 'primary_guild': None, 'id': '621929387259985921', 'global_name': 'FUNNYMAN 1469', 'display_name_styles': None, 'discriminator': '0', 'collectibles': None, 'clan': None, 'avatar_decoration_data': None, 'avatar': '660dbf9540e0a75c43b2faad2281d1d6'}, 'attachments': []}}
[2025-10-20 13:36:49] [DEBUG   ] discord.client: Dispatching event socket_event_type
[2025-10-20 13:36:49] [DEBUG   ] discord.client: Dispatching event message
[2025-10-20 13:36:49] [DEBUG   ] discord.client: Dispatching event command
[2025-10-20 13:36:49] [DEBUG   ] discord.client: Dispatching event command_error
[2025-10-20 13:36:49] [ERROR   ] discord.ext.commands.bot: Ignoring exception in command play
Traceback (most recent call last):
  File "C:\Users\paten\AppData\Local\Packages\PythonSoftwareFoundation.Python.3.11_qbz5n2kfra8p0\LocalCache\local-packages\Python311\site-packages\discord\ext\commands\core.py", line 266, in wrapped
    ret = await coro(*args, **kwargs)
          ^^^^^^^^^^^^^^^^^^^^^^^^^^^
  File "c:\Users\paten\OneDrive\Desktop\jpn_reading_game\discord_bot\test_bot.py", line 34, in play
    process = await asyncio.create_subprocess_exec(
              ^^^^^^^^^^^^^^^^^^^^^^^^^^^^^^^^^^^^^
  File "C:\Program Files\WindowsApps\PythonSoftwareFoundation.Python.3.11_3.11.2544.0_x64__qbz5n2kfra8p0\Lib\asyncio\subprocess.py", line 223, in create_subprocess_exec
    transport, protocol = await loop.subprocess_exec(
                          ^^^^^^^^^^^^^^^^^^^^^^^^^^^
  File "C:\Program Files\WindowsApps\PythonSoftwareFoundation.Python.3.11_3.11.2544.0_x64__qbz5n2kfra8p0\Lib\asyncio\base_events.py", line 1694, in subprocess_exec
    raise ValueError("text must be False")
ValueError: text must be False

The above exception was the direct cause of the following exception:

Traceback (most recent call last):
  File "C:\Users\paten\AppData\Local\Packages\PythonSoftwareFoundation.Python.3.11_qbz5n2kfra8p0\LocalCache\local-packages\Python311\site-packages\discord\ext\commands\bot.py", line 1376, in invoke
    await ctx.command.invoke(ctx)
  File "C:\Users\paten\AppData\Local\Packages\PythonSoftwareFoundation.Python.3.11_qbz5n2kfra8p0\LocalCache\local-packages\Python311\site-packages\discord\ext\commands\core.py", line 1064, in invoke
    await injected(*ctx.args, **ctx.kwargs)  # type: ignore
    ^^^^^^^^^^^^^^^^^^^^^^^^^^^^^^^^^^^^^^^
  File "C:\Users\paten\AppData\Local\Packages\PythonSoftwareFoundation.Python.3.11_qbz5n2kfra8p0\LocalCache\local-packages\Python311\site-packages\discord\ext\commands\core.py", line 275, in wrapped
    raise CommandInvokeError(exc) from exc
discord.ext.commands.errors.CommandInvokeError: Command raised an exception: ValueError: text must be False
