[2026-02-18 10:23:34] [INFO    ] discord.client: logging in using static token
[2026-02-18 10:23:35] [DEBUG   ] discord.http: GET https://discord.com/api/v10/users/@me with None has returned 200
[2026-02-18 10:23:35] [DEBUG   ] discord.http: GET /users/@me has found its initial rate limit bucket hash (78bb8553d9352a5a2f89f9def401287a).
[2026-02-18 10:23:35] [DEBUG   ] discord.http: GET https://discord.com/api/v10/users/@me has received {'id': '1428646367278006377', 'username': 'jpn_game_bot', 'avatar': None, 'discriminator': '2672', 'public_flags': 0, 'flags': 0, 'bot': True, 'banner': None, 'accent_color': None, 'global_name': None, 'avatar_decoration_data': None, 'collectibles': None, 'display_name_styles': None, 'banner_color': None, 'clan': None, 'primary_guild': None, 'mfa_enabled': False, 'locale': 'en-US', 'premium_type': 0, 'email': None, 'verified': True, 'bio': ''}
[2026-02-18 10:23:36] [DEBUG   ] discord.http: GET https://discord.com/api/v10/oauth2/applications/@me with None has returned 200
[2026-02-18 10:23:36] [DEBUG   ] discord.http: GET /oauth2/applications/@me has found its initial rate limit bucket hash (d28a133af187e91d71d96a223467ce49).
[2026-02-18 10:23:36] [DEBUG   ] discord.http: GET https://discord.com/api/v10/oauth2/applications/@me has received {'id': '1428646367278006377', 'name': 'jpn_game_bot', 'icon': None, 'description': 'This bot takes the messages from users to interact with a terminal-based game I created with C. The output from the game will then be sent to the user through the bot.', 'type': None, 'bot': {'id': '1428646367278006377', 'username': 'jpn_game_bot', 'avatar': None, 'discriminator': '2672', 'public_flags': 0, 'flags': 0, 'bot': True, 'banner': None, 'accent_color': None, 'global_name': None, 'avatar_decoration_data': None, 'collectibles': None, 'display_name_styles': None, 'banner_color': None, 'clan': None, 'primary_guild': None}, 'summary': '', 'is_monetized': False, 'is_verified': False, 'is_discoverable': False, 'bot_public': True, 'bot_require_code_grant': False, 'install_params': {'scopes': ['applications.commands'], 'permissions': '0'}, 'integration_types_config': {'0': {'oauth2_install_params': {'scopes': ['applications.commands'], 'permissions': '0'}}, '1': {'oauth2_install_params': {'scopes': ['applications.commands'], 'permissions': '0'}}}, 'verify_key': '2e11e7144d90df855a11307e02eec80d5a9bc11bc36be46808a3f43d485255a8', 'flags': 557056, 'hook': True, 'storefront_available': False, 'redirect_uris': [], 'interactions_endpoint_url': None, 'role_connections_verification_url': None, 'owner': {'id': '621929387259985921', 'username': 'funnyman1469', 'avatar': 'd42f0c09648e8e0ba07480f6adfe506a', 'discriminator': '0', 'public_flags': 0, 'flags': 0, 'banner': None, 'accent_color': 14798409, 'global_name': 'FUNNYMAN 1469', 'avatar_decoration_data': None, 'collectibles': None, 'display_name_styles': None, 'banner_color': '#e1ce49', 'clan': None, 'primary_guild': None}, 'approximate_guild_count': 1, 'approximate_user_install_count': 0, 'approximate_user_authorization_count': 0, 'interactions_event_types': [], 'interactions_version': 1, 'explicit_content_filter': 0, 'rpc_application_state': 0, 'store_application_state': 1, 'verification_state': 1, 'integration_public': True, 'integration_require_code_grant': False, 'discoverability_state': 1, 'discovery_eligibility_flags': 228, 'monetization_state': 1, 'verification_eligibility_flags': 91036, 'monetization_eligibility_flags': 181988, 'bot_approximate_guild_count': 1, 'team': None, 'internal_guild_restriction': 2, 'approved_consoles': [], 'pricing_localization_strategy': 'localized_price_sets'}
[2026-02-18 10:23:37] [DEBUG   ] discord.gateway: Created websocket connected to wss://gateway.discord.gg/
[2026-02-18 10:23:37] [DEBUG   ] discord.gateway: For Shard ID None: WebSocket Event: {'t': None, 's': None, 'op': 10, 'd': {'heartbeat_interval': 41250, '_trace': ['["gateway-prd-arm-us-east1-c-s05x",{"micros":0.0}]']}}
[2026-02-18 10:23:37] [DEBUG   ] discord.gateway: Shard ID None has sent the IDENTIFY payload.
[2026-02-18 10:23:37] [DEBUG   ] discord.gateway: For Shard ID None: WebSocket Event: {'t': None, 's': None, 'op': 11, 'd': None}
[2026-02-18 10:23:37] [DEBUG   ] discord.gateway: For Shard ID None: WebSocket Event: {'t': 'READY', 's': 1, 'op': 0, 'd': {'v': 10, 'user_settings': {}, 'user': {'verified': True, 'username': 'jpn_game_bot', 'primary_guild': None, 'mfa_enabled': False, 'id': '1428646367278006377', 'global_name': None, 'flags': 0, 'email': None, 'discriminator': '2672', 'clan': None, 'bot': True, 'avatar': None}, 'session_type': 'normal', 'session_id': 'bc1c8561054ccacb3f6be761e5f310e8', 'resume_gateway_url': 'wss://gateway-us-east1-c.discord.gg', 'relationships': [], 'private_channels': [], 'presences': [], 'guilds': [{'unavailable': True, 'id': '1429904071564722189'}], 'guild_join_requests': [], 'geo_ordered_rtc_regions': ['us-west', 'santa-clara', 'oregon', 'seattle', 'us-south'], 'game_relationships': [], 'auth': {}, 'application': {'id': '1428646367278006377', 'flags': 557056}, '_trace': ['["gateway-prd-arm-us-east1-c-s05x",{"micros":120328,"calls":["id_created",{"micros":358,"calls":[]},"session_lookup_time",{"micros":395,"calls":[]},"session_lookup_finished",{"micros":11,"calls":[]},"discord-sessions-prd-2-179",{"micros":119281,"calls":["start_session",{"micros":99240,"calls":["discord-api-rpc-84c54658c5-hp8s4",{"micros":39823,"calls":["get_user",{"micros":5166},"get_guilds",{"micros":4103},"send_scheduled_deletion_message",{"micros":16},"guild_join_requests",{"micros":529},"authorized_ip_coro",{"micros":10},"pending_payments",{"micros":1666},"apex_experiments",{"micros":50472},"sessions_experiments",{"micros":16},"user_activities",{"micros":5},"played_application_ids",{"micros":4},"linked_users",{"micros":3},"ad_personalization_toggles_disabled",{"micros":3},"regional_feature_config",{"micros":3}]}]},"starting_guild_connect",{"micros":34,"calls":[]},"presence_started",{"micros":1661,"calls":[]},"guilds_started",{"micros":64,"calls":[]},"lobbies_started",{"micros":1,"calls":[]},"guilds_connect",{"micros":1,"calls":[]},"presence_connect",{"micros":18202,"calls":[]},"connect_finished",{"micros":18218,"calls":[]},"build_ready",{"micros":14,"calls":[]},"clean_ready",{"micros":47,"calls":[]},"optimize_ready",{"micros":0,"calls":[]},"split_ready",{"micros":1,"calls":[]}]}]}]']}}
[2026-02-18 10:23:37] [DEBUG   ] discord.client: Dispatching event socket_event_type
[2026-02-18 10:23:37] [INFO    ] discord.gateway: Shard ID None has connected to Gateway (Session ID: bc1c8561054ccacb3f6be761e5f310e8).
[2026-02-18 10:23:37] [DEBUG   ] discord.client: Dispatching event connect
[2026-02-18 10:23:37] [DEBUG   ] discord.gateway: For Shard ID None: WebSocket Event: {'t': 'GUILD_CREATE', 's': 2, 'op': 0, 'd': {'presences': [], 'default_message_notifications': 0, 'afk_channel_id': None, 'owner_id': '621929387259985921', 'moderator_reporting': None, 'home_header': None, 'premium_features': None, 'splash': None, 'stickers': [], 'members': [{'user': {'username': 'jpn_game_bot', 'public_flags': 0, 'primary_guild': None, 'id': '1428646367278006377', 'global_name': None, 'display_name_styles': None, 'display_name': None, 'discriminator': '2672', 'collectibles': None, 'bot': True, 'avatar_decoration_data': None, 'avatar': None}, 'roles': ['1429904276226048085'], 'premium_since': None, 'pending': False, 'nick': None, 'mute': False, 'joined_at': '2025-10-20T18:49:05.853000+00:00', 'flags': 0, 'deaf': False, 'communication_disabled_until': None, 'banner': None, 'avatar': None}], 'profile': None, 'system_channel_flags': 0, 'embedded_activities': [], 'verification_level': 0, 'roles': [{'version': 1760986097154, 'unicode_emoji': None, 'tags': {}, 'position': 0, 'permissions': '2248473465835073', 'name': '@everyone', 'mentionable': False, 'managed': False, 'id': '1429904071564722189', 'icon': None, 'hoist': False, 'flags': 0, 'colors': {'tertiary_color': None, 'secondary_color': None, 'primary_color': 0}, 'color': 0}, {'version': 1760986145840, 'unicode_emoji': None, 'tags': {'bot_id': '1428646367278006377'}, 'position': 1, 'permissions': '2147559424', 'name': 'jpn_game_bot', 'mentionable': False, 'managed': True, 'id': '1429904276226048085', 'icon': None, 'hoist': False, 'flags': 0, 'colors': {'tertiary_color': None, 'secondary_color': None, 'primary_color': 0}, 'color': 0}], 'safety_alerts_channel_id': None, 'discovery_splash': None, 'preferred_locale': 'en-US', 'application_command_counts': {}, 'max_members': 25000000, 'lazy': True, 'region': 'deprecated', 'vanity_url_code': None, 'id': '1429904071564722189', 'voice_states': [], 'name': 'Test Server', 'icon': None, 'channels': [{'version': 1760986097164, 'type': 4, 'position': 0, 'permission_overwrites': [], 'name': 'Text Channels', 'id': '1429904072252723251', 'flags': 0}, {'version': 1760986097168, 'type': 4, 'position': 0, 'permission_overwrites': [], 'name': 'Voice Channels', 'id': '1429904072252723252', 'flags': 0}, {'version': 1760986097174, 'type': 0, 'topic': None, 'rate_limit_per_user': 0, 'position': 0, 'permission_overwrites': [], 'parent_id': '1429904072252723251', 'name': 'general', 'last_message_id': '1471031877711302686', 'id': '1429904072252723253', 'icon_emoji': {'name': 'üëã', 'id': None}, 'flags': 0}, {'version': 1760986097183, 'user_limit': 0, 'type': 2, 'rtc_region': None, 'rate_limit_per_user': 0, 'position': 0, 'permission_overwrites': [], 'parent_id': '1429904072252723252', 'name': 'General', 'last_message_id': None, 'id': '1429904072252723254', 'icon_emoji': {'name': 'üéô', 'id': None}, 'flags': 0, 'bitrate': 64000}], 'banner': None, 'explicit_content_filter': 0, 'threads': [], 'large': False, 'premium_progress_bar_enabled': False, 'latest_onboarding_question_id': None, 'soundboard_sounds': [], 'nsfw_level': 0, 'afk_timeout': 300, 'premium_subscription_count': 0, 'description': None, 'premium_tier': 0, 'hub_type': None, 'nsfw': False, 'rules_channel_id': None, 'system_channel_id': '1429904072252723253', 'application_id': None, 'owner_configured_content_level': 0, 'unavailable': False, 'stage_instances': [], 'joined_at': '2025-10-20T18:49:05.853000+00:00', 'activity_instances': [], 'max_stage_video_channel_users': 50, 'mfa_level': 0, 'incidents_data': None, 'member_count': 2, 'features': [], 'version': 1760986097188, 'guild_scheduled_events': [], 'premium_progress_bar_enabled_user_updated_at': None, 'emojis': [], 'inventory_settings': None, 'max_video_channel_users': 25, 'public_updates_channel_id': None}}
[2026-02-18 10:23:37] [DEBUG   ] discord.client: Dispatching event socket_event_type
[2026-02-18 10:23:37] [DEBUG   ] discord.gateway: For Shard ID None: WebSocket Event: {'t': 'GUILD_MEMBERS_CHUNK', 's': 3, 'op': 0, 'd': {'nonce': 'd7d55c66f7dce122fd8f1bb9a9411694', 'members': [{'user': {'username': 'funnyman1469', 'public_flags': 0, 'primary_guild': None, 'id': '621929387259985921', 'global_name': 'FUNNYMAN 1469', 'display_name_styles': None, 'display_name': 'FUNNYMAN 1469', 'discriminator': '0', 'collectibles': None, 'bot': False, 'avatar_decoration_data': None, 'avatar': 'd42f0c09648e8e0ba07480f6adfe506a'}, 'roles': [], 'premium_since': None, 'pending': False, 'nick': None, 'mute': False, 'joined_at': '2025-10-20T18:48:17.093000+00:00', 'flags': 0, 'deaf': False, 'communication_disabled_until': None, 'banner': None, 'avatar': None}, {'user': {'username': 'jpn_game_bot', 'public_flags': 0, 'primary_guild': None, 'id': '1428646367278006377', 'global_name': None, 'display_name_styles': None, 'display_name': None, 'discriminator': '2672', 'collectibles': None, 'bot': True, 'avatar_decoration_data': None, 'avatar': None}, 'roles': ['1429904276226048085'], 'premium_since': None, 'pending': False, 'nick': None, 'mute': False, 'joined_at': '2025-10-20T18:49:05.853000+00:00', 'flags': 0, 'deaf': False, 'communication_disabled_until': None, 'banner': None, 'avatar': None}], 'guild_id': '1429904071564722189', 'chunk_index': 0, 'chunk_count': 1}}
[2026-02-18 10:23:37] [DEBUG   ] discord.client: Dispatching event socket_event_type
[2026-02-18 10:23:37] [DEBUG   ] discord.state: Processed a chunk for 2 members in guild ID 1429904071564722189.
[2026-02-18 10:23:39] [DEBUG   ] discord.client: Dispatching event guild_available
[2026-02-18 10:23:39] [DEBUG   ] discord.client: Dispatching event ready
[2026-02-18 10:23:44] [DEBUG   ] discord.gateway: For Shard ID None: WebSocket Event: {'t': 'MESSAGE_CREATE', 's': 4, 'op': 0, 'd': {'type': 0, 'tts': False, 'timestamp': '2026-02-18T20:23:44.600000+00:00', 'pinned': False, 'nonce': '1473777023192137728', 'mentions': [], 'mention_roles': [], 'mention_everyone': False, 'id': '1473777026623340564', 'flags': 0, 'embeds': [], 'edited_timestamp': None, 'content': '!play', 'components': [], 'channel_type': 1, 'channel_id': '1429927921279045782', 'author': {'username': 'funnyman1469', 'public_flags': 0, 'primary_guild': None, 'id': '621929387259985921', 'global_name': 'FUNNYMAN 1469', 'display_name_styles': None, 'discriminator': '0', 'collectibles': None, 'clan': None, 'avatar_decoration_data': None, 'avatar': 'd42f0c09648e8e0ba07480f6adfe506a'}, 'attachments': []}}
[2026-02-18 10:23:44] [DEBUG   ] discord.client: Dispatching event socket_event_type
[2026-02-18 10:23:44] [DEBUG   ] discord.client: Dispatching event message
[2026-02-18 10:23:44] [DEBUG   ] discord.client: Dispatching event command
[2026-02-18 10:23:44] [DEBUG   ] discord.http: POST https://discord.com/api/v10/users/@me/channels with {"recipient_id":621929387259985921} has returned 200
[2026-02-18 10:23:44] [DEBUG   ] discord.http: POST /users/@me/channels has found its initial rate limit bucket hash (3f1ecb90c49938368145d0f8794b2707).
[2026-02-18 10:23:44] [DEBUG   ] discord.http: POST https://discord.com/api/v10/users/@me/channels has received {'id': '1429927921279045782', 'type': 1, 'last_message_id': '1473777026623340564', 'flags': 0, 'recipients': [{'id': '621929387259985921', 'username': 'funnyman1469', 'avatar': 'd42f0c09648e8e0ba07480f6adfe506a', 'discriminator': '0', 'public_flags': 0, 'flags': 0, 'banner': None, 'accent_color': 14798409, 'global_name': 'FUNNYMAN 1469', 'avatar_decoration_data': None, 'collectibles': None, 'display_name_styles': None, 'banner_color': '#e1ce49', 'clan': None, 'primary_guild': None}]}
[2026-02-18 10:23:45] [DEBUG   ] discord.gateway: For Shard ID None: WebSocket Event: {'t': 'MESSAGE_CREATE', 's': 5, 'op': 0, 'd': {'type': 0, 'tts': False, 'timestamp': '2026-02-18T20:23:45.350000+00:00', 'pinned': False, 'nonce': '3899281644392815500', 'mentions': [], 'mention_roles': [], 'mention_everyone': False, 'id': '1473777029769072723', 'flags': 0, 'embeds': [], 'edited_timestamp': None, 'content': 'Starting Japanese reading game! üéÆ', 'components': [], 'channel_type': 1, 'channel_id': '1429927921279045782', 'author': {'username': 'jpn_game_bot', 'public_flags': 0, 'primary_guild': None, 'id': '1428646367278006377', 'global_name': None, 'display_name_styles': None, 'discriminator': '2672', 'collectibles': None, 'clan': None, 'bot': True, 'avatar_decoration_data': None, 'avatar': None}, 'attachments': []}}
[2026-02-18 10:23:45] [DEBUG   ] discord.client: Dispatching event socket_event_type
[2026-02-18 10:23:45] [DEBUG   ] discord.client: Dispatching event message
[2026-02-18 10:23:45] [DEBUG   ] discord.http: POST https://discord.com/api/v10/channels/1429927921279045782/messages with {"content":"Starting Japanese reading game! \ud83c\udfae","components":[],"nonce":"3899281644392815500","enforce_nonce":true,"tts":false} has returned 200
[2026-02-18 10:23:45] [DEBUG   ] discord.http: POST /channels/{channel_id}/messages has found its initial rate limit bucket hash (62df3a8bf3cb0dd93018dd80d06039f6).
[2026-02-18 10:23:45] [DEBUG   ] discord.http: POST https://discord.com/api/v10/channels/1429927921279045782/messages has received {'type': 0, 'content': 'Starting Japanese reading game! üéÆ', 'mentions': [], 'mention_roles': [], 'attachments': [], 'embeds': [], 'timestamp': '2026-02-18T20:23:45.350000+00:00', 'edited_timestamp': None, 'flags': 0, 'components': [], 'id': '1473777029769072723', 'channel_id': '1429927921279045782', 'author': {'id': '1428646367278006377', 'username': 'jpn_game_bot', 'avatar': None, 'discriminator': '2672', 'public_flags': 0, 'flags': 0, 'bot': True, 'banner': None, 'accent_color': None, 'global_name': None, 'avatar_decoration_data': None, 'collectibles': None, 'display_name_styles': None, 'banner_color': None, 'clan': None, 'primary_guild': None}, 'pinned': False, 'mention_everyone': False, 'tts': False, 'nonce': '3899281644392815500'}
[2026-02-18 10:23:45] [DEBUG   ] discord.gateway: For Shard ID None: WebSocket Event: {'t': 'MESSAGE_CREATE', 's': 6, 'op': 0, 'd': {'type': 0, 'tts': False, 'timestamp': '2026-02-18T20:23:45.814000+00:00', 'pinned': False, 'nonce': '11483544291593440055', 'mentions': [], 'mention_roles': [], 'mention_everyone': False, 'id': '1473777031714967746', 'flags': 0, 'embeds': [], 'edited_timestamp': None, 'content': "Welcome to the Japanese Reading Game!\n=====================================\nYou can either practice hirigana and katakana characters or reading hirigana and katakana words.\nType and enter the romaji version of the Japanese character/word as quickly as possible\nThe quicker you type, the more points you gain! Each question is worth up to 20 points.\nBonus questions about the meaning of the word in English will be provided at the end!\nNote: I made the English meanings as general as possible. If the game says you got it\nwrong when you really didn't, then please forgive me!\nPlease choose one of the game options below to start the game and determine what\ntype of questions will be asked\nHiragana Characters | Hiragana Words | Katakana Characters | Katakana Words | Both Characters | Both Words", 'components': [], 'channel_type': 1, 'channel_id': '1429927921279045782', 'author': {'username': 'jpn_game_bot', 'public_flags': 0, 'primary_guild': None, 'id': '1428646367278006377', 'global_name': None, 'display_name_styles': None, 'discriminator': '2672', 'collectibles': None, 'clan': None, 'bot': True, 'avatar_decoration_data': None, 'avatar': None}, 'attachments': []}}
[2026-02-18 10:23:45] [DEBUG   ] discord.client: Dispatching event socket_event_type
[2026-02-18 10:23:45] [DEBUG   ] discord.client: Dispatching event message
[2026-02-18 10:23:45] [DEBUG   ] discord.http: POST https://discord.com/api/v10/channels/1429927921279045782/messages with {"content":"Welcome to the Japanese Reading Game!\n=====================================\nYou can either practice hirigana and katakana characters or reading hirigana and katakana words.\nType and enter the romaji version of the Japanese character/word as quickly as possible\nThe quicker you type, the more points you gain! Each question is worth up to 20 points.\nBonus questions about the meaning of the word in English will be provided at the end!\nNote: I made the English meanings as general as possible. If the game says you got it\nwrong when you really didn't, then please forgive me!\nPlease choose one of the game options below to start the game and determine what\ntype of questions will be asked\nHiragana Characters | Hiragana Words | Katakana Characters | Katakana Words | Both Characters | Both Words","components":[],"nonce":"11483544291593440055","enforce_nonce":true,"tts":false} has returned 200
[2026-02-18 10:23:45] [DEBUG   ] discord.http: POST https://discord.com/api/v10/channels/1429927921279045782/messages has received {'type': 0, 'content': "Welcome to the Japanese Reading Game!\n=====================================\nYou can either practice hirigana and katakana characters or reading hirigana and katakana words.\nType and enter the romaji version of the Japanese character/word as quickly as possible\nThe quicker you type, the more points you gain! Each question is worth up to 20 points.\nBonus questions about the meaning of the word in English will be provided at the end!\nNote: I made the English meanings as general as possible. If the game says you got it\nwrong when you really didn't, then please forgive me!\nPlease choose one of the game options below to start the game and determine what\ntype of questions will be asked\nHiragana Characters | Hiragana Words | Katakana Characters | Katakana Words | Both Characters | Both Words", 'mentions': [], 'mention_roles': [], 'attachments': [], 'embeds': [], 'timestamp': '2026-02-18T20:23:45.814000+00:00', 'edited_timestamp': None, 'flags': 0, 'components': [], 'id': '1473777031714967746', 'channel_id': '1429927921279045782', 'author': {'id': '1428646367278006377', 'username': 'jpn_game_bot', 'avatar': None, 'discriminator': '2672', 'public_flags': 0, 'flags': 0, 'bot': True, 'banner': None, 'accent_color': None, 'global_name': None, 'avatar_decoration_data': None, 'collectibles': None, 'display_name_styles': None, 'banner_color': None, 'clan': None, 'primary_guild': None}, 'pinned': False, 'mention_everyone': False, 'tts': False, 'nonce': '11483544291593440055'}
[2026-02-18 10:23:45] [DEBUG   ] discord.client: Dispatching event command_completion
[2026-02-18 10:23:48] [DEBUG   ] discord.gateway: For Shard ID None: WebSocket Event: {'t': 'MESSAGE_CREATE', 's': 7, 'op': 0, 'd': {'type': 0, 'tts': False, 'timestamp': '2026-02-18T20:23:48.771000+00:00', 'pinned': False, 'nonce': '1473777041261199360', 'mentions': [], 'mention_roles': [], 'mention_everyone': False, 'id': '1473777044117651456', 'flags': 0, 'embeds': [], 'edited_timestamp': None, 'content': 'hiragana words', 'components': [], 'channel_type': 1, 'channel_id': '1429927921279045782', 'author': {'username': 'funnyman1469', 'public_flags': 0, 'primary_guild': None, 'id': '621929387259985921', 'global_name': 'FUNNYMAN 1469', 'display_name_styles': None, 'discriminator': '0', 'collectibles': None, 'clan': None, 'avatar_decoration_data': None, 'avatar': 'd42f0c09648e8e0ba07480f6adfe506a'}, 'attachments': []}}
[2026-02-18 10:23:48] [DEBUG   ] discord.client: Dispatching event socket_event_type
[2026-02-18 10:23:48] [DEBUG   ] discord.client: Dispatching event message
[2026-02-18 10:23:48] [DEBUG   ] discord.gateway: For Shard ID None: WebSocket Event: {'t': 'MESSAGE_CREATE', 's': 8, 'op': 0, 'd': {'type': 0, 'tts': False, 'timestamp': '2026-02-18T20:23:49.028000+00:00', 'pinned': False, 'nonce': '15537174811381674920', 'mentions': [], 'mention_roles': [], 'mention_everyone': False, 'id': '1473777045195718687', 'flags': 0, 'embeds': [], 'edited_timestamp': None, 'content': 'Start!\n_______________________\nQuestion 1: „Å°„Åã„Åè', 'components': [], 'channel_type': 1, 'channel_id': '1429927921279045782', 'author': {'username': 'jpn_game_bot', 'public_flags': 0, 'primary_guild': None, 'id': '1428646367278006377', 'global_name': None, 'display_name_styles': None, 'discriminator': '2672', 'collectibles': None, 'clan': None, 'bot': True, 'avatar_decoration_data': None, 'avatar': None}, 'attachments': []}}
[2026-02-18 10:23:48] [DEBUG   ] discord.client: Dispatching event socket_event_type
[2026-02-18 10:23:48] [DEBUG   ] discord.client: Dispatching event message
[2026-02-18 10:23:48] [DEBUG   ] discord.http: POST https://discord.com/api/v10/channels/1429927921279045782/messages with {"content":"Start!\n_______________________\nQuestion 1: \u3061\u304b\u304f","components":[],"nonce":"15537174811381674920","enforce_nonce":true,"tts":false} has returned 200
[2026-02-18 10:23:48] [DEBUG   ] discord.http: POST https://discord.com/api/v10/channels/1429927921279045782/messages has received {'type': 0, 'content': 'Start!\n_______________________\nQuestion 1: „Å°„Åã„Åè', 'mentions': [], 'mention_roles': [], 'attachments': [], 'embeds': [], 'timestamp': '2026-02-18T20:23:49.028000+00:00', 'edited_timestamp': None, 'flags': 0, 'components': [], 'id': '1473777045195718687', 'channel_id': '1429927921279045782', 'author': {'id': '1428646367278006377', 'username': 'jpn_game_bot', 'avatar': None, 'discriminator': '2672', 'public_flags': 0, 'flags': 0, 'bot': True, 'banner': None, 'accent_color': None, 'global_name': None, 'avatar_decoration_data': None, 'collectibles': None, 'display_name_styles': None, 'banner_color': None, 'clan': None, 'primary_guild': None}, 'pinned': False, 'mention_everyone': False, 'tts': False, 'nonce': '15537174811381674920'}
[2026-02-18 10:23:52] [DEBUG   ] discord.gateway: For Shard ID None: WebSocket Event: {'t': 'MESSAGE_CREATE', 's': 9, 'op': 0, 'd': {'type': 0, 'tts': False, 'timestamp': '2026-02-18T20:23:52.912000+00:00', 'pinned': False, 'nonce': '1473777058298462208', 'mentions': [], 'mention_roles': [], 'mention_everyone': False, 'id': '1473777061486268577', 'flags': 0, 'embeds': [], 'edited_timestamp': None, 'content': 'chikaku', 'components': [], 'channel_type': 1, 'channel_id': '1429927921279045782', 'author': {'username': 'funnyman1469', 'public_flags': 0, 'primary_guild': None, 'id': '621929387259985921', 'global_name': 'FUNNYMAN 1469', 'display_name_styles': None, 'discriminator': '0', 'collectibles': None, 'clan': None, 'avatar_decoration_data': None, 'avatar': 'd42f0c09648e8e0ba07480f6adfe506a'}, 'attachments': []}}
[2026-02-18 10:23:52] [DEBUG   ] discord.client: Dispatching event socket_event_type
[2026-02-18 10:23:52] [DEBUG   ] discord.client: Dispatching event message
[2026-02-18 10:23:52] [DEBUG   ] discord.gateway: For Shard ID None: WebSocket Event: {'t': 'MESSAGE_CREATE', 's': 10, 'op': 0, 'd': {'type': 0, 'tts': False, 'timestamp': '2026-02-18T20:23:53.302000+00:00', 'pinned': False, 'nonce': '17360529424521676552', 'mentions': [], 'mention_roles': [], 'mention_everyone': False, 'id': '1473777063122043002', 'flags': 0, 'embeds': [], 'edited_timestamp': None, 'content': 'Bonus Question! English meaning:', 'components': [], 'channel_type': 1, 'channel_id': '1429927921279045782', 'author': {'username': 'jpn_game_bot', 'public_flags': 0, 'primary_guild': None, 'id': '1428646367278006377', 'global_name': None, 'display_name_styles': None, 'discriminator': '2672', 'collectibles': None, 'clan': None, 'bot': True, 'avatar_decoration_data': None, 'avatar': None}, 'attachments': []}}
[2026-02-18 10:23:52] [DEBUG   ] discord.client: Dispatching event socket_event_type
[2026-02-18 10:23:52] [DEBUG   ] discord.client: Dispatching event message
[2026-02-18 10:23:52] [DEBUG   ] discord.http: POST https://discord.com/api/v10/channels/1429927921279045782/messages with {"content":"Bonus Question! English meaning:","components":[],"nonce":"17360529424521676552","enforce_nonce":true,"tts":false} has returned 200
[2026-02-18 10:23:53] [DEBUG   ] discord.http: POST https://discord.com/api/v10/channels/1429927921279045782/messages has received {'type': 0, 'content': 'Bonus Question! English meaning:', 'mentions': [], 'mention_roles': [], 'attachments': [], 'embeds': [], 'timestamp': '2026-02-18T20:23:53.302000+00:00', 'edited_timestamp': None, 'flags': 0, 'components': [], 'id': '1473777063122043002', 'channel_id': '1429927921279045782', 'author': {'id': '1428646367278006377', 'username': 'jpn_game_bot', 'avatar': None, 'discriminator': '2672', 'public_flags': 0, 'flags': 0, 'bot': True, 'banner': None, 'accent_color': None, 'global_name': None, 'avatar_decoration_data': None, 'collectibles': None, 'display_name_styles': None, 'banner_color': None, 'clan': None, 'primary_guild': None}, 'pinned': False, 'mention_everyone': False, 'tts': False, 'nonce': '17360529424521676552'}
[2026-02-18 10:23:56] [DEBUG   ] discord.gateway: For Shard ID None: WebSocket Event: {'t': 'MESSAGE_CREATE', 's': 11, 'op': 0, 'd': {'type': 0, 'tts': False, 'timestamp': '2026-02-18T20:23:56.467000+00:00', 'pinned': False, 'nonce': '1473777073481842688', 'mentions': [], 'mention_roles': [], 'mention_everyone': False, 'id': '1473777076396884099', 'flags': 0, 'embeds': [], 'edited_timestamp': None, 'content': 'close', 'components': [], 'channel_type': 1, 'channel_id': '1429927921279045782', 'author': {'username': 'funnyman1469', 'public_flags': 0, 'primary_guild': None, 'id': '621929387259985921', 'global_name': 'FUNNYMAN 1469', 'display_name_styles': None, 'discriminator': '0', 'collectibles': None, 'clan': None, 'avatar_decoration_data': None, 'avatar': 'd42f0c09648e8e0ba07480f6adfe506a'}, 'attachments': []}}
[2026-02-18 10:23:56] [DEBUG   ] discord.client: Dispatching event socket_event_type
[2026-02-18 10:23:56] [DEBUG   ] discord.client: Dispatching event message
[2026-02-18 10:23:56] [DEBUG   ] discord.gateway: For Shard ID None: WebSocket Event: {'t': 'MESSAGE_CREATE', 's': 12, 'op': 0, 'd': {'type': 0, 'tts': False, 'timestamp': '2026-02-18T20:23:57.058000+00:00', 'pinned': False, 'nonce': '9718831960496747853', 'mentions': [], 'mention_roles': [], 'mention_everyone': False, 'id': '1473777078875980009', 'flags': 0, 'embeds': [], 'edited_timestamp': None, 'content': 'Question 2: „Å™„Åæ„Åà', 'components': [], 'channel_type': 1, 'channel_id': '1429927921279045782', 'author': {'username': 'jpn_game_bot', 'public_flags': 0, 'primary_guild': None, 'id': '1428646367278006377', 'global_name': None, 'display_name_styles': None, 'discriminator': '2672', 'collectibles': None, 'clan': None, 'bot': True, 'avatar_decoration_data': None, 'avatar': None}, 'attachments': []}}
[2026-02-18 10:23:56] [DEBUG   ] discord.client: Dispatching event socket_event_type
[2026-02-18 10:23:56] [DEBUG   ] discord.client: Dispatching event message
[2026-02-18 10:23:56] [DEBUG   ] discord.http: POST https://discord.com/api/v10/channels/1429927921279045782/messages with {"content":"Question 2: \u306a\u307e\u3048","components":[],"nonce":"9718831960496747853","enforce_nonce":true,"tts":false} has returned 200
[2026-02-18 10:23:56] [DEBUG   ] discord.http: POST https://discord.com/api/v10/channels/1429927921279045782/messages has received {'type': 0, 'content': 'Question 2: „Å™„Åæ„Åà', 'mentions': [], 'mention_roles': [], 'attachments': [], 'embeds': [], 'timestamp': '2026-02-18T20:23:57.058000+00:00', 'edited_timestamp': None, 'flags': 0, 'components': [], 'id': '1473777078875980009', 'channel_id': '1429927921279045782', 'author': {'id': '1428646367278006377', 'username': 'jpn_game_bot', 'avatar': None, 'discriminator': '2672', 'public_flags': 0, 'flags': 0, 'bot': True, 'banner': None, 'accent_color': None, 'global_name': None, 'avatar_decoration_data': None, 'collectibles': None, 'display_name_styles': None, 'banner_color': None, 'clan': None, 'primary_guild': None}, 'pinned': False, 'mention_everyone': False, 'tts': False, 'nonce': '9718831960496747853'}
[2026-02-18 10:23:59] [DEBUG   ] discord.gateway: For Shard ID None: WebSocket Event: {'t': 'MESSAGE_CREATE', 's': 13, 'op': 0, 'd': {'type': 0, 'tts': False, 'timestamp': '2026-02-18T20:23:59.758000+00:00', 'pinned': False, 'nonce': '1473777087234965504', 'mentions': [], 'mention_roles': [], 'mention_everyone': False, 'id': '1473777090200342558', 'flags': 0, 'embeds': [], 'edited_timestamp': None, 'content': 'namae', 'components': [], 'channel_type': 1, 'channel_id': '1429927921279045782', 'author': {'username': 'funnyman1469', 'public_flags': 0, 'primary_guild': None, 'id': '621929387259985921', 'global_name': 'FUNNYMAN 1469', 'display_name_styles': None, 'discriminator': '0', 'collectibles': None, 'clan': None, 'avatar_decoration_data': None, 'avatar': 'd42f0c09648e8e0ba07480f6adfe506a'}, 'attachments': []}}
[2026-02-18 10:23:59] [DEBUG   ] discord.client: Dispatching event socket_event_type
[2026-02-18 10:23:59] [DEBUG   ] discord.client: Dispatching event message
[2026-02-18 10:23:59] [DEBUG   ] discord.gateway: For Shard ID None: WebSocket Event: {'t': 'MESSAGE_CREATE', 's': 14, 'op': 0, 'd': {'type': 0, 'tts': False, 'timestamp': '2026-02-18T20:24:00.127000+00:00', 'pinned': False, 'nonce': '3887528043221601643', 'mentions': [], 'mention_roles': [], 'mention_everyone': False, 'id': '1473777091748167724', 'flags': 0, 'embeds': [], 'edited_timestamp': None, 'content': 'Bonus Question! English meaning:', 'components': [], 'channel_type': 1, 'channel_id': '1429927921279045782', 'author': {'username': 'jpn_game_bot', 'public_flags': 0, 'primary_guild': None, 'id': '1428646367278006377', 'global_name': None, 'display_name_styles': None, 'discriminator': '2672', 'collectibles': None, 'clan': None, 'bot': True, 'avatar_decoration_data': None, 'avatar': None}, 'attachments': []}}
[2026-02-18 10:23:59] [DEBUG   ] discord.client: Dispatching event socket_event_type
[2026-02-18 10:23:59] [DEBUG   ] discord.client: Dispatching event message
[2026-02-18 10:24:00] [DEBUG   ] discord.http: POST https://discord.com/api/v10/channels/1429927921279045782/messages with {"content":"Bonus Question! English meaning:","components":[],"nonce":"3887528043221601643","enforce_nonce":true,"tts":false} has returned 200
[2026-02-18 10:24:00] [DEBUG   ] discord.http: POST https://discord.com/api/v10/channels/1429927921279045782/messages has received {'type': 0, 'content': 'Bonus Question! English meaning:', 'mentions': [], 'mention_roles': [], 'attachments': [], 'embeds': [], 'timestamp': '2026-02-18T20:24:00.127000+00:00', 'edited_timestamp': None, 'flags': 0, 'components': [], 'id': '1473777091748167724', 'channel_id': '1429927921279045782', 'author': {'id': '1428646367278006377', 'username': 'jpn_game_bot', 'avatar': None, 'discriminator': '2672', 'public_flags': 0, 'flags': 0, 'bot': True, 'banner': None, 'accent_color': None, 'global_name': None, 'avatar_decoration_data': None, 'collectibles': None, 'display_name_styles': None, 'banner_color': None, 'clan': None, 'primary_guild': None}, 'pinned': False, 'mention_everyone': False, 'tts': False, 'nonce': '3887528043221601643'}
[2026-02-18 10:24:01] [DEBUG   ] discord.gateway: For Shard ID None: WebSocket Event: {'t': 'MESSAGE_CREATE', 's': 15, 'op': 0, 'd': {'type': 0, 'tts': False, 'timestamp': '2026-02-18T20:24:01.372000+00:00', 'pinned': False, 'nonce': '1473777093807439872', 'mentions': [], 'mention_roles': [], 'mention_everyone': False, 'id': '1473777096970076232', 'flags': 0, 'embeds': [], 'edited_timestamp': None, 'content': 'name', 'components': [], 'channel_type': 1, 'channel_id': '1429927921279045782', 'author': {'username': 'funnyman1469', 'public_flags': 0, 'primary_guild': None, 'id': '621929387259985921', 'global_name': 'FUNNYMAN 1469', 'display_name_styles': None, 'discriminator': '0', 'collectibles': None, 'clan': None, 'avatar_decoration_data': None, 'avatar': 'd42f0c09648e8e0ba07480f6adfe506a'}, 'attachments': []}}
[2026-02-18 10:24:01] [DEBUG   ] discord.client: Dispatching event socket_event_type
[2026-02-18 10:24:01] [DEBUG   ] discord.client: Dispatching event message
[2026-02-18 10:24:01] [DEBUG   ] discord.gateway: For Shard ID None: WebSocket Event: {'t': 'MESSAGE_CREATE', 's': 16, 'op': 0, 'd': {'type': 0, 'tts': False, 'timestamp': '2026-02-18T20:24:02.031000+00:00', 'pinned': False, 'nonce': '13360754780374088992', 'mentions': [], 'mention_roles': [], 'mention_everyone': False, 'id': '1473777099734126645', 'flags': 0, 'embeds': [], 'edited_timestamp': None, 'content': 'Question 3: „ÅÑ„Åæ', 'components': [], 'channel_type': 1, 'channel_id': '1429927921279045782', 'author': {'username': 'jpn_game_bot', 'public_flags': 0, 'primary_guild': None, 'id': '1428646367278006377', 'global_name': None, 'display_name_styles': None, 'discriminator': '2672', 'collectibles': None, 'clan': None, 'bot': True, 'avatar_decoration_data': None, 'avatar': None}, 'attachments': []}}
[2026-02-18 10:24:01] [DEBUG   ] discord.client: Dispatching event socket_event_type
[2026-02-18 10:24:01] [DEBUG   ] discord.client: Dispatching event message
[2026-02-18 10:24:01] [DEBUG   ] discord.http: POST https://discord.com/api/v10/channels/1429927921279045782/messages with {"content":"Question 3: \u3044\u307e","components":[],"nonce":"13360754780374088992","enforce_nonce":true,"tts":false} has returned 200
[2026-02-18 10:24:01] [DEBUG   ] discord.http: POST https://discord.com/api/v10/channels/1429927921279045782/messages has received {'type': 0, 'content': 'Question 3: „ÅÑ„Åæ', 'mentions': [], 'mention_roles': [], 'attachments': [], 'embeds': [], 'timestamp': '2026-02-18T20:24:02.031000+00:00', 'edited_timestamp': None, 'flags': 0, 'components': [], 'id': '1473777099734126645', 'channel_id': '1429927921279045782', 'author': {'id': '1428646367278006377', 'username': 'jpn_game_bot', 'avatar': None, 'discriminator': '2672', 'public_flags': 0, 'flags': 0, 'bot': True, 'banner': None, 'accent_color': None, 'global_name': None, 'avatar_decoration_data': None, 'collectibles': None, 'display_name_styles': None, 'banner_color': None, 'clan': None, 'primary_guild': None}, 'pinned': False, 'mention_everyone': False, 'tts': False, 'nonce': '13360754780374088992'}
[2026-02-18 10:24:04] [DEBUG   ] discord.gateway: For Shard ID None: WebSocket Event: {'t': 'MESSAGE_CREATE', 's': 17, 'op': 0, 'd': {'type': 0, 'tts': False, 'timestamp': '2026-02-18T20:24:04.224000+00:00', 'pinned': False, 'nonce': '1473777105496965120', 'mentions': [], 'mention_roles': [], 'mention_everyone': False, 'id': '1473777108932362483', 'flags': 0, 'embeds': [], 'edited_timestamp': None, 'content': 'ima', 'components': [], 'channel_type': 1, 'channel_id': '1429927921279045782', 'author': {'username': 'funnyman1469', 'public_flags': 0, 'primary_guild': None, 'id': '621929387259985921', 'global_name': 'FUNNYMAN 1469', 'display_name_styles': None, 'discriminator': '0', 'collectibles': None, 'clan': None, 'avatar_decoration_data': None, 'avatar': 'd42f0c09648e8e0ba07480f6adfe506a'}, 'attachments': []}}
[2026-02-18 10:24:04] [DEBUG   ] discord.client: Dispatching event socket_event_type
[2026-02-18 10:24:04] [DEBUG   ] discord.client: Dispatching event message
[2026-02-18 10:24:04] [DEBUG   ] discord.gateway: For Shard ID None: WebSocket Event: {'t': 'MESSAGE_CREATE', 's': 18, 'op': 0, 'd': {'type': 0, 'tts': False, 'timestamp': '2026-02-18T20:24:05+00:00', 'pinned': False, 'nonce': '11435905728188424309', 'mentions': [], 'mention_roles': [], 'mention_everyone': False, 'id': '1473777112187011195', 'flags': 0, 'embeds': [], 'edited_timestamp': None, 'content': 'Bonus Question! English meaning:', 'components': [], 'channel_type': 1, 'channel_id': '1429927921279045782', 'author': {'username': 'jpn_game_bot', 'public_flags': 0, 'primary_guild': None, 'id': '1428646367278006377', 'global_name': None, 'display_name_styles': None, 'discriminator': '2672', 'collectibles': None, 'clan': None, 'bot': True, 'avatar_decoration_data': None, 'avatar': None}, 'attachments': []}}
[2026-02-18 10:24:04] [DEBUG   ] discord.client: Dispatching event socket_event_type
[2026-02-18 10:24:04] [DEBUG   ] discord.client: Dispatching event message
[2026-02-18 10:24:04] [DEBUG   ] discord.http: POST https://discord.com/api/v10/channels/1429927921279045782/messages with {"content":"Bonus Question! English meaning:","components":[],"nonce":"11435905728188424309","enforce_nonce":true,"tts":false} has returned 200
[2026-02-18 10:24:04] [DEBUG   ] discord.http: POST https://discord.com/api/v10/channels/1429927921279045782/messages has received {'type': 0, 'content': 'Bonus Question! English meaning:', 'mentions': [], 'mention_roles': [], 'attachments': [], 'embeds': [], 'timestamp': '2026-02-18T20:24:05+00:00', 'edited_timestamp': None, 'flags': 0, 'components': [], 'id': '1473777112187011195', 'channel_id': '1429927921279045782', 'author': {'id': '1428646367278006377', 'username': 'jpn_game_bot', 'avatar': None, 'discriminator': '2672', 'public_flags': 0, 'flags': 0, 'bot': True, 'banner': None, 'accent_color': None, 'global_name': None, 'avatar_decoration_data': None, 'collectibles': None, 'display_name_styles': None, 'banner_color': None, 'clan': None, 'primary_guild': None}, 'pinned': False, 'mention_everyone': False, 'tts': False, 'nonce': '11435905728188424309'}
[2026-02-18 10:24:05] [DEBUG   ] discord.gateway: For Shard ID None: WebSocket Event: {'t': 'MESSAGE_CREATE', 's': 19, 'op': 0, 'd': {'type': 0, 'tts': False, 'timestamp': '2026-02-18T20:24:06+00:00', 'pinned': False, 'nonce': '1473777113390645248', 'mentions': [], 'mention_roles': [], 'mention_everyone': False, 'id': '1473777116381188259', 'flags': 0, 'embeds': [], 'edited_timestamp': None, 'content': 'now', 'components': [], 'channel_type': 1, 'channel_id': '1429927921279045782', 'author': {'username': 'funnyman1469', 'public_flags': 0, 'primary_guild': None, 'id': '621929387259985921', 'global_name': 'FUNNYMAN 1469', 'display_name_styles': None, 'discriminator': '0', 'collectibles': None, 'clan': None, 'avatar_decoration_data': None, 'avatar': 'd42f0c09648e8e0ba07480f6adfe506a'}, 'attachments': []}}
[2026-02-18 10:24:05] [DEBUG   ] discord.client: Dispatching event socket_event_type
[2026-02-18 10:24:05] [DEBUG   ] discord.client: Dispatching event message
[2026-02-18 10:24:06] [DEBUG   ] discord.gateway: For Shard ID None: WebSocket Event: {'t': 'MESSAGE_CREATE', 's': 20, 'op': 0, 'd': {'type': 0, 'tts': False, 'timestamp': '2026-02-18T20:24:06.580000+00:00', 'pinned': False, 'nonce': '2754106454218075974', 'mentions': [], 'mention_roles': [], 'mention_everyone': False, 'id': '1473777118813884510', 'flags': 0, 'embeds': [], 'edited_timestamp': None, 'content': 'Question 4: „Åà„Çì„Åí„Åç', 'components': [], 'channel_type': 1, 'channel_id': '1429927921279045782', 'author': {'username': 'jpn_game_bot', 'public_flags': 0, 'primary_guild': None, 'id': '1428646367278006377', 'global_name': None, 'display_name_styles': None, 'discriminator': '2672', 'collectibles': None, 'clan': None, 'bot': True, 'avatar_decoration_data': None, 'avatar': None}, 'attachments': []}}
[2026-02-18 10:24:06] [DEBUG   ] discord.client: Dispatching event socket_event_type
[2026-02-18 10:24:06] [DEBUG   ] discord.client: Dispatching event message
[2026-02-18 10:24:06] [DEBUG   ] discord.http: POST https://discord.com/api/v10/channels/1429927921279045782/messages with {"content":"Question 4: \u3048\u3093\u3052\u304d","components":[],"nonce":"2754106454218075974","enforce_nonce":true,"tts":false} has returned 200
[2026-02-18 10:24:06] [DEBUG   ] discord.http: POST https://discord.com/api/v10/channels/1429927921279045782/messages has received {'type': 0, 'content': 'Question 4: „Åà„Çì„Åí„Åç', 'mentions': [], 'mention_roles': [], 'attachments': [], 'embeds': [], 'timestamp': '2026-02-18T20:24:06.580000+00:00', 'edited_timestamp': None, 'flags': 0, 'components': [], 'id': '1473777118813884510', 'channel_id': '1429927921279045782', 'author': {'id': '1428646367278006377', 'username': 'jpn_game_bot', 'avatar': None, 'discriminator': '2672', 'public_flags': 0, 'flags': 0, 'bot': True, 'banner': None, 'accent_color': None, 'global_name': None, 'avatar_decoration_data': None, 'collectibles': None, 'display_name_styles': None, 'banner_color': None, 'clan': None, 'primary_guild': None}, 'pinned': False, 'mention_everyone': False, 'tts': False, 'nonce': '2754106454218075974'}
[2026-02-18 10:24:10] [DEBUG   ] discord.gateway: For Shard ID None: WebSocket Event: {'t': 'TYPING_START', 's': 21, 'op': 0, 'd': {'user_id': '621929387259985921', 'timestamp': 1771446251, 'channel_id': '1429927921279045782'}}
[2026-02-18 10:24:10] [DEBUG   ] discord.client: Dispatching event socket_event_type
[2026-02-18 10:24:10] [DEBUG   ] discord.client: Dispatching event typing
[2026-02-18 10:24:10] [DEBUG   ] discord.client: Dispatching event raw_typing
[2026-02-18 10:24:11] [DEBUG   ] discord.gateway: For Shard ID None: WebSocket Event: {'t': 'MESSAGE_CREATE', 's': 22, 'op': 0, 'd': {'type': 0, 'tts': False, 'timestamp': '2026-02-18T20:24:11.426000+00:00', 'pinned': False, 'nonce': '1473777136249602048', 'mentions': [], 'mention_roles': [], 'mention_everyone': False, 'id': '1473777139139608877', 'flags': 0, 'embeds': [], 'edited_timestamp': None, 'content': 'engeki', 'components': [], 'channel_type': 1, 'channel_id': '1429927921279045782', 'author': {'username': 'funnyman1469', 'public_flags': 0, 'primary_guild': None, 'id': '621929387259985921', 'global_name': 'FUNNYMAN 1469', 'display_name_styles': None, 'discriminator': '0', 'collectibles': None, 'clan': None, 'avatar_decoration_data': None, 'avatar': 'd42f0c09648e8e0ba07480f6adfe506a'}, 'attachments': []}}
[2026-02-18 10:24:11] [DEBUG   ] discord.client: Dispatching event socket_event_type
[2026-02-18 10:24:11] [DEBUG   ] discord.client: Dispatching event message
[2026-02-18 10:24:11] [DEBUG   ] discord.gateway: For Shard ID None: WebSocket Event: {'t': 'MESSAGE_CREATE', 's': 23, 'op': 0, 'd': {'type': 0, 'tts': False, 'timestamp': '2026-02-18T20:24:11.835000+00:00', 'pinned': False, 'nonce': '6017859130814929031', 'mentions': [], 'mention_roles': [], 'mention_everyone': False, 'id': '1473777140855210066', 'flags': 0, 'embeds': [], 'edited_timestamp': None, 'content': 'Bonus Question! English meaning:', 'components': [], 'channel_type': 1, 'channel_id': '1429927921279045782', 'author': {'username': 'jpn_game_bot', 'public_flags': 0, 'primary_guild': None, 'id': '1428646367278006377', 'global_name': None, 'display_name_styles': None, 'discriminator': '2672', 'collectibles': None, 'clan': None, 'bot': True, 'avatar_decoration_data': None, 'avatar': None}, 'attachments': []}}
[2026-02-18 10:24:11] [DEBUG   ] discord.client: Dispatching event socket_event_type
[2026-02-18 10:24:11] [DEBUG   ] discord.client: Dispatching event message
[2026-02-18 10:24:11] [DEBUG   ] discord.http: POST https://discord.com/api/v10/channels/1429927921279045782/messages with {"content":"Bonus Question! English meaning:","components":[],"nonce":"6017859130814929031","enforce_nonce":true,"tts":false} has returned 200
[2026-02-18 10:24:11] [DEBUG   ] discord.http: POST https://discord.com/api/v10/channels/1429927921279045782/messages has received {'type': 0, 'content': 'Bonus Question! English meaning:', 'mentions': [], 'mention_roles': [], 'attachments': [], 'embeds': [], 'timestamp': '2026-02-18T20:24:11.835000+00:00', 'edited_timestamp': None, 'flags': 0, 'components': [], 'id': '1473777140855210066', 'channel_id': '1429927921279045782', 'author': {'id': '1428646367278006377', 'username': 'jpn_game_bot', 'avatar': None, 'discriminator': '2672', 'public_flags': 0, 'flags': 0, 'bot': True, 'banner': None, 'accent_color': None, 'global_name': None, 'avatar_decoration_data': None, 'collectibles': None, 'display_name_styles': None, 'banner_color': None, 'clan': None, 'primary_guild': None}, 'pinned': False, 'mention_everyone': False, 'tts': False, 'nonce': '6017859130814929031'}
[2026-02-18 10:24:14] [DEBUG   ] discord.gateway: For Shard ID None: WebSocket Event: {'t': 'MESSAGE_CREATE', 's': 24, 'op': 0, 'd': {'type': 0, 'tts': False, 'timestamp': '2026-02-18T20:24:14.140000+00:00', 'pinned': False, 'nonce': '1473777147536474112', 'mentions': [], 'mention_roles': [], 'mention_everyone': False, 'id': '1473777150523080724', 'flags': 0, 'embeds': [], 'edited_timestamp': None, 'content': 'electricty', 'components': [], 'channel_type': 1, 'channel_id': '1429927921279045782', 'author': {'username': 'funnyman1469', 'public_flags': 0, 'primary_guild': None, 'id': '621929387259985921', 'global_name': 'FUNNYMAN 1469', 'display_name_styles': None, 'discriminator': '0', 'collectibles': None, 'clan': None, 'avatar_decoration_data': None, 'avatar': 'd42f0c09648e8e0ba07480f6adfe506a'}, 'attachments': []}}
[2026-02-18 10:24:14] [DEBUG   ] discord.client: Dispatching event socket_event_type
[2026-02-18 10:24:14] [DEBUG   ] discord.client: Dispatching event message
[2026-02-18 10:24:14] [DEBUG   ] discord.gateway: For Shard ID None: WebSocket Event: {'t': 'MESSAGE_CREATE', 's': 25, 'op': 0, 'd': {'type': 0, 'tts': False, 'timestamp': '2026-02-18T20:24:14.872000+00:00', 'pinned': False, 'nonce': '15739972434857046781', 'mentions': [], 'mention_roles': [], 'mention_everyone': False, 'id': '1473777153593315520', 'flags': 0, 'embeds': [], 'edited_timestamp': None, 'content': 'Question 5: „Åå„Å£„Åì„ÅÜ', 'components': [], 'channel_type': 1, 'channel_id': '1429927921279045782', 'author': {'username': 'jpn_game_bot', 'public_flags': 0, 'primary_guild': None, 'id': '1428646367278006377', 'global_name': None, 'display_name_styles': None, 'discriminator': '2672', 'collectibles': None, 'clan': None, 'bot': True, 'avatar_decoration_data': None, 'avatar': None}, 'attachments': []}}
[2026-02-18 10:24:14] [DEBUG   ] discord.client: Dispatching event socket_event_type
[2026-02-18 10:24:14] [DEBUG   ] discord.client: Dispatching event message
[2026-02-18 10:24:14] [DEBUG   ] discord.http: POST https://discord.com/api/v10/channels/1429927921279045782/messages with {"content":"Question 5: \u304c\u3063\u3053\u3046","components":[],"nonce":"15739972434857046781","enforce_nonce":true,"tts":false} has returned 200
[2026-02-18 10:24:14] [DEBUG   ] discord.http: POST https://discord.com/api/v10/channels/1429927921279045782/messages has received {'type': 0, 'content': 'Question 5: „Åå„Å£„Åì„ÅÜ', 'mentions': [], 'mention_roles': [], 'attachments': [], 'embeds': [], 'timestamp': '2026-02-18T20:24:14.872000+00:00', 'edited_timestamp': None, 'flags': 0, 'components': [], 'id': '1473777153593315520', 'channel_id': '1429927921279045782', 'author': {'id': '1428646367278006377', 'username': 'jpn_game_bot', 'avatar': None, 'discriminator': '2672', 'public_flags': 0, 'flags': 0, 'bot': True, 'banner': None, 'accent_color': None, 'global_name': None, 'avatar_decoration_data': None, 'collectibles': None, 'display_name_styles': None, 'banner_color': None, 'clan': None, 'primary_guild': None}, 'pinned': False, 'mention_everyone': False, 'tts': False, 'nonce': '15739972434857046781'}
[2026-02-18 10:24:17] [DEBUG   ] discord.gateway: For Shard ID None: WebSocket Event: {'t': 'TYPING_START', 's': 26, 'op': 0, 'd': {'user_id': '621929387259985921', 'timestamp': 1771446258, 'channel_id': '1429927921279045782'}}
[2026-02-18 10:24:17] [DEBUG   ] discord.client: Dispatching event socket_event_type
[2026-02-18 10:24:17] [DEBUG   ] discord.client: Dispatching event typing
[2026-02-18 10:24:17] [DEBUG   ] discord.client: Dispatching event raw_typing
[2026-02-18 10:24:18] [DEBUG   ] discord.gateway: Keeping shard ID None websocket alive with sequence 26.
[2026-02-18 10:24:18] [DEBUG   ] discord.gateway: For Shard ID None: WebSocket Event: {'t': None, 's': None, 'op': 11, 'd': None}
[2026-02-18 10:24:20] [DEBUG   ] discord.gateway: For Shard ID None: WebSocket Event: {'t': 'MESSAGE_CREATE', 's': 27, 'op': 0, 'd': {'type': 0, 'tts': False, 'timestamp': '2026-02-18T20:24:20.680000+00:00', 'pinned': False, 'nonce': '1473777174652649472', 'mentions': [], 'mention_roles': [], 'mention_everyone': False, 'id': '1473777177953566823', 'flags': 0, 'embeds': [], 'edited_timestamp': None, 'content': 'gakkoo', 'components': [], 'channel_type': 1, 'channel_id': '1429927921279045782', 'author': {'username': 'funnyman1469', 'public_flags': 0, 'primary_guild': None, 'id': '621929387259985921', 'global_name': 'FUNNYMAN 1469', 'display_name_styles': None, 'discriminator': '0', 'collectibles': None, 'clan': None, 'avatar_decoration_data': None, 'avatar': 'd42f0c09648e8e0ba07480f6adfe506a'}, 'attachments': []}}
[2026-02-18 10:24:20] [DEBUG   ] discord.client: Dispatching event socket_event_type
[2026-02-18 10:24:20] [DEBUG   ] discord.client: Dispatching event message
[2026-02-18 10:24:20] [DEBUG   ] discord.gateway: For Shard ID None: WebSocket Event: {'t': 'MESSAGE_CREATE', 's': 28, 'op': 0, 'd': {'type': 0, 'tts': False, 'timestamp': '2026-02-18T20:24:21.145000+00:00', 'pinned': False, 'nonce': '1744416862602226122', 'mentions': [], 'mention_roles': [], 'mention_everyone': False, 'id': '1473777179903922207', 'flags': 0, 'embeds': [], 'edited_timestamp': None, 'content': 'Bonus Question! English meaning:', 'components': [], 'channel_type': 1, 'channel_id': '1429927921279045782', 'author': {'username': 'jpn_game_bot', 'public_flags': 0, 'primary_guild': None, 'id': '1428646367278006377', 'global_name': None, 'display_name_styles': None, 'discriminator': '2672', 'collectibles': None, 'clan': None, 'bot': True, 'avatar_decoration_data': None, 'avatar': None}, 'attachments': []}}
[2026-02-18 10:24:20] [DEBUG   ] discord.client: Dispatching event socket_event_type
[2026-02-18 10:24:20] [DEBUG   ] discord.client: Dispatching event message
[2026-02-18 10:24:20] [DEBUG   ] discord.http: POST https://discord.com/api/v10/channels/1429927921279045782/messages with {"content":"Bonus Question! English meaning:","components":[],"nonce":"1744416862602226122","enforce_nonce":true,"tts":false} has returned 200
[2026-02-18 10:24:21] [DEBUG   ] discord.http: POST https://discord.com/api/v10/channels/1429927921279045782/messages has received {'type': 0, 'content': 'Bonus Question! English meaning:', 'mentions': [], 'mention_roles': [], 'attachments': [], 'embeds': [], 'timestamp': '2026-02-18T20:24:21.145000+00:00', 'edited_timestamp': None, 'flags': 0, 'components': [], 'id': '1473777179903922207', 'channel_id': '1429927921279045782', 'author': {'id': '1428646367278006377', 'username': 'jpn_game_bot', 'avatar': None, 'discriminator': '2672', 'public_flags': 0, 'flags': 0, 'bot': True, 'banner': None, 'accent_color': None, 'global_name': None, 'avatar_decoration_data': None, 'collectibles': None, 'display_name_styles': None, 'banner_color': None, 'clan': None, 'primary_guild': None}, 'pinned': False, 'mention_everyone': False, 'tts': False, 'nonce': '1744416862602226122'}
[2026-02-18 10:24:22] [DEBUG   ] discord.gateway: For Shard ID None: WebSocket Event: {'t': 'MESSAGE_CREATE', 's': 29, 'op': 0, 'd': {'type': 0, 'tts': False, 'timestamp': '2026-02-18T20:24:22.754000+00:00', 'pinned': False, 'nonce': '1473777183632654336', 'mentions': [], 'mention_roles': [], 'mention_everyone': False, 'id': '1473777186652688602', 'flags': 0, 'embeds': [], 'edited_timestamp': None, 'content': 'student', 'components': [], 'channel_type': 1, 'channel_id': '1429927921279045782', 'author': {'username': 'funnyman1469', 'public_flags': 0, 'primary_guild': None, 'id': '621929387259985921', 'global_name': 'FUNNYMAN 1469', 'display_name_styles': None, 'discriminator': '0', 'collectibles': None, 'clan': None, 'avatar_decoration_data': None, 'avatar': 'd42f0c09648e8e0ba07480f6adfe506a'}, 'attachments': []}}
[2026-02-18 10:24:22] [DEBUG   ] discord.client: Dispatching event socket_event_type
[2026-02-18 10:24:22] [DEBUG   ] discord.client: Dispatching event message
[2026-02-18 10:24:22] [DEBUG   ] discord.gateway: For Shard ID None: WebSocket Event: {'t': 'MESSAGE_CREATE', 's': 30, 'op': 0, 'd': {'type': 0, 'tts': False, 'timestamp': '2026-02-18T20:24:23.092000+00:00', 'pinned': False, 'nonce': '8189988918413261126', 'mentions': [], 'mention_roles': [], 'mention_everyone': False, 'id': '1473777188070363303', 'flags': 0, 'embeds': [], 'edited_timestamp': None, 'content': 'Question 6: „Åô„ÅÑ„Çà„ÅÜ„Å≥', 'components': [], 'channel_type': 1, 'channel_id': '1429927921279045782', 'author': {'username': 'jpn_game_bot', 'public_flags': 0, 'primary_guild': None, 'id': '1428646367278006377', 'global_name': None, 'display_name_styles': None, 'discriminator': '2672', 'collectibles': None, 'clan': None, 'bot': True, 'avatar_decoration_data': None, 'avatar': None}, 'attachments': []}}
[2026-02-18 10:24:22] [DEBUG   ] discord.client: Dispatching event socket_event_type
[2026-02-18 10:24:22] [DEBUG   ] discord.client: Dispatching event message
[2026-02-18 10:24:22] [DEBUG   ] discord.http: POST https://discord.com/api/v10/channels/1429927921279045782/messages with {"content":"Question 6: \u3059\u3044\u3088\u3046\u3073","components":[],"nonce":"8189988918413261126","enforce_nonce":true,"tts":false} has returned 200
[2026-02-18 10:24:22] [DEBUG   ] discord.http: POST https://discord.com/api/v10/channels/1429927921279045782/messages has received {'type': 0, 'content': 'Question 6: „Åô„ÅÑ„Çà„ÅÜ„Å≥', 'mentions': [], 'mention_roles': [], 'attachments': [], 'embeds': [], 'timestamp': '2026-02-18T20:24:23.092000+00:00', 'edited_timestamp': None, 'flags': 0, 'components': [], 'id': '1473777188070363303', 'channel_id': '1429927921279045782', 'author': {'id': '1428646367278006377', 'username': 'jpn_game_bot', 'avatar': None, 'discriminator': '2672', 'public_flags': 0, 'flags': 0, 'bot': True, 'banner': None, 'accent_color': None, 'global_name': None, 'avatar_decoration_data': None, 'collectibles': None, 'display_name_styles': None, 'banner_color': None, 'clan': None, 'primary_guild': None}, 'pinned': False, 'mention_everyone': False, 'tts': False, 'nonce': '8189988918413261126'}
[2026-02-18 10:24:25] [DEBUG   ] discord.gateway: For Shard ID None: WebSocket Event: {'t': 'TYPING_START', 's': 31, 'op': 0, 'd': {'user_id': '621929387259985921', 'timestamp': 1771446266, 'channel_id': '1429927921279045782'}}
[2026-02-18 10:24:25] [DEBUG   ] discord.client: Dispatching event socket_event_type
[2026-02-18 10:24:25] [DEBUG   ] discord.client: Dispatching event typing
[2026-02-18 10:24:25] [DEBUG   ] discord.client: Dispatching event raw_typing
[2026-02-18 10:24:26] [DEBUG   ] discord.gateway: For Shard ID None: WebSocket Event: {'t': 'MESSAGE_CREATE', 's': 32, 'op': 0, 'd': {'type': 0, 'tts': False, 'timestamp': '2026-02-18T20:24:26.937000+00:00', 'pinned': False, 'nonce': '1473777201366171648', 'mentions': [], 'mention_roles': [], 'mention_everyone': False, 'id': '1473777204197589094', 'flags': 0, 'embeds': [], 'edited_timestamp': None, 'content': 'suiyoobi', 'components': [], 'channel_type': 1, 'channel_id': '1429927921279045782', 'author': {'username': 'funnyman1469', 'public_flags': 0, 'primary_guild': None, 'id': '621929387259985921', 'global_name': 'FUNNYMAN 1469', 'display_name_styles': None, 'discriminator': '0', 'collectibles': None, 'clan': None, 'avatar_decoration_data': None, 'avatar': 'd42f0c09648e8e0ba07480f6adfe506a'}, 'attachments': []}}
[2026-02-18 10:24:26] [DEBUG   ] discord.client: Dispatching event socket_event_type
[2026-02-18 10:24:26] [DEBUG   ] discord.client: Dispatching event message
[2026-02-18 10:24:27] [DEBUG   ] discord.gateway: For Shard ID None: WebSocket Event: {'t': 'MESSAGE_CREATE', 's': 33, 'op': 0, 'd': {'type': 0, 'tts': False, 'timestamp': '2026-02-18T20:24:27.319000+00:00', 'pinned': False, 'nonce': '7449730992330052584', 'mentions': [], 'mention_roles': [], 'mention_everyone': False, 'id': '1473777205799551263', 'flags': 0, 'embeds': [], 'edited_timestamp': None, 'content': 'Bonus Question! English meaning:', 'components': [], 'channel_type': 1, 'channel_id': '1429927921279045782', 'author': {'username': 'jpn_game_bot', 'public_flags': 0, 'primary_guild': None, 'id': '1428646367278006377', 'global_name': None, 'display_name_styles': None, 'discriminator': '2672', 'collectibles': None, 'clan': None, 'bot': True, 'avatar_decoration_data': None, 'avatar': None}, 'attachments': []}}
[2026-02-18 10:24:27] [DEBUG   ] discord.client: Dispatching event socket_event_type
[2026-02-18 10:24:27] [DEBUG   ] discord.client: Dispatching event message
[2026-02-18 10:24:27] [DEBUG   ] discord.http: POST https://discord.com/api/v10/channels/1429927921279045782/messages with {"content":"Bonus Question! English meaning:","components":[],"nonce":"7449730992330052584","enforce_nonce":true,"tts":false} has returned 200
[2026-02-18 10:24:27] [DEBUG   ] discord.http: POST https://discord.com/api/v10/channels/1429927921279045782/messages has received {'type': 0, 'content': 'Bonus Question! English meaning:', 'mentions': [], 'mention_roles': [], 'attachments': [], 'embeds': [], 'timestamp': '2026-02-18T20:24:27.319000+00:00', 'edited_timestamp': None, 'flags': 0, 'components': [], 'id': '1473777205799551263', 'channel_id': '1429927921279045782', 'author': {'id': '1428646367278006377', 'username': 'jpn_game_bot', 'avatar': None, 'discriminator': '2672', 'public_flags': 0, 'flags': 0, 'bot': True, 'banner': None, 'accent_color': None, 'global_name': None, 'avatar_decoration_data': None, 'collectibles': None, 'display_name_styles': None, 'banner_color': None, 'clan': None, 'primary_guild': None}, 'pinned': False, 'mention_everyone': False, 'tts': False, 'nonce': '7449730992330052584'}
[2026-02-18 10:24:28] [DEBUG   ] discord.gateway: For Shard ID None: WebSocket Event: {'t': 'MESSAGE_CREATE', 's': 34, 'op': 0, 'd': {'type': 0, 'tts': False, 'timestamp': '2026-02-18T20:24:29.033000+00:00', 'pinned': False, 'nonce': '1473777210253901824', 'mentions': [], 'mention_roles': [], 'mention_everyone': False, 'id': '1473777212988723321', 'flags': 0, 'embeds': [], 'edited_timestamp': None, 'content': 'wednesday', 'components': [], 'channel_type': 1, 'channel_id': '1429927921279045782', 'author': {'username': 'funnyman1469', 'public_flags': 0, 'primary_guild': None, 'id': '621929387259985921', 'global_name': 'FUNNYMAN 1469', 'display_name_styles': None, 'discriminator': '0', 'collectibles': None, 'clan': None, 'avatar_decoration_data': None, 'avatar': 'd42f0c09648e8e0ba07480f6adfe506a'}, 'attachments': []}}
[2026-02-18 10:24:28] [DEBUG   ] discord.client: Dispatching event socket_event_type
[2026-02-18 10:24:28] [DEBUG   ] discord.client: Dispatching event message
[2026-02-18 10:24:29] [DEBUG   ] discord.gateway: For Shard ID None: WebSocket Event: {'t': 'MESSAGE_CREATE', 's': 35, 'op': 0, 'd': {'type': 0, 'tts': False, 'timestamp': '2026-02-18T20:24:29.488000+00:00', 'pinned': False, 'nonce': '3250825879908162672', 'mentions': [], 'mention_roles': [], 'mention_everyone': False, 'id': '1473777214897000643', 'flags': 0, 'embeds': [], 'edited_timestamp': None, 'content': 'Question 7: „ÇÑ„Åï„Åó„ÅÑ', 'components': [], 'channel_type': 1, 'channel_id': '1429927921279045782', 'author': {'username': 'jpn_game_bot', 'public_flags': 0, 'primary_guild': None, 'id': '1428646367278006377', 'global_name': None, 'display_name_styles': None, 'discriminator': '2672', 'collectibles': None, 'clan': None, 'bot': True, 'avatar_decoration_data': None, 'avatar': None}, 'attachments': []}}
[2026-02-18 10:24:29] [DEBUG   ] discord.client: Dispatching event socket_event_type
[2026-02-18 10:24:29] [DEBUG   ] discord.client: Dispatching event message
[2026-02-18 10:24:29] [DEBUG   ] discord.http: POST https://discord.com/api/v10/channels/1429927921279045782/messages with {"content":"Question 7: \u3084\u3055\u3057\u3044","components":[],"nonce":"3250825879908162672","enforce_nonce":true,"tts":false} has returned 200
[2026-02-18 10:24:29] [DEBUG   ] discord.http: POST https://discord.com/api/v10/channels/1429927921279045782/messages has received {'type': 0, 'content': 'Question 7: „ÇÑ„Åï„Åó„ÅÑ', 'mentions': [], 'mention_roles': [], 'attachments': [], 'embeds': [], 'timestamp': '2026-02-18T20:24:29.488000+00:00', 'edited_timestamp': None, 'flags': 0, 'components': [], 'id': '1473777214897000643', 'channel_id': '1429927921279045782', 'author': {'id': '1428646367278006377', 'username': 'jpn_game_bot', 'avatar': None, 'discriminator': '2672', 'public_flags': 0, 'flags': 0, 'bot': True, 'banner': None, 'accent_color': None, 'global_name': None, 'avatar_decoration_data': None, 'collectibles': None, 'display_name_styles': None, 'banner_color': None, 'clan': None, 'primary_guild': None}, 'pinned': False, 'mention_everyone': False, 'tts': False, 'nonce': '3250825879908162672'}
[2026-02-18 10:24:32] [DEBUG   ] discord.gateway: For Shard ID None: WebSocket Event: {'t': 'TYPING_START', 's': 36, 'op': 0, 'd': {'user_id': '621929387259985921', 'timestamp': 1771446272, 'channel_id': '1429927921279045782'}}
[2026-02-18 10:24:32] [DEBUG   ] discord.client: Dispatching event socket_event_type
[2026-02-18 10:24:32] [DEBUG   ] discord.client: Dispatching event typing
[2026-02-18 10:24:32] [DEBUG   ] discord.client: Dispatching event raw_typing
[2026-02-18 10:24:32] [DEBUG   ] discord.gateway: For Shard ID None: WebSocket Event: {'t': 'MESSAGE_CREATE', 's': 37, 'op': 0, 'd': {'type': 0, 'tts': False, 'timestamp': '2026-02-18T20:24:32.977000+00:00', 'pinned': False, 'nonce': '1473777226934648832', 'mentions': [], 'mention_roles': [], 'mention_everyone': False, 'id': '1473777229531054111', 'flags': 0, 'embeds': [], 'edited_timestamp': None, 'content': 'yasashii', 'components': [], 'channel_type': 1, 'channel_id': '1429927921279045782', 'author': {'username': 'funnyman1469', 'public_flags': 0, 'primary_guild': None, 'id': '621929387259985921', 'global_name': 'FUNNYMAN 1469', 'display_name_styles': None, 'discriminator': '0', 'collectibles': None, 'clan': None, 'avatar_decoration_data': None, 'avatar': 'd42f0c09648e8e0ba07480f6adfe506a'}, 'attachments': []}}
[2026-02-18 10:24:32] [DEBUG   ] discord.client: Dispatching event socket_event_type
[2026-02-18 10:24:32] [DEBUG   ] discord.client: Dispatching event message
[2026-02-18 10:24:33] [DEBUG   ] discord.gateway: For Shard ID None: WebSocket Event: {'t': 'MESSAGE_CREATE', 's': 38, 'op': 0, 'd': {'type': 0, 'tts': False, 'timestamp': '2026-02-18T20:24:33.343000+00:00', 'pinned': False, 'nonce': '5718723116048983354', 'mentions': [], 'mention_roles': [], 'mention_everyone': False, 'id': '1473777231066173534', 'flags': 0, 'embeds': [], 'edited_timestamp': None, 'content': 'Bonus Question! English meaning:', 'components': [], 'channel_type': 1, 'channel_id': '1429927921279045782', 'author': {'username': 'jpn_game_bot', 'public_flags': 0, 'primary_guild': None, 'id': '1428646367278006377', 'global_name': None, 'display_name_styles': None, 'discriminator': '2672', 'collectibles': None, 'clan': None, 'bot': True, 'avatar_decoration_data': None, 'avatar': None}, 'attachments': []}}
[2026-02-18 10:24:33] [DEBUG   ] discord.client: Dispatching event socket_event_type
[2026-02-18 10:24:33] [DEBUG   ] discord.client: Dispatching event message
[2026-02-18 10:24:33] [DEBUG   ] discord.http: POST https://discord.com/api/v10/channels/1429927921279045782/messages with {"content":"Bonus Question! English meaning:","components":[],"nonce":"5718723116048983354","enforce_nonce":true,"tts":false} has returned 200
[2026-02-18 10:24:33] [DEBUG   ] discord.http: POST https://discord.com/api/v10/channels/1429927921279045782/messages has received {'type': 0, 'content': 'Bonus Question! English meaning:', 'mentions': [], 'mention_roles': [], 'attachments': [], 'embeds': [], 'timestamp': '2026-02-18T20:24:33.343000+00:00', 'edited_timestamp': None, 'flags': 0, 'components': [], 'id': '1473777231066173534', 'channel_id': '1429927921279045782', 'author': {'id': '1428646367278006377', 'username': 'jpn_game_bot', 'avatar': None, 'discriminator': '2672', 'public_flags': 0, 'flags': 0, 'bot': True, 'banner': None, 'accent_color': None, 'global_name': None, 'avatar_decoration_data': None, 'collectibles': None, 'display_name_styles': None, 'banner_color': None, 'clan': None, 'primary_guild': None}, 'pinned': False, 'mention_everyone': False, 'tts': False, 'nonce': '5718723116048983354'}
[2026-02-18 10:24:34] [DEBUG   ] discord.gateway: For Shard ID None: WebSocket Event: {'t': 'MESSAGE_CREATE', 's': 39, 'op': 0, 'd': {'type': 0, 'tts': False, 'timestamp': '2026-02-18T20:24:34.517000+00:00', 'pinned': False, 'nonce': '1473777233024778240', 'mentions': [], 'mention_roles': [], 'mention_everyone': False, 'id': '1473777235990417719', 'flags': 0, 'embeds': [], 'edited_timestamp': None, 'content': 'easy', 'components': [], 'channel_type': 1, 'channel_id': '1429927921279045782', 'author': {'username': 'funnyman1469', 'public_flags': 0, 'primary_guild': None, 'id': '621929387259985921', 'global_name': 'FUNNYMAN 1469', 'display_name_styles': None, 'discriminator': '0', 'collectibles': None, 'clan': None, 'avatar_decoration_data': None, 'avatar': 'd42f0c09648e8e0ba07480f6adfe506a'}, 'attachments': []}}
[2026-02-18 10:24:34] [DEBUG   ] discord.client: Dispatching event socket_event_type
[2026-02-18 10:24:34] [DEBUG   ] discord.client: Dispatching event message
[2026-02-18 10:24:34] [DEBUG   ] discord.gateway: For Shard ID None: WebSocket Event: {'t': 'MESSAGE_CREATE', 's': 40, 'op': 0, 'd': {'type': 0, 'tts': False, 'timestamp': '2026-02-18T20:24:34.874000+00:00', 'pinned': False, 'nonce': '17246474712731009673', 'mentions': [], 'mention_roles': [], 'mention_everyone': False, 'id': '1473777237487521954', 'flags': 0, 'embeds': [], 'edited_timestamp': None, 'content': 'Question 8: „Åù„ÅÜ„Åò„Åô„Çã', 'components': [], 'channel_type': 1, 'channel_id': '1429927921279045782', 'author': {'username': 'jpn_game_bot', 'public_flags': 0, 'primary_guild': None, 'id': '1428646367278006377', 'global_name': None, 'display_name_styles': None, 'discriminator': '2672', 'collectibles': None, 'clan': None, 'bot': True, 'avatar_decoration_data': None, 'avatar': None}, 'attachments': []}}
[2026-02-18 10:24:34] [DEBUG   ] discord.client: Dispatching event socket_event_type
[2026-02-18 10:24:34] [DEBUG   ] discord.client: Dispatching event message
[2026-02-18 10:24:34] [DEBUG   ] discord.http: POST https://discord.com/api/v10/channels/1429927921279045782/messages with {"content":"Question 8: \u305d\u3046\u3058\u3059\u308b","components":[],"nonce":"17246474712731009673","enforce_nonce":true,"tts":false} has returned 200
[2026-02-18 10:24:34] [DEBUG   ] discord.http: POST https://discord.com/api/v10/channels/1429927921279045782/messages has received {'type': 0, 'content': 'Question 8: „Åù„ÅÜ„Åò„Åô„Çã', 'mentions': [], 'mention_roles': [], 'attachments': [], 'embeds': [], 'timestamp': '2026-02-18T20:24:34.874000+00:00', 'edited_timestamp': None, 'flags': 0, 'components': [], 'id': '1473777237487521954', 'channel_id': '1429927921279045782', 'author': {'id': '1428646367278006377', 'username': 'jpn_game_bot', 'avatar': None, 'discriminator': '2672', 'public_flags': 0, 'flags': 0, 'bot': True, 'banner': None, 'accent_color': None, 'global_name': None, 'avatar_decoration_data': None, 'collectibles': None, 'display_name_styles': None, 'banner_color': None, 'clan': None, 'primary_guild': None}, 'pinned': False, 'mention_everyone': False, 'tts': False, 'nonce': '17246474712731009673'}
[2026-02-18 10:24:37] [DEBUG   ] discord.gateway: For Shard ID None: WebSocket Event: {'t': 'TYPING_START', 's': 41, 'op': 0, 'd': {'user_id': '621929387259985921', 'timestamp': 1771446277, 'channel_id': '1429927921279045782'}}
[2026-02-18 10:24:37] [DEBUG   ] discord.client: Dispatching event socket_event_type
[2026-02-18 10:24:37] [DEBUG   ] discord.client: Dispatching event typing
[2026-02-18 10:24:37] [DEBUG   ] discord.client: Dispatching event raw_typing
[2026-02-18 10:24:42] [DEBUG   ] discord.gateway: For Shard ID None: WebSocket Event: {'t': 'MESSAGE_CREATE', 's': 42, 'op': 0, 'd': {'type': 0, 'tts': False, 'timestamp': '2026-02-18T20:24:42.473000+00:00', 'pinned': False, 'nonce': '1473777266424020992', 'mentions': [], 'mention_roles': [], 'mention_everyone': False, 'id': '1473777269360164987', 'flags': 0, 'embeds': [], 'edited_timestamp': None, 'content': 'soojisuru', 'components': [], 'channel_type': 1, 'channel_id': '1429927921279045782', 'author': {'username': 'funnyman1469', 'public_flags': 0, 'primary_guild': None, 'id': '621929387259985921', 'global_name': 'FUNNYMAN 1469', 'display_name_styles': None, 'discriminator': '0', 'collectibles': None, 'clan': None, 'avatar_decoration_data': None, 'avatar': 'd42f0c09648e8e0ba07480f6adfe506a'}, 'attachments': []}}
[2026-02-18 10:24:42] [DEBUG   ] discord.client: Dispatching event socket_event_type
[2026-02-18 10:24:42] [DEBUG   ] discord.client: Dispatching event message
[2026-02-18 10:24:42] [DEBUG   ] discord.gateway: For Shard ID None: WebSocket Event: {'t': 'MESSAGE_CREATE', 's': 43, 'op': 0, 'd': {'type': 0, 'tts': False, 'timestamp': '2026-02-18T20:24:42.804000+00:00', 'pinned': False, 'nonce': '2971388555581607912', 'mentions': [], 'mention_roles': [], 'mention_everyone': False, 'id': '1473777270748479575', 'flags': 0, 'embeds': [], 'edited_timestamp': None, 'content': 'Bonus Question! English meaning:', 'components': [], 'channel_type': 1, 'channel_id': '1429927921279045782', 'author': {'username': 'jpn_game_bot', 'public_flags': 0, 'primary_guild': None, 'id': '1428646367278006377', 'global_name': None, 'display_name_styles': None, 'discriminator': '2672', 'collectibles': None, 'clan': None, 'bot': True, 'avatar_decoration_data': None, 'avatar': None}, 'attachments': []}}
[2026-02-18 10:24:42] [DEBUG   ] discord.client: Dispatching event socket_event_type
[2026-02-18 10:24:42] [DEBUG   ] discord.client: Dispatching event message
[2026-02-18 10:24:42] [DEBUG   ] discord.http: POST https://discord.com/api/v10/channels/1429927921279045782/messages with {"content":"Bonus Question! English meaning:","components":[],"nonce":"2971388555581607912","enforce_nonce":true,"tts":false} has returned 200
[2026-02-18 10:24:42] [DEBUG   ] discord.http: POST https://discord.com/api/v10/channels/1429927921279045782/messages has received {'type': 0, 'content': 'Bonus Question! English meaning:', 'mentions': [], 'mention_roles': [], 'attachments': [], 'embeds': [], 'timestamp': '2026-02-18T20:24:42.804000+00:00', 'edited_timestamp': None, 'flags': 0, 'components': [], 'id': '1473777270748479575', 'channel_id': '1429927921279045782', 'author': {'id': '1428646367278006377', 'username': 'jpn_game_bot', 'avatar': None, 'discriminator': '2672', 'public_flags': 0, 'flags': 0, 'bot': True, 'banner': None, 'accent_color': None, 'global_name': None, 'avatar_decoration_data': None, 'collectibles': None, 'display_name_styles': None, 'banner_color': None, 'clan': None, 'primary_guild': None}, 'pinned': False, 'mention_everyone': False, 'tts': False, 'nonce': '2971388555581607912'}
[2026-02-18 10:24:44] [DEBUG   ] discord.gateway: For Shard ID None: WebSocket Event: {'t': 'MESSAGE_CREATE', 's': 44, 'op': 0, 'd': {'type': 0, 'tts': False, 'timestamp': '2026-02-18T20:24:44.898000+00:00', 'pinned': False, 'nonce': '1473777276540682240', 'mentions': [], 'mention_roles': [], 'mention_everyone': False, 'id': '1473777279531221093', 'flags': 0, 'embeds': [], 'edited_timestamp': None, 'content': 'none', 'components': [], 'channel_type': 1, 'channel_id': '1429927921279045782', 'author': {'username': 'funnyman1469', 'public_flags': 0, 'primary_guild': None, 'id': '621929387259985921', 'global_name': 'FUNNYMAN 1469', 'display_name_styles': None, 'discriminator': '0', 'collectibles': None, 'clan': None, 'avatar_decoration_data': None, 'avatar': 'd42f0c09648e8e0ba07480f6adfe506a'}, 'attachments': []}}
[2026-02-18 10:24:44] [DEBUG   ] discord.client: Dispatching event socket_event_type
[2026-02-18 10:24:44] [DEBUG   ] discord.client: Dispatching event message
[2026-02-18 10:24:45] [DEBUG   ] discord.gateway: For Shard ID None: WebSocket Event: {'t': 'MESSAGE_CREATE', 's': 45, 'op': 0, 'd': {'type': 0, 'tts': False, 'timestamp': '2026-02-18T20:24:45.326000+00:00', 'pinned': False, 'nonce': '5312823928559785421', 'mentions': [], 'mention_roles': [], 'mention_everyone': False, 'id': '1473777281326514359', 'flags': 0, 'embeds': [], 'edited_timestamp': None, 'content': 'Question 9: „Çå„Åç„Åó', 'components': [], 'channel_type': 1, 'channel_id': '1429927921279045782', 'author': {'username': 'jpn_game_bot', 'public_flags': 0, 'primary_guild': None, 'id': '1428646367278006377', 'global_name': None, 'display_name_styles': None, 'discriminator': '2672', 'collectibles': None, 'clan': None, 'bot': True, 'avatar_decoration_data': None, 'avatar': None}, 'attachments': []}}
[2026-02-18 10:24:45] [DEBUG   ] discord.client: Dispatching event socket_event_type
[2026-02-18 10:24:45] [DEBUG   ] discord.client: Dispatching event message
[2026-02-18 10:24:45] [DEBUG   ] discord.http: POST https://discord.com/api/v10/channels/1429927921279045782/messages with {"content":"Question 9: \u308c\u304d\u3057","components":[],"nonce":"5312823928559785421","enforce_nonce":true,"tts":false} has returned 200
[2026-02-18 10:24:45] [DEBUG   ] discord.http: POST https://discord.com/api/v10/channels/1429927921279045782/messages has received {'type': 0, 'content': 'Question 9: „Çå„Åç„Åó', 'mentions': [], 'mention_roles': [], 'attachments': [], 'embeds': [], 'timestamp': '2026-02-18T20:24:45.326000+00:00', 'edited_timestamp': None, 'flags': 0, 'components': [], 'id': '1473777281326514359', 'channel_id': '1429927921279045782', 'author': {'id': '1428646367278006377', 'username': 'jpn_game_bot', 'avatar': None, 'discriminator': '2672', 'public_flags': 0, 'flags': 0, 'bot': True, 'banner': None, 'accent_color': None, 'global_name': None, 'avatar_decoration_data': None, 'collectibles': None, 'display_name_styles': None, 'banner_color': None, 'clan': None, 'primary_guild': None}, 'pinned': False, 'mention_everyone': False, 'tts': False, 'nonce': '5312823928559785421'}
[2026-02-18 10:24:48] [DEBUG   ] discord.gateway: For Shard ID None: WebSocket Event: {'t': 'MESSAGE_CREATE', 's': 46, 'op': 0, 'd': {'type': 0, 'tts': False, 'timestamp': '2026-02-18T20:24:48.604000+00:00', 'pinned': False, 'nonce': '1473777292260933632', 'mentions': [], 'mention_roles': [], 'mention_everyone': False, 'id': '1473777295075577876', 'flags': 0, 'embeds': [], 'edited_timestamp': None, 'content': 'rekishi', 'components': [], 'channel_type': 1, 'channel_id': '1429927921279045782', 'author': {'username': 'funnyman1469', 'public_flags': 0, 'primary_guild': None, 'id': '621929387259985921', 'global_name': 'FUNNYMAN 1469', 'display_name_styles': None, 'discriminator': '0', 'collectibles': None, 'clan': None, 'avatar_decoration_data': None, 'avatar': 'd42f0c09648e8e0ba07480f6adfe506a'}, 'attachments': []}}
[2026-02-18 10:24:48] [DEBUG   ] discord.client: Dispatching event socket_event_type
[2026-02-18 10:24:48] [DEBUG   ] discord.client: Dispatching event message
[2026-02-18 10:24:48] [DEBUG   ] discord.gateway: For Shard ID None: WebSocket Event: {'t': 'MESSAGE_CREATE', 's': 47, 'op': 0, 'd': {'type': 0, 'tts': False, 'timestamp': '2026-02-18T20:24:49.078000+00:00', 'pinned': False, 'nonce': '3463361030332677246', 'mentions': [], 'mention_roles': [], 'mention_everyone': False, 'id': '1473777297063547042', 'flags': 0, 'embeds': [], 'edited_timestamp': None, 'content': 'Bonus Question! English meaning:', 'components': [], 'channel_type': 1, 'channel_id': '1429927921279045782', 'author': {'username': 'jpn_game_bot', 'public_flags': 0, 'primary_guild': None, 'id': '1428646367278006377', 'global_name': None, 'display_name_styles': None, 'discriminator': '2672', 'collectibles': None, 'clan': None, 'bot': True, 'avatar_decoration_data': None, 'avatar': None}, 'attachments': []}}
[2026-02-18 10:24:48] [DEBUG   ] discord.client: Dispatching event socket_event_type
[2026-02-18 10:24:48] [DEBUG   ] discord.client: Dispatching event message
[2026-02-18 10:24:48] [DEBUG   ] discord.http: POST https://discord.com/api/v10/channels/1429927921279045782/messages with {"content":"Bonus Question! English meaning:","components":[],"nonce":"3463361030332677246","enforce_nonce":true,"tts":false} has returned 200
[2026-02-18 10:24:48] [DEBUG   ] discord.http: POST https://discord.com/api/v10/channels/1429927921279045782/messages has received {'type': 0, 'content': 'Bonus Question! English meaning:', 'mentions': [], 'mention_roles': [], 'attachments': [], 'embeds': [], 'timestamp': '2026-02-18T20:24:49.078000+00:00', 'edited_timestamp': None, 'flags': 0, 'components': [], 'id': '1473777297063547042', 'channel_id': '1429927921279045782', 'author': {'id': '1428646367278006377', 'username': 'jpn_game_bot', 'avatar': None, 'discriminator': '2672', 'public_flags': 0, 'flags': 0, 'bot': True, 'banner': None, 'accent_color': None, 'global_name': None, 'avatar_decoration_data': None, 'collectibles': None, 'display_name_styles': None, 'banner_color': None, 'clan': None, 'primary_guild': None}, 'pinned': False, 'mention_everyone': False, 'tts': False, 'nonce': '3463361030332677246'}
[2026-02-18 10:24:52] [DEBUG   ] discord.gateway: For Shard ID None: WebSocket Event: {'t': 'MESSAGE_CREATE', 's': 48, 'op': 0, 'd': {'type': 0, 'tts': False, 'timestamp': '2026-02-18T20:24:53.062000+00:00', 'pinned': False, 'nonce': '1473777310778785792', 'mentions': [], 'mention_roles': [], 'mention_everyone': False, 'id': '1473777313773781013', 'flags': 0, 'embeds': [], 'edited_timestamp': None, 'content': 'history', 'components': [], 'channel_type': 1, 'channel_id': '1429927921279045782', 'author': {'username': 'funnyman1469', 'public_flags': 0, 'primary_guild': None, 'id': '621929387259985921', 'global_name': 'FUNNYMAN 1469', 'display_name_styles': None, 'discriminator': '0', 'collectibles': None, 'clan': None, 'avatar_decoration_data': None, 'avatar': 'd42f0c09648e8e0ba07480f6adfe506a'}, 'attachments': []}}
[2026-02-18 10:24:52] [DEBUG   ] discord.client: Dispatching event socket_event_type
[2026-02-18 10:24:52] [DEBUG   ] discord.client: Dispatching event message
[2026-02-18 10:24:53] [DEBUG   ] discord.gateway: For Shard ID None: WebSocket Event: {'t': 'MESSAGE_CREATE', 's': 49, 'op': 0, 'd': {'type': 0, 'tts': False, 'timestamp': '2026-02-18T20:24:53.520000+00:00', 'pinned': False, 'nonce': '13359329679002671573', 'mentions': [], 'mention_roles': [], 'mention_everyone': False, 'id': '1473777315694776472', 'flags': 0, 'embeds': [], 'edited_timestamp': None, 'content': 'Question 10: „Åç„Çå„ÅÑ', 'components': [], 'channel_type': 1, 'channel_id': '1429927921279045782', 'author': {'username': 'jpn_game_bot', 'public_flags': 0, 'primary_guild': None, 'id': '1428646367278006377', 'global_name': None, 'display_name_styles': None, 'discriminator': '2672', 'collectibles': None, 'clan': None, 'bot': True, 'avatar_decoration_data': None, 'avatar': None}, 'attachments': []}}
[2026-02-18 10:24:53] [DEBUG   ] discord.client: Dispatching event socket_event_type
[2026-02-18 10:24:53] [DEBUG   ] discord.client: Dispatching event message
[2026-02-18 10:24:53] [DEBUG   ] discord.http: POST https://discord.com/api/v10/channels/1429927921279045782/messages with {"content":"Question 10: \u304d\u308c\u3044","components":[],"nonce":"13359329679002671573","enforce_nonce":true,"tts":false} has returned 200
[2026-02-18 10:24:53] [DEBUG   ] discord.http: POST https://discord.com/api/v10/channels/1429927921279045782/messages has received {'type': 0, 'content': 'Question 10: „Åç„Çå„ÅÑ', 'mentions': [], 'mention_roles': [], 'attachments': [], 'embeds': [], 'timestamp': '2026-02-18T20:24:53.520000+00:00', 'edited_timestamp': None, 'flags': 0, 'components': [], 'id': '1473777315694776472', 'channel_id': '1429927921279045782', 'author': {'id': '1428646367278006377', 'username': 'jpn_game_bot', 'avatar': None, 'discriminator': '2672', 'public_flags': 0, 'flags': 0, 'bot': True, 'banner': None, 'accent_color': None, 'global_name': None, 'avatar_decoration_data': None, 'collectibles': None, 'display_name_styles': None, 'banner_color': None, 'clan': None, 'primary_guild': None}, 'pinned': False, 'mention_everyone': False, 'tts': False, 'nonce': '13359329679002671573'}
[2026-02-18 10:24:57] [DEBUG   ] discord.gateway: For Shard ID None: WebSocket Event: {'t': 'TYPING_START', 's': 50, 'op': 0, 'd': {'user_id': '621929387259985921', 'timestamp': 1771446297, 'channel_id': '1429927921279045782'}}
[2026-02-18 10:24:57] [DEBUG   ] discord.client: Dispatching event socket_event_type
[2026-02-18 10:24:57] [DEBUG   ] discord.client: Dispatching event typing
[2026-02-18 10:24:57] [DEBUG   ] discord.client: Dispatching event raw_typing
[2026-02-18 10:24:58] [DEBUG   ] discord.gateway: For Shard ID None: WebSocket Event: {'t': 'MESSAGE_CREATE', 's': 51, 'op': 0, 'd': {'type': 0, 'tts': False, 'timestamp': '2026-02-18T20:24:58.734000+00:00', 'pinned': False, 'nonce': '1473777333511913472', 'mentions': [], 'mention_roles': [], 'mention_everyone': False, 'id': '1473777337563877707', 'flags': 0, 'embeds': [], 'edited_timestamp': None, 'content': 'kiree', 'components': [], 'channel_type': 1, 'channel_id': '1429927921279045782', 'author': {'username': 'funnyman1469', 'public_flags': 0, 'primary_guild': None, 'id': '621929387259985921', 'global_name': 'FUNNYMAN 1469', 'display_name_styles': None, 'discriminator': '0', 'collectibles': None, 'clan': None, 'avatar_decoration_data': None, 'avatar': 'd42f0c09648e8e0ba07480f6adfe506a'}, 'attachments': []}}
[2026-02-18 10:24:58] [DEBUG   ] discord.client: Dispatching event socket_event_type
[2026-02-18 10:24:58] [DEBUG   ] discord.client: Dispatching event message
[2026-02-18 10:24:58] [DEBUG   ] discord.gateway: For Shard ID None: WebSocket Event: {'t': 'MESSAGE_CREATE', 's': 52, 'op': 0, 'd': {'type': 0, 'tts': False, 'timestamp': '2026-02-18T20:24:59.250000+00:00', 'pinned': False, 'nonce': '2935868281665227105', 'mentions': [], 'mention_roles': [], 'mention_everyone': False, 'id': '1473777339727872141', 'flags': 0, 'embeds': [], 'edited_timestamp': None, 'content': 'Bonus Question! English meaning:', 'components': [], 'channel_type': 1, 'channel_id': '1429927921279045782', 'author': {'username': 'jpn_game_bot', 'public_flags': 0, 'primary_guild': None, 'id': '1428646367278006377', 'global_name': None, 'display_name_styles': None, 'discriminator': '2672', 'collectibles': None, 'clan': None, 'bot': True, 'avatar_decoration_data': None, 'avatar': None}, 'attachments': []}}
[2026-02-18 10:24:58] [DEBUG   ] discord.client: Dispatching event socket_event_type
[2026-02-18 10:24:58] [DEBUG   ] discord.client: Dispatching event message
[2026-02-18 10:24:58] [DEBUG   ] discord.http: POST https://discord.com/api/v10/channels/1429927921279045782/messages with {"content":"Bonus Question! English meaning:","components":[],"nonce":"2935868281665227105","enforce_nonce":true,"tts":false} has returned 200
[2026-02-18 10:24:58] [DEBUG   ] discord.http: POST https://discord.com/api/v10/channels/1429927921279045782/messages has received {'type': 0, 'content': 'Bonus Question! English meaning:', 'mentions': [], 'mention_roles': [], 'attachments': [], 'embeds': [], 'timestamp': '2026-02-18T20:24:59.250000+00:00', 'edited_timestamp': None, 'flags': 0, 'components': [], 'id': '1473777339727872141', 'channel_id': '1429927921279045782', 'author': {'id': '1428646367278006377', 'username': 'jpn_game_bot', 'avatar': None, 'discriminator': '2672', 'public_flags': 0, 'flags': 0, 'bot': True, 'banner': None, 'accent_color': None, 'global_name': None, 'avatar_decoration_data': None, 'collectibles': None, 'display_name_styles': None, 'banner_color': None, 'clan': None, 'primary_guild': None}, 'pinned': False, 'mention_everyone': False, 'tts': False, 'nonce': '2935868281665227105'}
[2026-02-18 10:24:59] [DEBUG   ] discord.gateway: Keeping shard ID None websocket alive with sequence 52.
[2026-02-18 10:24:59] [DEBUG   ] discord.gateway: For Shard ID None: WebSocket Event: {'t': None, 's': None, 'op': 11, 'd': None}
[2026-02-18 10:25:13] [DEBUG   ] discord.gateway: For Shard ID None: WebSocket Event: {'t': 'MESSAGE_CREATE', 's': 53, 'op': 0, 'd': {'type': 0, 'tts': False, 'timestamp': '2026-02-18T20:25:13.564000+00:00', 'pinned': False, 'nonce': '1473777341720166400', 'mentions': [], 'mention_roles': [], 'mention_everyone': False, 'id': '1473777399765143564', 'flags': 0, 'embeds': [], 'edited_timestamp': None, 'content': 'pretty', 'components': [], 'channel_type': 1, 'channel_id': '1429927921279045782', 'author': {'username': 'funnyman1469', 'public_flags': 0, 'primary_guild': None, 'id': '621929387259985921', 'global_name': 'FUNNYMAN 1469', 'display_name_styles': None, 'discriminator': '0', 'collectibles': None, 'clan': None, 'avatar_decoration_data': None, 'avatar': 'd42f0c09648e8e0ba07480f6adfe506a'}, 'attachments': []}}
[2026-02-18 10:25:13] [DEBUG   ] discord.client: Dispatching event socket_event_type
[2026-02-18 10:25:13] [DEBUG   ] discord.client: Dispatching event message
[2026-02-18 10:25:13] [DEBUG   ] discord.gateway: For Shard ID None: WebSocket Event: {'t': 'MESSAGE_CREATE', 's': 54, 'op': 0, 'd': {'type': 0, 'tts': False, 'timestamp': '2026-02-18T20:25:14.250000+00:00', 'pinned': False, 'nonce': '3995824557239342568', 'mentions': [], 'mention_roles': [], 'mention_everyone': False, 'id': '1473777402642567361', 'flags': 0, 'embeds': [], 'edited_timestamp': None, 'content': 'Here Are Your Results\n=====================\nQuestion 1: „Å°„Åã„Åè\nCorrect Romaji: chikaku\nYour Romaji Answer: chikaku\nCorrect English Meaning: near\nYour English Meaning Answer: close\nPoints for Question 1: 18\nQuestion 2: „Å™„Åæ„Åà\nCorrect Romaji: namae\nYour Romaji Answer: namae\nCorrect English Meaning: name\nYour English Meaning Answer: name\nPoints for Question 2: 38\nQuestion 3: „ÅÑ„Åæ\nCorrect Romaji: ima\nYour Romaji Answer: ima\nCorrect English Meaning: now\nYour English Meaning Answer: now\nPoints for Question 3: 39\nQuestion 4: „Åà„Çì„Åí„Åç\nCorrect Romaji: engeki\nYour Romaji Answer: engeki\nCorrect English Meaning: theater\nYour English Meaning Answer: electricty\nPoints for Question 4: 17\nQuestion 5: „Åå„Å£„Åì„ÅÜ\nCorrect Romaji: gakkoo\nYour Romaji Answer: gakkoo\nCorrect English Meaning: school\nYour English Meaning Answer: student\nPoints for Question 5: 17\nQuestion 6: „Åô„ÅÑ„Çà„ÅÜ„Å≥\nCorrect Romaji: suiyoobi\nYour Romaji Answer: suiyoobi\nCorrect English Meaning: wednesday\nYour English Meaning Answer: wednesday\nPoints for Question 6: 37\nQuestion 7: „ÇÑ„Åï„Åó„ÅÑ\nCorrect Romaji: yasashii\nYour Romaji Answer: yasashii\nCorrect English Meaning: easy\nYour English Meaning Answer: easy\nPoints for Question 7: 37\nQuestion 8: „Åù„ÅÜ„Åò„Åô„Çã\nCorrect Romaji: soojisuru\nYour Romaji Answer: soojisuru\nCorrect English Meaning: to clean\nYour English Meaning Answer: none\nPoints for Question 8: 16\nQuestion 9: „Çå„Åç„Åó\nCorrect Romaji: rekishi\nYour Romaji Answer: rekishi\nCorrect English Meaning: history\nYour English Meaning Answer: history\nPoints for Question 9: 36\nQuestion 10: „Åç„Çå„ÅÑ\nCorrect Romaji: kiree\nYour Romaji Answer: kiree\nCorrect English Meaning: beautiful\nYour English Meaning Answer: pretty\nPoints for Question 10: 17\nYour Final Score is: 364\nThank You For Playing!', 'components': [], 'channel_type': 1, 'channel_id': '1429927921279045782', 'author': {'username': 'jpn_game_bot', 'public_flags': 0, 'primary_guild': None, 'id': '1428646367278006377', 'global_name': None, 'display_name_styles': None, 'discriminator': '2672', 'collectibles': None, 'clan': None, 'bot': True, 'avatar_decoration_data': None, 'avatar': None}, 'attachments': []}}
[2026-02-18 10:25:13] [DEBUG   ] discord.client: Dispatching event socket_event_type
[2026-02-18 10:25:13] [DEBUG   ] discord.client: Dispatching event message
[2026-02-18 10:25:13] [DEBUG   ] discord.http: POST https://discord.com/api/v10/channels/1429927921279045782/messages with {"content":"Here Are Your Results\n=====================\nQuestion 1: \u3061\u304b\u304f\nCorrect Romaji: chikaku\nYour Romaji Answer: chikaku\nCorrect English Meaning: near\nYour English Meaning Answer: close\nPoints for Question 1: 18\nQuestion 2: \u306a\u307e\u3048\nCorrect Romaji: namae\nYour Romaji Answer: namae\nCorrect English Meaning: name\nYour English Meaning Answer: name\nPoints for Question 2: 38\nQuestion 3: \u3044\u307e\nCorrect Romaji: ima\nYour Romaji Answer: ima\nCorrect English Meaning: now\nYour English Meaning Answer: now\nPoints for Question 3: 39\nQuestion 4: \u3048\u3093\u3052\u304d\nCorrect Romaji: engeki\nYour Romaji Answer: engeki\nCorrect English Meaning: theater\nYour English Meaning Answer: electricty\nPoints for Question 4: 17\nQuestion 5: \u304c\u3063\u3053\u3046\nCorrect Romaji: gakkoo\nYour Romaji Answer: gakkoo\nCorrect English Meaning: school\nYour English Meaning Answer: student\nPoints for Question 5: 17\nQuestion 6: \u3059\u3044\u3088\u3046\u3073\nCorrect Romaji: suiyoobi\nYour Romaji Answer: suiyoobi\nCorrect English Meaning: wednesday\nYour English Meaning Answer: wednesday\nPoints for Question 6: 37\nQuestion 7: \u3084\u3055\u3057\u3044\nCorrect Romaji: yasashii\nYour Romaji Answer: yasashii\nCorrect English Meaning: easy\nYour English Meaning Answer: easy\nPoints for Question 7: 37\nQuestion 8: \u305d\u3046\u3058\u3059\u308b\nCorrect Romaji: soojisuru\nYour Romaji Answer: soojisuru\nCorrect English Meaning: to clean\nYour English Meaning Answer: none\nPoints for Question 8: 16\nQuestion 9: \u308c\u304d\u3057\nCorrect Romaji: rekishi\nYour Romaji Answer: rekishi\nCorrect English Meaning: history\nYour English Meaning Answer: history\nPoints for Question 9: 36\nQuestion 10: \u304d\u308c\u3044\nCorrect Romaji: kiree\nYour Romaji Answer: kiree\nCorrect English Meaning: beautiful\nYour English Meaning Answer: pretty\nPoints for Question 10: 17\nYour Final Score is: 364\nThank You For Playing!","components":[],"nonce":"3995824557239342568","enforce_nonce":true,"tts":false} has returned 200
[2026-02-18 10:25:13] [DEBUG   ] discord.http: POST https://discord.com/api/v10/channels/1429927921279045782/messages has received {'type': 0, 'content': 'Here Are Your Results\n=====================\nQuestion 1: „Å°„Åã„Åè\nCorrect Romaji: chikaku\nYour Romaji Answer: chikaku\nCorrect English Meaning: near\nYour English Meaning Answer: close\nPoints for Question 1: 18\nQuestion 2: „Å™„Åæ„Åà\nCorrect Romaji: namae\nYour Romaji Answer: namae\nCorrect English Meaning: name\nYour English Meaning Answer: name\nPoints for Question 2: 38\nQuestion 3: „ÅÑ„Åæ\nCorrect Romaji: ima\nYour Romaji Answer: ima\nCorrect English Meaning: now\nYour English Meaning Answer: now\nPoints for Question 3: 39\nQuestion 4: „Åà„Çì„Åí„Åç\nCorrect Romaji: engeki\nYour Romaji Answer: engeki\nCorrect English Meaning: theater\nYour English Meaning Answer: electricty\nPoints for Question 4: 17\nQuestion 5: „Åå„Å£„Åì„ÅÜ\nCorrect Romaji: gakkoo\nYour Romaji Answer: gakkoo\nCorrect English Meaning: school\nYour English Meaning Answer: student\nPoints for Question 5: 17\nQuestion 6: „Åô„ÅÑ„Çà„ÅÜ„Å≥\nCorrect Romaji: suiyoobi\nYour Romaji Answer: suiyoobi\nCorrect English Meaning: wednesday\nYour English Meaning Answer: wednesday\nPoints for Question 6: 37\nQuestion 7: „ÇÑ„Åï„Åó„ÅÑ\nCorrect Romaji: yasashii\nYour Romaji Answer: yasashii\nCorrect English Meaning: easy\nYour English Meaning Answer: easy\nPoints for Question 7: 37\nQuestion 8: „Åù„ÅÜ„Åò„Åô„Çã\nCorrect Romaji: soojisuru\nYour Romaji Answer: soojisuru\nCorrect English Meaning: to clean\nYour English Meaning Answer: none\nPoints for Question 8: 16\nQuestion 9: „Çå„Åç„Åó\nCorrect Romaji: rekishi\nYour Romaji Answer: rekishi\nCorrect English Meaning: history\nYour English Meaning Answer: history\nPoints for Question 9: 36\nQuestion 10: „Åç„Çå„ÅÑ\nCorrect Romaji: kiree\nYour Romaji Answer: kiree\nCorrect English Meaning: beautiful\nYour English Meaning Answer: pretty\nPoints for Question 10: 17\nYour Final Score is: 364\nThank You For Playing!', 'mentions': [], 'mention_roles': [], 'attachments': [], 'embeds': [], 'timestamp': '2026-02-18T20:25:14.250000+00:00', 'edited_timestamp': None, 'flags': 0, 'components': [], 'id': '1473777402642567361', 'channel_id': '1429927921279045782', 'author': {'id': '1428646367278006377', 'username': 'jpn_game_bot', 'avatar': None, 'discriminator': '2672', 'public_flags': 0, 'flags': 0, 'bot': True, 'banner': None, 'accent_color': None, 'global_name': None, 'avatar_decoration_data': None, 'collectibles': None, 'display_name_styles': None, 'banner_color': None, 'clan': None, 'primary_guild': None}, 'pinned': False, 'mention_everyone': False, 'tts': False, 'nonce': '3995824557239342568'}
[2026-02-18 10:25:14] [DEBUG   ] discord.gateway: For Shard ID None: WebSocket Event: {'t': 'MESSAGE_CREATE', 's': 55, 'op': 0, 'd': {'type': 0, 'tts': False, 'timestamp': '2026-02-18T20:25:14.666000+00:00', 'pinned': False, 'nonce': '1473777379133358080', 'mentions': [], 'mention_roles': [], 'mention_everyone': False, 'id': '1473777404387524709', 'flags': 0, 'embeds': [], 'edited_timestamp': None, 'content': 'pretty', 'components': [], 'channel_type': 1, 'channel_id': '1429927921279045782', 'author': {'username': 'funnyman1469', 'public_flags': 0, 'primary_guild': None, 'id': '621929387259985921', 'global_name': 'FUNNYMAN 1469', 'display_name_styles': None, 'discriminator': '0', 'collectibles': None, 'clan': None, 'avatar_decoration_data': None, 'avatar': 'd42f0c09648e8e0ba07480f6adfe506a'}, 'attachments': []}}
[2026-02-18 10:25:14] [DEBUG   ] discord.client: Dispatching event socket_event_type
[2026-02-18 10:25:14] [DEBUG   ] discord.client: Dispatching event message
[2026-02-18 10:25:14] [DEBUG   ] discord.gateway: For Shard ID None: WebSocket Event: {'t': 'MESSAGE_CREATE', 's': 56, 'op': 0, 'd': {'type': 0, 'tts': False, 'timestamp': '2026-02-18T20:25:15.098000+00:00', 'pinned': False, 'nonce': '865486101713555832', 'mentions': [], 'mention_roles': [], 'mention_everyone': False, 'id': '1473777406199205910', 'flags': 0, 'embeds': [], 'edited_timestamp': None, 'content': 'Game has ended. Type !play to start a new game.', 'components': [], 'channel_type': 1, 'channel_id': '1429927921279045782', 'author': {'username': 'jpn_game_bot', 'public_flags': 0, 'primary_guild': None, 'id': '1428646367278006377', 'global_name': None, 'display_name_styles': None, 'discriminator': '2672', 'collectibles': None, 'clan': None, 'bot': True, 'avatar_decoration_data': None, 'avatar': None}, 'attachments': []}}
[2026-02-18 10:25:14] [DEBUG   ] discord.client: Dispatching event socket_event_type
[2026-02-18 10:25:14] [DEBUG   ] discord.client: Dispatching event message
[2026-02-18 10:25:14] [DEBUG   ] discord.http: POST https://discord.com/api/v10/channels/1429927921279045782/messages with {"content":"Game has ended. Type !play to start a new game.","components":[],"nonce":"865486101713555832","enforce_nonce":true,"tts":false} has returned 200
[2026-02-18 10:25:14] [DEBUG   ] discord.http: POST https://discord.com/api/v10/channels/1429927921279045782/messages has received {'type': 0, 'content': 'Game has ended. Type !play to start a new game.', 'mentions': [], 'mention_roles': [], 'attachments': [], 'embeds': [], 'timestamp': '2026-02-18T20:25:15.098000+00:00', 'edited_timestamp': None, 'flags': 0, 'components': [], 'id': '1473777406199205910', 'channel_id': '1429927921279045782', 'author': {'id': '1428646367278006377', 'username': 'jpn_game_bot', 'avatar': None, 'discriminator': '2672', 'public_flags': 0, 'flags': 0, 'bot': True, 'banner': None, 'accent_color': None, 'global_name': None, 'avatar_decoration_data': None, 'collectibles': None, 'display_name_styles': None, 'banner_color': None, 'clan': None, 'primary_guild': None}, 'pinned': False, 'mention_everyone': False, 'tts': False, 'nonce': '865486101713555832'}
[2026-02-18 10:25:40] [DEBUG   ] discord.gateway: Keeping shard ID None websocket alive with sequence 56.
[2026-02-18 10:25:41] [DEBUG   ] discord.gateway: For Shard ID None: WebSocket Event: {'t': None, 's': None, 'op': 11, 'd': None}
[2026-02-18 10:26:22] [DEBUG   ] discord.gateway: Keeping shard ID None websocket alive with sequence 56.
[2026-02-18 10:26:41] [DEBUG   ] discord.gateway: Timed out receiving packet. Attempting a reconnect.
[2026-02-18 10:26:41] [DEBUG   ] discord.client: Got a request to RESUME the websocket.
[2026-02-18 10:26:41] [DEBUG   ] discord.client: Dispatching event disconnect
[2026-02-18 10:26:41] [DEBUG   ] discord.client: Dispatching event disconnect
[2026-02-18 10:26:41] [ERROR   ] discord.client: Attempting a reconnect in 1.81s
Traceback (most recent call last):
  File "C:\Users\paten\AppData\Roaming\Python\Python314\site-packages\aiohttp\connector.py", line 1562, in _create_direct_connection
    hosts = await self._resolve_host(host, port, traces=traces)
            ^^^^^^^^^^^^^^^^^^^^^^^^^^^^^^^^^^^^^^^^^^^^^^^^^^^
  File "C:\Users\paten\AppData\Roaming\Python\Python314\site-packages\aiohttp\connector.py", line 1178, in _resolve_host
    return await asyncio.shield(resolved_host_task)
           ^^^^^^^^^^^^^^^^^^^^^^^^^^^^^^^^^^^^^^^^
  File "C:\Users\paten\AppData\Roaming\Python\Python314\site-packages\aiohttp\connector.py", line 1209, in _resolve_host_with_throttle
    addrs = await self._resolver.resolve(host, port, family=self._family)
            ^^^^^^^^^^^^^^^^^^^^^^^^^^^^^^^^^^^^^^^^^^^^^^^^^^^^^^^^^^^^^
  File "C:\Users\paten\AppData\Roaming\Python\Python314\site-packages\aiohttp\resolver.py", line 40, in resolve
    infos = await self._loop.getaddrinfo(
            ^^^^^^^^^^^^^^^^^^^^^^^^^^^^^
    ...<5 lines>...
    )
    ^
  File "C:\Python314\Lib\asyncio\base_events.py", line 936, in getaddrinfo
    return await self.run_in_executor(
           ^^^^^^^^^^^^^^^^^^^^^^^^^^^
        None, getaddr_func, host, port, family, type, proto, flags)
        ^^^^^^^^^^^^^^^^^^^^^^^^^^^^^^^^^^^^^^^^^^^^^^^^^^^^^^^^^^^
  File "C:\Python314\Lib\concurrent\futures\thread.py", line 86, in run
    result = ctx.run(self.task)
  File "C:\Python314\Lib\concurrent\futures\thread.py", line 73, in run
    return fn(*args, **kwargs)
  File "C:\Python314\Lib\socket.py", line 983, in getaddrinfo
    for res in _socket.getaddrinfo(host, port, family, type, proto, flags):
               ~~~~~~~~~~~~~~~~~~~^^^^^^^^^^^^^^^^^^^^^^^^^^^^^^^^^^^^^^^^
socket.gaierror: [Errno 11004] getaddrinfo failed

The above exception was the direct cause of the following exception:

Traceback (most recent call last):
  File "C:\Users\paten\AppData\Roaming\Python\Python314\site-packages\discord\client.py", line 724, in connect
    self.ws = await asyncio.wait_for(coro, timeout=60.0)
              ^^^^^^^^^^^^^^^^^^^^^^^^^^^^^^^^^^^^^^^^^^
  File "C:\Python314\Lib\asyncio\tasks.py", line 488, in wait_for
    return await fut
           ^^^^^^^^^
  File "C:\Users\paten\AppData\Roaming\Python\Python314\site-packages\discord\gateway.py", line 383, in from_client
    socket = await client.http.ws_connect(str(url))
             ^^^^^^^^^^^^^^^^^^^^^^^^^^^^^^^^^^^^^^
  File "C:\Users\paten\AppData\Roaming\Python\Python314\site-packages\discord\http.py", line 566, in ws_connect
    return await self.__session.ws_connect(url, **kwargs)
           ^^^^^^^^^^^^^^^^^^^^^^^^^^^^^^^^^^^^^^^^^^^^^^
  File "C:\Users\paten\AppData\Roaming\Python\Python314\site-packages\aiohttp\client.py", line 1076, in _ws_connect
    resp = await self.request(
           ^^^^^^^^^^^^^^^^^^^
    ...<11 lines>...
    )
    ^
  File "C:\Users\paten\AppData\Roaming\Python\Python314\site-packages\aiohttp\client.py", line 779, in _request
    resp = await handler(req)
           ^^^^^^^^^^^^^^^^^^
  File "C:\Users\paten\AppData\Roaming\Python\Python314\site-packages\aiohttp\client.py", line 734, in _connect_and_send_request
    conn = await self._connector.connect(
           ^^^^^^^^^^^^^^^^^^^^^^^^^^^^^^
        req, traces=traces, timeout=real_timeout
        ^^^^^^^^^^^^^^^^^^^^^^^^^^^^^^^^^^^^^^^^
    )
    ^
  File "C:\Users\paten\AppData\Roaming\Python\Python314\site-packages\aiohttp\connector.py", line 672, in connect
    proto = await self._create_connection(req, traces, timeout)
            ^^^^^^^^^^^^^^^^^^^^^^^^^^^^^^^^^^^^^^^^^^^^^^^^^^^
  File "C:\Users\paten\AppData\Roaming\Python\Python314\site-packages\aiohttp\connector.py", line 1239, in _create_connection
    _, proto = await self._create_direct_connection(req, traces, timeout)
               ^^^^^^^^^^^^^^^^^^^^^^^^^^^^^^^^^^^^^^^^^^^^^^^^^^^^^^^^^^
  File "C:\Users\paten\AppData\Roaming\Python\Python314\site-packages\aiohttp\connector.py", line 1568, in _create_direct_connection
    raise ClientConnectorDNSError(req.connection_key, exc) from exc
aiohttp.client_exceptions.ClientConnectorDNSError: Cannot connect to host gateway-us-east1-c.discord.gg:443 ssl:default [getaddrinfo failed]
[2026-02-18 10:26:43] [DEBUG   ] discord.client: Dispatching event disconnect
[2026-02-18 10:26:43] [ERROR   ] discord.client: Attempting a reconnect in 0.12s
Traceback (most recent call last):
  File "C:\Users\paten\AppData\Roaming\Python\Python314\site-packages\aiohttp\connector.py", line 1562, in _create_direct_connection
    hosts = await self._resolve_host(host, port, traces=traces)
            ^^^^^^^^^^^^^^^^^^^^^^^^^^^^^^^^^^^^^^^^^^^^^^^^^^^
  File "C:\Users\paten\AppData\Roaming\Python\Python314\site-packages\aiohttp\connector.py", line 1178, in _resolve_host
    return await asyncio.shield(resolved_host_task)
           ^^^^^^^^^^^^^^^^^^^^^^^^^^^^^^^^^^^^^^^^
  File "C:\Users\paten\AppData\Roaming\Python\Python314\site-packages\aiohttp\connector.py", line 1209, in _resolve_host_with_throttle
    addrs = await self._resolver.resolve(host, port, family=self._family)
            ^^^^^^^^^^^^^^^^^^^^^^^^^^^^^^^^^^^^^^^^^^^^^^^^^^^^^^^^^^^^^
  File "C:\Users\paten\AppData\Roaming\Python\Python314\site-packages\aiohttp\resolver.py", line 40, in resolve
    infos = await self._loop.getaddrinfo(
            ^^^^^^^^^^^^^^^^^^^^^^^^^^^^^
    ...<5 lines>...
    )
    ^
  File "C:\Python314\Lib\asyncio\base_events.py", line 936, in getaddrinfo
    return await self.run_in_executor(
           ^^^^^^^^^^^^^^^^^^^^^^^^^^^
        None, getaddr_func, host, port, family, type, proto, flags)
        ^^^^^^^^^^^^^^^^^^^^^^^^^^^^^^^^^^^^^^^^^^^^^^^^^^^^^^^^^^^
  File "C:\Python314\Lib\concurrent\futures\thread.py", line 86, in run
    result = ctx.run(self.task)
  File "C:\Python314\Lib\concurrent\futures\thread.py", line 73, in run
    return fn(*args, **kwargs)
  File "C:\Python314\Lib\socket.py", line 983, in getaddrinfo
    for res in _socket.getaddrinfo(host, port, family, type, proto, flags):
               ~~~~~~~~~~~~~~~~~~~^^^^^^^^^^^^^^^^^^^^^^^^^^^^^^^^^^^^^^^^
socket.gaierror: [Errno 11004] getaddrinfo failed

The above exception was the direct cause of the following exception:

Traceback (most recent call last):
  File "C:\Users\paten\AppData\Roaming\Python\Python314\site-packages\discord\client.py", line 724, in connect
    self.ws = await asyncio.wait_for(coro, timeout=60.0)
              ^^^^^^^^^^^^^^^^^^^^^^^^^^^^^^^^^^^^^^^^^^
  File "C:\Python314\Lib\asyncio\tasks.py", line 488, in wait_for
    return await fut
           ^^^^^^^^^
  File "C:\Users\paten\AppData\Roaming\Python\Python314\site-packages\discord\gateway.py", line 383, in from_client
    socket = await client.http.ws_connect(str(url))
             ^^^^^^^^^^^^^^^^^^^^^^^^^^^^^^^^^^^^^^
  File "C:\Users\paten\AppData\Roaming\Python\Python314\site-packages\discord\http.py", line 566, in ws_connect
    return await self.__session.ws_connect(url, **kwargs)
           ^^^^^^^^^^^^^^^^^^^^^^^^^^^^^^^^^^^^^^^^^^^^^^
  File "C:\Users\paten\AppData\Roaming\Python\Python314\site-packages\aiohttp\client.py", line 1076, in _ws_connect
    resp = await self.request(
           ^^^^^^^^^^^^^^^^^^^
    ...<11 lines>...
    )
    ^
  File "C:\Users\paten\AppData\Roaming\Python\Python314\site-packages\aiohttp\client.py", line 779, in _request
    resp = await handler(req)
           ^^^^^^^^^^^^^^^^^^
  File "C:\Users\paten\AppData\Roaming\Python\Python314\site-packages\aiohttp\client.py", line 734, in _connect_and_send_request
    conn = await self._connector.connect(
           ^^^^^^^^^^^^^^^^^^^^^^^^^^^^^^
        req, traces=traces, timeout=real_timeout
        ^^^^^^^^^^^^^^^^^^^^^^^^^^^^^^^^^^^^^^^^
    )
    ^
  File "C:\Users\paten\AppData\Roaming\Python\Python314\site-packages\aiohttp\connector.py", line 672, in connect
    proto = await self._create_connection(req, traces, timeout)
            ^^^^^^^^^^^^^^^^^^^^^^^^^^^^^^^^^^^^^^^^^^^^^^^^^^^
  File "C:\Users\paten\AppData\Roaming\Python\Python314\site-packages\aiohttp\connector.py", line 1239, in _create_connection
    _, proto = await self._create_direct_connection(req, traces, timeout)
               ^^^^^^^^^^^^^^^^^^^^^^^^^^^^^^^^^^^^^^^^^^^^^^^^^^^^^^^^^^
  File "C:\Users\paten\AppData\Roaming\Python\Python314\site-packages\aiohttp\connector.py", line 1568, in _create_direct_connection
    raise ClientConnectorDNSError(req.connection_key, exc) from exc
aiohttp.client_exceptions.ClientConnectorDNSError: Cannot connect to host gateway-us-east1-c.discord.gg:443 ssl:default [getaddrinfo failed]
[2026-02-18 10:26:43] [DEBUG   ] discord.client: Dispatching event disconnect
[2026-02-18 10:26:43] [ERROR   ] discord.client: Attempting a reconnect in 6.97s
Traceback (most recent call last):
  File "C:\Users\paten\AppData\Roaming\Python\Python314\site-packages\aiohttp\connector.py", line 1562, in _create_direct_connection
    hosts = await self._resolve_host(host, port, traces=traces)
            ^^^^^^^^^^^^^^^^^^^^^^^^^^^^^^^^^^^^^^^^^^^^^^^^^^^
  File "C:\Users\paten\AppData\Roaming\Python\Python314\site-packages\aiohttp\connector.py", line 1178, in _resolve_host
    return await asyncio.shield(resolved_host_task)
           ^^^^^^^^^^^^^^^^^^^^^^^^^^^^^^^^^^^^^^^^
  File "C:\Users\paten\AppData\Roaming\Python\Python314\site-packages\aiohttp\connector.py", line 1209, in _resolve_host_with_throttle
    addrs = await self._resolver.resolve(host, port, family=self._family)
            ^^^^^^^^^^^^^^^^^^^^^^^^^^^^^^^^^^^^^^^^^^^^^^^^^^^^^^^^^^^^^
  File "C:\Users\paten\AppData\Roaming\Python\Python314\site-packages\aiohttp\resolver.py", line 40, in resolve
    infos = await self._loop.getaddrinfo(
            ^^^^^^^^^^^^^^^^^^^^^^^^^^^^^
    ...<5 lines>...
    )
    ^
  File "C:\Python314\Lib\asyncio\base_events.py", line 936, in getaddrinfo
    return await self.run_in_executor(
           ^^^^^^^^^^^^^^^^^^^^^^^^^^^
        None, getaddr_func, host, port, family, type, proto, flags)
        ^^^^^^^^^^^^^^^^^^^^^^^^^^^^^^^^^^^^^^^^^^^^^^^^^^^^^^^^^^^
  File "C:\Python314\Lib\concurrent\futures\thread.py", line 86, in run
    result = ctx.run(self.task)
  File "C:\Python314\Lib\concurrent\futures\thread.py", line 73, in run
    return fn(*args, **kwargs)
  File "C:\Python314\Lib\socket.py", line 983, in getaddrinfo
    for res in _socket.getaddrinfo(host, port, family, type, proto, flags):
               ~~~~~~~~~~~~~~~~~~~^^^^^^^^^^^^^^^^^^^^^^^^^^^^^^^^^^^^^^^^
socket.gaierror: [Errno 11004] getaddrinfo failed

The above exception was the direct cause of the following exception:

Traceback (most recent call last):
  File "C:\Users\paten\AppData\Roaming\Python\Python314\site-packages\discord\client.py", line 724, in connect
    self.ws = await asyncio.wait_for(coro, timeout=60.0)
              ^^^^^^^^^^^^^^^^^^^^^^^^^^^^^^^^^^^^^^^^^^
  File "C:\Python314\Lib\asyncio\tasks.py", line 488, in wait_for
    return await fut
           ^^^^^^^^^
  File "C:\Users\paten\AppData\Roaming\Python\Python314\site-packages\discord\gateway.py", line 383, in from_client
    socket = await client.http.ws_connect(str(url))
             ^^^^^^^^^^^^^^^^^^^^^^^^^^^^^^^^^^^^^^
  File "C:\Users\paten\AppData\Roaming\Python\Python314\site-packages\discord\http.py", line 566, in ws_connect
    return await self.__session.ws_connect(url, **kwargs)
           ^^^^^^^^^^^^^^^^^^^^^^^^^^^^^^^^^^^^^^^^^^^^^^
  File "C:\Users\paten\AppData\Roaming\Python\Python314\site-packages\aiohttp\client.py", line 1076, in _ws_connect
    resp = await self.request(
           ^^^^^^^^^^^^^^^^^^^
    ...<11 lines>...
    )
    ^
  File "C:\Users\paten\AppData\Roaming\Python\Python314\site-packages\aiohttp\client.py", line 779, in _request
    resp = await handler(req)
           ^^^^^^^^^^^^^^^^^^
  File "C:\Users\paten\AppData\Roaming\Python\Python314\site-packages\aiohttp\client.py", line 734, in _connect_and_send_request
    conn = await self._connector.connect(
           ^^^^^^^^^^^^^^^^^^^^^^^^^^^^^^
        req, traces=traces, timeout=real_timeout
        ^^^^^^^^^^^^^^^^^^^^^^^^^^^^^^^^^^^^^^^^
    )
    ^
  File "C:\Users\paten\AppData\Roaming\Python\Python314\site-packages\aiohttp\connector.py", line 672, in connect
    proto = await self._create_connection(req, traces, timeout)
            ^^^^^^^^^^^^^^^^^^^^^^^^^^^^^^^^^^^^^^^^^^^^^^^^^^^
  File "C:\Users\paten\AppData\Roaming\Python\Python314\site-packages\aiohttp\connector.py", line 1239, in _create_connection
    _, proto = await self._create_direct_connection(req, traces, timeout)
               ^^^^^^^^^^^^^^^^^^^^^^^^^^^^^^^^^^^^^^^^^^^^^^^^^^^^^^^^^^
  File "C:\Users\paten\AppData\Roaming\Python\Python314\site-packages\aiohttp\connector.py", line 1568, in _create_direct_connection
    raise ClientConnectorDNSError(req.connection_key, exc) from exc
aiohttp.client_exceptions.ClientConnectorDNSError: Cannot connect to host gateway-us-east1-c.discord.gg:443 ssl:default [getaddrinfo failed]
[2026-02-18 10:26:50] [DEBUG   ] discord.client: Dispatching event disconnect
[2026-02-18 10:26:50] [ERROR   ] discord.client: Attempting a reconnect in 7.66s
Traceback (most recent call last):
  File "C:\Users\paten\AppData\Roaming\Python\Python314\site-packages\aiohttp\connector.py", line 1562, in _create_direct_connection
    hosts = await self._resolve_host(host, port, traces=traces)
            ^^^^^^^^^^^^^^^^^^^^^^^^^^^^^^^^^^^^^^^^^^^^^^^^^^^
  File "C:\Users\paten\AppData\Roaming\Python\Python314\site-packages\aiohttp\connector.py", line 1178, in _resolve_host
    return await asyncio.shield(resolved_host_task)
           ^^^^^^^^^^^^^^^^^^^^^^^^^^^^^^^^^^^^^^^^
  File "C:\Users\paten\AppData\Roaming\Python\Python314\site-packages\aiohttp\connector.py", line 1209, in _resolve_host_with_throttle
    addrs = await self._resolver.resolve(host, port, family=self._family)
            ^^^^^^^^^^^^^^^^^^^^^^^^^^^^^^^^^^^^^^^^^^^^^^^^^^^^^^^^^^^^^
  File "C:\Users\paten\AppData\Roaming\Python\Python314\site-packages\aiohttp\resolver.py", line 40, in resolve
    infos = await self._loop.getaddrinfo(
            ^^^^^^^^^^^^^^^^^^^^^^^^^^^^^
    ...<5 lines>...
    )
    ^
  File "C:\Python314\Lib\asyncio\base_events.py", line 936, in getaddrinfo
    return await self.run_in_executor(
           ^^^^^^^^^^^^^^^^^^^^^^^^^^^
        None, getaddr_func, host, port, family, type, proto, flags)
        ^^^^^^^^^^^^^^^^^^^^^^^^^^^^^^^^^^^^^^^^^^^^^^^^^^^^^^^^^^^
  File "C:\Python314\Lib\concurrent\futures\thread.py", line 86, in run
    result = ctx.run(self.task)
  File "C:\Python314\Lib\concurrent\futures\thread.py", line 73, in run
    return fn(*args, **kwargs)
  File "C:\Python314\Lib\socket.py", line 983, in getaddrinfo
    for res in _socket.getaddrinfo(host, port, family, type, proto, flags):
               ~~~~~~~~~~~~~~~~~~~^^^^^^^^^^^^^^^^^^^^^^^^^^^^^^^^^^^^^^^^
socket.gaierror: [Errno 11004] getaddrinfo failed

The above exception was the direct cause of the following exception:

Traceback (most recent call last):
  File "C:\Users\paten\AppData\Roaming\Python\Python314\site-packages\discord\client.py", line 724, in connect
    self.ws = await asyncio.wait_for(coro, timeout=60.0)
              ^^^^^^^^^^^^^^^^^^^^^^^^^^^^^^^^^^^^^^^^^^
  File "C:\Python314\Lib\asyncio\tasks.py", line 488, in wait_for
    return await fut
           ^^^^^^^^^
  File "C:\Users\paten\AppData\Roaming\Python\Python314\site-packages\discord\gateway.py", line 383, in from_client
    socket = await client.http.ws_connect(str(url))
             ^^^^^^^^^^^^^^^^^^^^^^^^^^^^^^^^^^^^^^
  File "C:\Users\paten\AppData\Roaming\Python\Python314\site-packages\discord\http.py", line 566, in ws_connect
    return await self.__session.ws_connect(url, **kwargs)
           ^^^^^^^^^^^^^^^^^^^^^^^^^^^^^^^^^^^^^^^^^^^^^^
  File "C:\Users\paten\AppData\Roaming\Python\Python314\site-packages\aiohttp\client.py", line 1076, in _ws_connect
    resp = await self.request(
           ^^^^^^^^^^^^^^^^^^^
    ...<11 lines>...
    )
    ^
  File "C:\Users\paten\AppData\Roaming\Python\Python314\site-packages\aiohttp\client.py", line 779, in _request
    resp = await handler(req)
           ^^^^^^^^^^^^^^^^^^
  File "C:\Users\paten\AppData\Roaming\Python\Python314\site-packages\aiohttp\client.py", line 734, in _connect_and_send_request
    conn = await self._connector.connect(
           ^^^^^^^^^^^^^^^^^^^^^^^^^^^^^^
        req, traces=traces, timeout=real_timeout
        ^^^^^^^^^^^^^^^^^^^^^^^^^^^^^^^^^^^^^^^^
    )
    ^
  File "C:\Users\paten\AppData\Roaming\Python\Python314\site-packages\aiohttp\connector.py", line 672, in connect
    proto = await self._create_connection(req, traces, timeout)
            ^^^^^^^^^^^^^^^^^^^^^^^^^^^^^^^^^^^^^^^^^^^^^^^^^^^
  File "C:\Users\paten\AppData\Roaming\Python\Python314\site-packages\aiohttp\connector.py", line 1239, in _create_connection
    _, proto = await self._create_direct_connection(req, traces, timeout)
               ^^^^^^^^^^^^^^^^^^^^^^^^^^^^^^^^^^^^^^^^^^^^^^^^^^^^^^^^^^
  File "C:\Users\paten\AppData\Roaming\Python\Python314\site-packages\aiohttp\connector.py", line 1568, in _create_direct_connection
    raise ClientConnectorDNSError(req.connection_key, exc) from exc
aiohttp.client_exceptions.ClientConnectorDNSError: Cannot connect to host gateway-us-east1-c.discord.gg:443 ssl:default [getaddrinfo failed]
[2026-02-18 10:26:57] [DEBUG   ] discord.client: Dispatching event disconnect
[2026-02-18 10:26:57] [ERROR   ] discord.client: Attempting a reconnect in 9.83s
Traceback (most recent call last):
  File "C:\Users\paten\AppData\Roaming\Python\Python314\site-packages\aiohttp\connector.py", line 1562, in _create_direct_connection
    hosts = await self._resolve_host(host, port, traces=traces)
            ^^^^^^^^^^^^^^^^^^^^^^^^^^^^^^^^^^^^^^^^^^^^^^^^^^^
  File "C:\Users\paten\AppData\Roaming\Python\Python314\site-packages\aiohttp\connector.py", line 1178, in _resolve_host
    return await asyncio.shield(resolved_host_task)
           ^^^^^^^^^^^^^^^^^^^^^^^^^^^^^^^^^^^^^^^^
  File "C:\Users\paten\AppData\Roaming\Python\Python314\site-packages\aiohttp\connector.py", line 1209, in _resolve_host_with_throttle
    addrs = await self._resolver.resolve(host, port, family=self._family)
            ^^^^^^^^^^^^^^^^^^^^^^^^^^^^^^^^^^^^^^^^^^^^^^^^^^^^^^^^^^^^^
  File "C:\Users\paten\AppData\Roaming\Python\Python314\site-packages\aiohttp\resolver.py", line 40, in resolve
    infos = await self._loop.getaddrinfo(
            ^^^^^^^^^^^^^^^^^^^^^^^^^^^^^
    ...<5 lines>...
    )
    ^
  File "C:\Python314\Lib\asyncio\base_events.py", line 936, in getaddrinfo
    return await self.run_in_executor(
           ^^^^^^^^^^^^^^^^^^^^^^^^^^^
        None, getaddr_func, host, port, family, type, proto, flags)
        ^^^^^^^^^^^^^^^^^^^^^^^^^^^^^^^^^^^^^^^^^^^^^^^^^^^^^^^^^^^
  File "C:\Python314\Lib\concurrent\futures\thread.py", line 86, in run
    result = ctx.run(self.task)
  File "C:\Python314\Lib\concurrent\futures\thread.py", line 73, in run
    return fn(*args, **kwargs)
  File "C:\Python314\Lib\socket.py", line 983, in getaddrinfo
    for res in _socket.getaddrinfo(host, port, family, type, proto, flags):
               ~~~~~~~~~~~~~~~~~~~^^^^^^^^^^^^^^^^^^^^^^^^^^^^^^^^^^^^^^^^
socket.gaierror: [Errno 11004] getaddrinfo failed

The above exception was the direct cause of the following exception:

Traceback (most recent call last):
  File "C:\Users\paten\AppData\Roaming\Python\Python314\site-packages\discord\client.py", line 724, in connect
    self.ws = await asyncio.wait_for(coro, timeout=60.0)
              ^^^^^^^^^^^^^^^^^^^^^^^^^^^^^^^^^^^^^^^^^^
  File "C:\Python314\Lib\asyncio\tasks.py", line 488, in wait_for
    return await fut
           ^^^^^^^^^
  File "C:\Users\paten\AppData\Roaming\Python\Python314\site-packages\discord\gateway.py", line 383, in from_client
    socket = await client.http.ws_connect(str(url))
             ^^^^^^^^^^^^^^^^^^^^^^^^^^^^^^^^^^^^^^
  File "C:\Users\paten\AppData\Roaming\Python\Python314\site-packages\discord\http.py", line 566, in ws_connect
    return await self.__session.ws_connect(url, **kwargs)
           ^^^^^^^^^^^^^^^^^^^^^^^^^^^^^^^^^^^^^^^^^^^^^^
  File "C:\Users\paten\AppData\Roaming\Python\Python314\site-packages\aiohttp\client.py", line 1076, in _ws_connect
    resp = await self.request(
           ^^^^^^^^^^^^^^^^^^^
    ...<11 lines>...
    )
    ^
  File "C:\Users\paten\AppData\Roaming\Python\Python314\site-packages\aiohttp\client.py", line 779, in _request
    resp = await handler(req)
           ^^^^^^^^^^^^^^^^^^
  File "C:\Users\paten\AppData\Roaming\Python\Python314\site-packages\aiohttp\client.py", line 734, in _connect_and_send_request
    conn = await self._connector.connect(
           ^^^^^^^^^^^^^^^^^^^^^^^^^^^^^^
        req, traces=traces, timeout=real_timeout
        ^^^^^^^^^^^^^^^^^^^^^^^^^^^^^^^^^^^^^^^^
    )
    ^
  File "C:\Users\paten\AppData\Roaming\Python\Python314\site-packages\aiohttp\connector.py", line 672, in connect
    proto = await self._create_connection(req, traces, timeout)
            ^^^^^^^^^^^^^^^^^^^^^^^^^^^^^^^^^^^^^^^^^^^^^^^^^^^
  File "C:\Users\paten\AppData\Roaming\Python\Python314\site-packages\aiohttp\connector.py", line 1239, in _create_connection
    _, proto = await self._create_direct_connection(req, traces, timeout)
               ^^^^^^^^^^^^^^^^^^^^^^^^^^^^^^^^^^^^^^^^^^^^^^^^^^^^^^^^^^
  File "C:\Users\paten\AppData\Roaming\Python\Python314\site-packages\aiohttp\connector.py", line 1568, in _create_direct_connection
    raise ClientConnectorDNSError(req.connection_key, exc) from exc
aiohttp.client_exceptions.ClientConnectorDNSError: Cannot connect to host gateway-us-east1-c.discord.gg:443 ssl:default [getaddrinfo failed]
[2026-02-18 10:27:07] [DEBUG   ] discord.client: Dispatching event disconnect
[2026-02-18 10:27:07] [ERROR   ] discord.client: Attempting a reconnect in 29.42s
Traceback (most recent call last):
  File "C:\Users\paten\AppData\Roaming\Python\Python314\site-packages\aiohttp\connector.py", line 1562, in _create_direct_connection
    hosts = await self._resolve_host(host, port, traces=traces)
            ^^^^^^^^^^^^^^^^^^^^^^^^^^^^^^^^^^^^^^^^^^^^^^^^^^^
  File "C:\Users\paten\AppData\Roaming\Python\Python314\site-packages\aiohttp\connector.py", line 1178, in _resolve_host
    return await asyncio.shield(resolved_host_task)
           ^^^^^^^^^^^^^^^^^^^^^^^^^^^^^^^^^^^^^^^^
  File "C:\Users\paten\AppData\Roaming\Python\Python314\site-packages\aiohttp\connector.py", line 1209, in _resolve_host_with_throttle
    addrs = await self._resolver.resolve(host, port, family=self._family)
            ^^^^^^^^^^^^^^^^^^^^^^^^^^^^^^^^^^^^^^^^^^^^^^^^^^^^^^^^^^^^^
  File "C:\Users\paten\AppData\Roaming\Python\Python314\site-packages\aiohttp\resolver.py", line 40, in resolve
    infos = await self._loop.getaddrinfo(
            ^^^^^^^^^^^^^^^^^^^^^^^^^^^^^
    ...<5 lines>...
    )
    ^
  File "C:\Python314\Lib\asyncio\base_events.py", line 936, in getaddrinfo
    return await self.run_in_executor(
           ^^^^^^^^^^^^^^^^^^^^^^^^^^^
        None, getaddr_func, host, port, family, type, proto, flags)
        ^^^^^^^^^^^^^^^^^^^^^^^^^^^^^^^^^^^^^^^^^^^^^^^^^^^^^^^^^^^
  File "C:\Python314\Lib\concurrent\futures\thread.py", line 86, in run
    result = ctx.run(self.task)
  File "C:\Python314\Lib\concurrent\futures\thread.py", line 73, in run
    return fn(*args, **kwargs)
  File "C:\Python314\Lib\socket.py", line 983, in getaddrinfo
    for res in _socket.getaddrinfo(host, port, family, type, proto, flags):
               ~~~~~~~~~~~~~~~~~~~^^^^^^^^^^^^^^^^^^^^^^^^^^^^^^^^^^^^^^^^
socket.gaierror: [Errno 11004] getaddrinfo failed

The above exception was the direct cause of the following exception:

Traceback (most recent call last):
  File "C:\Users\paten\AppData\Roaming\Python\Python314\site-packages\discord\client.py", line 724, in connect
    self.ws = await asyncio.wait_for(coro, timeout=60.0)
              ^^^^^^^^^^^^^^^^^^^^^^^^^^^^^^^^^^^^^^^^^^
  File "C:\Python314\Lib\asyncio\tasks.py", line 488, in wait_for
    return await fut
           ^^^^^^^^^
  File "C:\Users\paten\AppData\Roaming\Python\Python314\site-packages\discord\gateway.py", line 383, in from_client
    socket = await client.http.ws_connect(str(url))
             ^^^^^^^^^^^^^^^^^^^^^^^^^^^^^^^^^^^^^^
  File "C:\Users\paten\AppData\Roaming\Python\Python314\site-packages\discord\http.py", line 566, in ws_connect
    return await self.__session.ws_connect(url, **kwargs)
           ^^^^^^^^^^^^^^^^^^^^^^^^^^^^^^^^^^^^^^^^^^^^^^
  File "C:\Users\paten\AppData\Roaming\Python\Python314\site-packages\aiohttp\client.py", line 1076, in _ws_connect
    resp = await self.request(
           ^^^^^^^^^^^^^^^^^^^
    ...<11 lines>...
    )
    ^
  File "C:\Users\paten\AppData\Roaming\Python\Python314\site-packages\aiohttp\client.py", line 779, in _request
    resp = await handler(req)
           ^^^^^^^^^^^^^^^^^^
  File "C:\Users\paten\AppData\Roaming\Python\Python314\site-packages\aiohttp\client.py", line 734, in _connect_and_send_request
    conn = await self._connector.connect(
           ^^^^^^^^^^^^^^^^^^^^^^^^^^^^^^
        req, traces=traces, timeout=real_timeout
        ^^^^^^^^^^^^^^^^^^^^^^^^^^^^^^^^^^^^^^^^
    )
    ^
  File "C:\Users\paten\AppData\Roaming\Python\Python314\site-packages\aiohttp\connector.py", line 672, in connect
    proto = await self._create_connection(req, traces, timeout)
            ^^^^^^^^^^^^^^^^^^^^^^^^^^^^^^^^^^^^^^^^^^^^^^^^^^^
  File "C:\Users\paten\AppData\Roaming\Python\Python314\site-packages\aiohttp\connector.py", line 1239, in _create_connection
    _, proto = await self._create_direct_connection(req, traces, timeout)
               ^^^^^^^^^^^^^^^^^^^^^^^^^^^^^^^^^^^^^^^^^^^^^^^^^^^^^^^^^^
  File "C:\Users\paten\AppData\Roaming\Python\Python314\site-packages\aiohttp\connector.py", line 1568, in _create_direct_connection
    raise ClientConnectorDNSError(req.connection_key, exc) from exc
aiohttp.client_exceptions.ClientConnectorDNSError: Cannot connect to host gateway-us-east1-c.discord.gg:443 ssl:default [getaddrinfo failed]
[2026-02-18 10:27:37] [DEBUG   ] discord.client: Dispatching event disconnect
[2026-02-18 10:27:37] [ERROR   ] discord.client: Attempting a reconnect in 73.69s
Traceback (most recent call last):
  File "C:\Users\paten\AppData\Roaming\Python\Python314\site-packages\aiohttp\connector.py", line 1562, in _create_direct_connection
    hosts = await self._resolve_host(host, port, traces=traces)
            ^^^^^^^^^^^^^^^^^^^^^^^^^^^^^^^^^^^^^^^^^^^^^^^^^^^
  File "C:\Users\paten\AppData\Roaming\Python\Python314\site-packages\aiohttp\connector.py", line 1178, in _resolve_host
    return await asyncio.shield(resolved_host_task)
           ^^^^^^^^^^^^^^^^^^^^^^^^^^^^^^^^^^^^^^^^
  File "C:\Users\paten\AppData\Roaming\Python\Python314\site-packages\aiohttp\connector.py", line 1209, in _resolve_host_with_throttle
    addrs = await self._resolver.resolve(host, port, family=self._family)
            ^^^^^^^^^^^^^^^^^^^^^^^^^^^^^^^^^^^^^^^^^^^^^^^^^^^^^^^^^^^^^
  File "C:\Users\paten\AppData\Roaming\Python\Python314\site-packages\aiohttp\resolver.py", line 40, in resolve
    infos = await self._loop.getaddrinfo(
            ^^^^^^^^^^^^^^^^^^^^^^^^^^^^^
    ...<5 lines>...
    )
    ^
  File "C:\Python314\Lib\asyncio\base_events.py", line 936, in getaddrinfo
    return await self.run_in_executor(
           ^^^^^^^^^^^^^^^^^^^^^^^^^^^
        None, getaddr_func, host, port, family, type, proto, flags)
        ^^^^^^^^^^^^^^^^^^^^^^^^^^^^^^^^^^^^^^^^^^^^^^^^^^^^^^^^^^^
  File "C:\Python314\Lib\concurrent\futures\thread.py", line 86, in run
    result = ctx.run(self.task)
  File "C:\Python314\Lib\concurrent\futures\thread.py", line 73, in run
    return fn(*args, **kwargs)
  File "C:\Python314\Lib\socket.py", line 983, in getaddrinfo
    for res in _socket.getaddrinfo(host, port, family, type, proto, flags):
               ~~~~~~~~~~~~~~~~~~~^^^^^^^^^^^^^^^^^^^^^^^^^^^^^^^^^^^^^^^^
socket.gaierror: [Errno 11004] getaddrinfo failed

The above exception was the direct cause of the following exception:

Traceback (most recent call last):
  File "C:\Users\paten\AppData\Roaming\Python\Python314\site-packages\discord\client.py", line 724, in connect
    self.ws = await asyncio.wait_for(coro, timeout=60.0)
              ^^^^^^^^^^^^^^^^^^^^^^^^^^^^^^^^^^^^^^^^^^
  File "C:\Python314\Lib\asyncio\tasks.py", line 488, in wait_for
    return await fut
           ^^^^^^^^^
  File "C:\Users\paten\AppData\Roaming\Python\Python314\site-packages\discord\gateway.py", line 383, in from_client
    socket = await client.http.ws_connect(str(url))
             ^^^^^^^^^^^^^^^^^^^^^^^^^^^^^^^^^^^^^^
  File "C:\Users\paten\AppData\Roaming\Python\Python314\site-packages\discord\http.py", line 566, in ws_connect
    return await self.__session.ws_connect(url, **kwargs)
           ^^^^^^^^^^^^^^^^^^^^^^^^^^^^^^^^^^^^^^^^^^^^^^
  File "C:\Users\paten\AppData\Roaming\Python\Python314\site-packages\aiohttp\client.py", line 1076, in _ws_connect
    resp = await self.request(
           ^^^^^^^^^^^^^^^^^^^
    ...<11 lines>...
    )
    ^
  File "C:\Users\paten\AppData\Roaming\Python\Python314\site-packages\aiohttp\client.py", line 779, in _request
    resp = await handler(req)
           ^^^^^^^^^^^^^^^^^^
  File "C:\Users\paten\AppData\Roaming\Python\Python314\site-packages\aiohttp\client.py", line 734, in _connect_and_send_request
    conn = await self._connector.connect(
           ^^^^^^^^^^^^^^^^^^^^^^^^^^^^^^
        req, traces=traces, timeout=real_timeout
        ^^^^^^^^^^^^^^^^^^^^^^^^^^^^^^^^^^^^^^^^
    )
    ^
  File "C:\Users\paten\AppData\Roaming\Python\Python314\site-packages\aiohttp\connector.py", line 672, in connect
    proto = await self._create_connection(req, traces, timeout)
            ^^^^^^^^^^^^^^^^^^^^^^^^^^^^^^^^^^^^^^^^^^^^^^^^^^^
  File "C:\Users\paten\AppData\Roaming\Python\Python314\site-packages\aiohttp\connector.py", line 1239, in _create_connection
    _, proto = await self._create_direct_connection(req, traces, timeout)
               ^^^^^^^^^^^^^^^^^^^^^^^^^^^^^^^^^^^^^^^^^^^^^^^^^^^^^^^^^^
  File "C:\Users\paten\AppData\Roaming\Python\Python314\site-packages\aiohttp\connector.py", line 1568, in _create_direct_connection
    raise ClientConnectorDNSError(req.connection_key, exc) from exc
aiohttp.client_exceptions.ClientConnectorDNSError: Cannot connect to host gateway-us-east1-c.discord.gg:443 ssl:default [getaddrinfo failed]
[2026-02-18 10:28:50] [DEBUG   ] discord.client: Dispatching event disconnect
[2026-02-18 10:28:50] [ERROR   ] discord.client: Attempting a reconnect in 222.83s
Traceback (most recent call last):
  File "C:\Users\paten\AppData\Roaming\Python\Python314\site-packages\aiohttp\connector.py", line 1562, in _create_direct_connection
    hosts = await self._resolve_host(host, port, traces=traces)
            ^^^^^^^^^^^^^^^^^^^^^^^^^^^^^^^^^^^^^^^^^^^^^^^^^^^
  File "C:\Users\paten\AppData\Roaming\Python\Python314\site-packages\aiohttp\connector.py", line 1178, in _resolve_host
    return await asyncio.shield(resolved_host_task)
           ^^^^^^^^^^^^^^^^^^^^^^^^^^^^^^^^^^^^^^^^
  File "C:\Users\paten\AppData\Roaming\Python\Python314\site-packages\aiohttp\connector.py", line 1209, in _resolve_host_with_throttle
    addrs = await self._resolver.resolve(host, port, family=self._family)
            ^^^^^^^^^^^^^^^^^^^^^^^^^^^^^^^^^^^^^^^^^^^^^^^^^^^^^^^^^^^^^
  File "C:\Users\paten\AppData\Roaming\Python\Python314\site-packages\aiohttp\resolver.py", line 40, in resolve
    infos = await self._loop.getaddrinfo(
            ^^^^^^^^^^^^^^^^^^^^^^^^^^^^^
    ...<5 lines>...
    )
    ^
  File "C:\Python314\Lib\asyncio\base_events.py", line 936, in getaddrinfo
    return await self.run_in_executor(
           ^^^^^^^^^^^^^^^^^^^^^^^^^^^
        None, getaddr_func, host, port, family, type, proto, flags)
        ^^^^^^^^^^^^^^^^^^^^^^^^^^^^^^^^^^^^^^^^^^^^^^^^^^^^^^^^^^^
  File "C:\Python314\Lib\concurrent\futures\thread.py", line 86, in run
    result = ctx.run(self.task)
  File "C:\Python314\Lib\concurrent\futures\thread.py", line 73, in run
    return fn(*args, **kwargs)
  File "C:\Python314\Lib\socket.py", line 983, in getaddrinfo
    for res in _socket.getaddrinfo(host, port, family, type, proto, flags):
               ~~~~~~~~~~~~~~~~~~~^^^^^^^^^^^^^^^^^^^^^^^^^^^^^^^^^^^^^^^^
socket.gaierror: [Errno 11004] getaddrinfo failed

The above exception was the direct cause of the following exception:

Traceback (most recent call last):
  File "C:\Users\paten\AppData\Roaming\Python\Python314\site-packages\discord\client.py", line 724, in connect
    self.ws = await asyncio.wait_for(coro, timeout=60.0)
              ^^^^^^^^^^^^^^^^^^^^^^^^^^^^^^^^^^^^^^^^^^
  File "C:\Python314\Lib\asyncio\tasks.py", line 488, in wait_for
    return await fut
           ^^^^^^^^^
  File "C:\Users\paten\AppData\Roaming\Python\Python314\site-packages\discord\gateway.py", line 383, in from_client
    socket = await client.http.ws_connect(str(url))
             ^^^^^^^^^^^^^^^^^^^^^^^^^^^^^^^^^^^^^^
  File "C:\Users\paten\AppData\Roaming\Python\Python314\site-packages\discord\http.py", line 566, in ws_connect
    return await self.__session.ws_connect(url, **kwargs)
           ^^^^^^^^^^^^^^^^^^^^^^^^^^^^^^^^^^^^^^^^^^^^^^
  File "C:\Users\paten\AppData\Roaming\Python\Python314\site-packages\aiohttp\client.py", line 1076, in _ws_connect
    resp = await self.request(
           ^^^^^^^^^^^^^^^^^^^
    ...<11 lines>...
    )
    ^
  File "C:\Users\paten\AppData\Roaming\Python\Python314\site-packages\aiohttp\client.py", line 779, in _request
    resp = await handler(req)
           ^^^^^^^^^^^^^^^^^^
  File "C:\Users\paten\AppData\Roaming\Python\Python314\site-packages\aiohttp\client.py", line 734, in _connect_and_send_request
    conn = await self._connector.connect(
           ^^^^^^^^^^^^^^^^^^^^^^^^^^^^^^
        req, traces=traces, timeout=real_timeout
        ^^^^^^^^^^^^^^^^^^^^^^^^^^^^^^^^^^^^^^^^
    )
    ^
  File "C:\Users\paten\AppData\Roaming\Python\Python314\site-packages\aiohttp\connector.py", line 672, in connect
    proto = await self._create_connection(req, traces, timeout)
            ^^^^^^^^^^^^^^^^^^^^^^^^^^^^^^^^^^^^^^^^^^^^^^^^^^^
  File "C:\Users\paten\AppData\Roaming\Python\Python314\site-packages\aiohttp\connector.py", line 1239, in _create_connection
    _, proto = await self._create_direct_connection(req, traces, timeout)
               ^^^^^^^^^^^^^^^^^^^^^^^^^^^^^^^^^^^^^^^^^^^^^^^^^^^^^^^^^^
  File "C:\Users\paten\AppData\Roaming\Python\Python314\site-packages\aiohttp\connector.py", line 1568, in _create_direct_connection
    raise ClientConnectorDNSError(req.connection_key, exc) from exc
aiohttp.client_exceptions.ClientConnectorDNSError: Cannot connect to host gateway-us-east1-c.discord.gg:443 ssl:default [getaddrinfo failed]
