[2026-02-20 10:40:23] [INFO    ] discord.client: logging in using static token
[2026-02-20 10:40:23] [DEBUG   ] discord.http: GET https://discord.com/api/v10/users/@me with None has returned 200
[2026-02-20 10:40:23] [DEBUG   ] discord.http: GET /users/@me has found its initial rate limit bucket hash (78bb8553d9352a5a2f89f9def401287a).
[2026-02-20 10:40:23] [DEBUG   ] discord.http: GET https://discord.com/api/v10/users/@me has received {'id': '1428646367278006377', 'username': 'Yonde Sensee', 'avatar': None, 'discriminator': '2672', 'public_flags': 0, 'flags': 0, 'bot': True, 'banner': None, 'accent_color': None, 'global_name': None, 'avatar_decoration_data': None, 'collectibles': None, 'display_name_styles': None, 'banner_color': None, 'clan': None, 'primary_guild': None, 'mfa_enabled': False, 'locale': 'en-US', 'premium_type': 0, 'email': None, 'verified': True, 'bio': ''}
[2026-02-20 10:40:24] [DEBUG   ] discord.http: GET https://discord.com/api/v10/oauth2/applications/@me with None has returned 200
[2026-02-20 10:40:24] [DEBUG   ] discord.http: GET /oauth2/applications/@me has found its initial rate limit bucket hash (d28a133af187e91d71d96a223467ce49).
[2026-02-20 10:40:24] [DEBUG   ] discord.http: GET https://discord.com/api/v10/oauth2/applications/@me has received {'id': '1428646367278006377', 'name': 'Yonde Sensee', 'icon': None, 'description': 'Improve your Japanese reading comprehension skills by interacting with this bot to play a game! ', 'type': None, 'bot': {'id': '1428646367278006377', 'username': 'Yonde Sensee', 'avatar': None, 'discriminator': '2672', 'public_flags': 0, 'flags': 0, 'bot': True, 'banner': None, 'accent_color': None, 'global_name': None, 'avatar_decoration_data': None, 'collectibles': None, 'display_name_styles': None, 'banner_color': None, 'clan': None, 'primary_guild': None}, 'summary': '', 'is_monetized': False, 'is_verified': False, 'is_discoverable': False, 'bot_public': True, 'bot_require_code_grant': False, 'install_params': {'scopes': ['applications.commands'], 'permissions': '0'}, 'integration_types_config': {'0': {'oauth2_install_params': {'scopes': ['applications.commands'], 'permissions': '0'}}, '1': {'oauth2_install_params': {'scopes': ['applications.commands'], 'permissions': '0'}}}, 'verify_key': '2e11e7144d90df855a11307e02eec80d5a9bc11bc36be46808a3f43d485255a8', 'flags': 557056, 'hook': True, 'storefront_available': False, 'redirect_uris': [], 'interactions_endpoint_url': None, 'role_connections_verification_url': None, 'owner': {'id': '621929387259985921', 'username': 'funnyman1469', 'avatar': 'd42f0c09648e8e0ba07480f6adfe506a', 'discriminator': '0', 'public_flags': 0, 'flags': 0, 'banner': None, 'accent_color': 14798409, 'global_name': 'FUNNYMAN 1469', 'avatar_decoration_data': None, 'collectibles': None, 'display_name_styles': None, 'banner_color': '#e1ce49', 'clan': None, 'primary_guild': None}, 'approximate_guild_count': 1, 'approximate_user_install_count': 0, 'approximate_user_authorization_count': 0, 'interactions_event_types': [], 'interactions_version': 1, 'explicit_content_filter': 0, 'rpc_application_state': 0, 'store_application_state': 1, 'verification_state': 1, 'integration_public': True, 'integration_require_code_grant': False, 'discoverability_state': 1, 'discovery_eligibility_flags': 228, 'monetization_state': 1, 'verification_eligibility_flags': 91036, 'monetization_eligibility_flags': 181988, 'bot_approximate_guild_count': 1, 'team': None, 'internal_guild_restriction': 2, 'approved_consoles': [], 'pricing_localization_strategy': 'localized_price_sets'}
[2026-02-20 10:40:24] [DEBUG   ] discord.gateway: Created websocket connected to wss://gateway.discord.gg/
[2026-02-20 10:40:24] [DEBUG   ] discord.gateway: For Shard ID None: WebSocket Event: {'t': None, 's': None, 'op': 10, 'd': {'heartbeat_interval': 41250, '_trace': ['["gateway-prd-arm-us-east1-d-3lg0",{"micros":0.0}]']}}
[2026-02-20 10:40:24] [DEBUG   ] discord.gateway: Shard ID None has sent the IDENTIFY payload.
[2026-02-20 10:40:24] [DEBUG   ] discord.gateway: For Shard ID None: WebSocket Event: {'t': None, 's': None, 'op': 11, 'd': None}
[2026-02-20 10:40:24] [DEBUG   ] discord.gateway: For Shard ID None: WebSocket Event: {'t': 'READY', 's': 1, 'op': 0, 'd': {'v': 10, 'user_settings': {}, 'user': {'verified': True, 'username': 'Yonde Sensee', 'primary_guild': None, 'mfa_enabled': False, 'id': '1428646367278006377', 'global_name': None, 'flags': 0, 'email': None, 'discriminator': '2672', 'clan': None, 'bot': True, 'avatar': None}, 'session_type': 'normal', 'session_id': '0629fb54b0e88f3e31dc30b5308c407e', 'resume_gateway_url': 'wss://gateway-us-east1-d.discord.gg', 'relationships': [], 'private_channels': [], 'presences': [], 'guilds': [{'unavailable': True, 'id': '1429904071564722189'}], 'guild_join_requests': [], 'geo_ordered_rtc_regions': ['santa-clara', 'us-west', 'oregon', 'seattle', 'us-south'], 'game_relationships': [], 'auth': {}, 'application': {'id': '1428646367278006377', 'flags': 557056}, '_trace': ['["gateway-prd-arm-us-east1-d-3lg0",{"micros":120881,"calls":["id_created",{"micros":622,"calls":[]},"session_lookup_time",{"micros":3278,"calls":[]},"session_lookup_finished",{"micros":24,"calls":[]},"discord-sessions-prd-2-48",{"micros":116503,"calls":["start_session",{"micros":93546,"calls":["discord-api-rpc-7db444984-gfv64",{"micros":39460,"calls":["get_user",{"micros":5771},"get_guilds",{"micros":3982},"send_scheduled_deletion_message",{"micros":18},"guild_join_requests",{"micros":4},"authorized_ip_coro",{"micros":10},"pending_payments",{"micros":1144},"apex_experiments",{"micros":44882},"sessions_experiments",{"micros":6},"user_activities",{"micros":4},"played_application_ids",{"micros":13},"linked_users",{"micros":4},"ad_personalization_toggles_disabled",{"micros":3},"regional_feature_config",{"micros":3}]}]},"starting_guild_connect",{"micros":35,"calls":[]},"presence_started",{"micros":6523,"calls":[]},"guilds_started",{"micros":74,"calls":[]},"lobbies_started",{"micros":1,"calls":[]},"guilds_connect",{"micros":2,"calls":[]},"presence_connect",{"micros":16294,"calls":[]},"connect_finished",{"micros":16309,"calls":[]},"build_ready",{"micros":12,"calls":[]},"clean_ready",{"micros":1,"calls":[]},"optimize_ready",{"micros":0,"calls":[]},"split_ready",{"micros":1,"calls":[]}]}]}]']}}
[2026-02-20 10:40:24] [DEBUG   ] discord.client: Dispatching event socket_event_type
[2026-02-20 10:40:24] [INFO    ] discord.gateway: Shard ID None has connected to Gateway (Session ID: 0629fb54b0e88f3e31dc30b5308c407e).
[2026-02-20 10:40:24] [DEBUG   ] discord.client: Dispatching event connect
[2026-02-20 10:40:24] [DEBUG   ] discord.gateway: For Shard ID None: WebSocket Event: {'t': 'GUILD_CREATE', 's': 2, 'op': 0, 'd': {'voice_states': [], 'member_count': 2, 'afk_channel_id': None, 'application_id': None, 'stage_instances': [], 'unavailable': False, 'profile': None, 'icon': 'c46b778a392112fa20b53d8f97752cb4', 'mfa_level': 0, 'owner_id': '621929387259985921', 'system_channel_flags': 0, 'channels': [{'version': 1760986097164, 'type': 4, 'position': 0, 'permission_overwrites': [], 'name': 'Text Channels', 'id': '1429904072252723251', 'flags': 0}, {'version': 1760986097168, 'type': 4, 'position': 0, 'permission_overwrites': [], 'name': 'Voice Channels', 'id': '1429904072252723252', 'flags': 0}, {'version': 1760986097183, 'user_limit': 0, 'type': 2, 'rtc_region': None, 'rate_limit_per_user': 0, 'position': 0, 'permission_overwrites': [], 'parent_id': '1429904072252723252', 'name': 'General', 'last_message_id': None, 'id': '1429904072252723254', 'icon_emoji': {'name': 'üéô', 'id': None}, 'flags': 0, 'bitrate': 64000}, {'version': 1771556882032, 'type': 0, 'topic': None, 'rate_limit_per_user': 0, 'position': 0, 'permission_overwrites': [{'type': 0, 'id': '1429904071564722189', 'deny': '8515565891287056', 'allow': '0'}], 'parent_id': '1429904072252723251', 'name': 'welcome', 'last_message_id': '1474243261945221141', 'id': '1474231585179046092', 'flags': 0}, {'version': 1771557763090, 'type': 0, 'topic': 'Dedicated to interacting with the discord bot to avoid spamming !play in other channels.', 'rate_limit_per_user': 0, 'position': 1, 'permission_overwrites': [], 'parent_id': '1429904072252723251', 'name': 'yondee-sensee', 'last_message_id': '1474494380395069665', 'id': '1474243313006543041', 'flags': 0}, {'version': 1771557763095, 'type': 0, 'topic': 'Message any suggestions for improvement you have!', 'rate_limit_per_user': 0, 'position': 2, 'permission_overwrites': [], 'parent_id': '1429904072252723251', 'name': 'improvements', 'last_message_id': None, 'id': '1474243340739412080', 'flags': 0}, {'version': 1771557449673, 'type': 0, 'topic': None, 'rate_limit_per_user': 0, 'position': 4, 'permission_overwrites': [], 'parent_id': '1429904072252723251', 'name': 'general-questions', 'last_message_id': None, 'id': '1474243538375151659', 'flags': 0}, {'version': 1771557677946, 'type': 0, 'topic': 'Have any questions about Japanese? Ask them here and see if anyone can help!', 'rate_limit_per_user': 0, 'position': 5, 'permission_overwrites': [], 'parent_id': '1429904072252723251', 'name': 'japanese-questions', 'last_message_id': None, 'id': '1474243560789377045', 'flags': 0}, {'version': 1771557616635, 'type': 0, 'topic': 'No English, only Japanese here! Practice having discussions with each other!', 'rate_limit_per_user': 0, 'position': 6, 'permission_overwrites': [], 'parent_id': '1429904072252723251', 'name': 'japanese-only', 'last_pin_timestamp': '2026-02-20T03:20:16.631000+00:00', 'last_message_id': '1474244238710538373', 'id': '1474243603499843645', 'flags': 0}, {'version': 1771557763103, 'type': 0, 'topic': None, 'rate_limit_per_user': 0, 'position': 3, 'permission_overwrites': [], 'parent_id': '1429904072252723251', 'name': 'general', 'last_message_id': None, 'id': '1474244835815985286', 'flags': 0}], 'nsfw_level': 0, 'default_message_notifications': 0, 'id': '1429904071564722189', 'emojis': [], 'name': 'Japanese Reading Game', 'premium_progress_bar_enabled_user_updated_at': None, 'embedded_activities': [], 'max_video_channel_users': 25, 'lazy': True, 'large': False, 'soundboard_sounds': [], 'threads': [], 'explicit_content_filter': 0, 'application_command_counts': {}, 'nsfw': False, 'max_members': 25000000, 'description': None, 'presences': [], 'premium_progress_bar_enabled': False, 'afk_timeout': 300, 'discovery_splash': None, 'owner_configured_content_level': 0, 'public_updates_channel_id': None, 'premium_features': None, 'system_channel_id': None, 'members': [{'user': {'username': 'Yonde Sensee', 'public_flags': 0, 'primary_guild': None, 'id': '1428646367278006377', 'global_name': None, 'display_name_styles': None, 'display_name': None, 'discriminator': '2672', 'collectibles': None, 'bot': True, 'avatar_decoration_data': None, 'avatar': None}, 'roles': ['1429904276226048085'], 'premium_since': None, 'pending': False, 'nick': None, 'mute': False, 'joined_at': '2025-10-20T18:49:05.853000+00:00', 'flags': 0, 'deaf': False, 'communication_disabled_until': None, 'banner': None, 'avatar': None}], 'activity_instances': [], 'safety_alerts_channel_id': None, 'premium_subscription_count': 0, 'features': [], 'guild_scheduled_events': [], 'incidents_data': None, 'inventory_settings': None, 'moderator_reporting': None, 'home_header': None, 'hub_type': None, 'rules_channel_id': None, 'roles': [{'version': 1771556800898, 'unicode_emoji': None, 'tags': {}, 'position': 0, 'permissions': '2248404746358337', 'name': '@everyone', 'mentionable': False, 'managed': False, 'id': '1429904071564722189', 'icon': None, 'hoist': False, 'flags': 0, 'colors': {'tertiary_color': None, 'secondary_color': None, 'primary_color': 0}, 'color': 0}, {'version': 1771556800713, 'unicode_emoji': None, 'tags': {'bot_id': '1428646367278006377'}, 'position': 2, 'permissions': '2147559424', 'name': 'jpn_game_bot', 'mentionable': False, 'managed': True, 'id': '1429904276226048085', 'icon': None, 'hoist': False, 'flags': 0, 'colors': {'tertiary_color': None, 'secondary_color': None, 'primary_color': 0}, 'color': 0}, {'version': 1771556712104, 'unicode_emoji': None, 'tags': {}, 'position': 1, 'permissions': '0', 'name': 'new role', 'mentionable': False, 'managed': False, 'id': '1474240444480098386', 'icon': None, 'hoist': False, 'flags': 0, 'colors': {'tertiary_color': None, 'secondary_color': None, 'primary_color': 0}, 'color': 0}], 'max_stage_video_channel_users': 50, 'preferred_locale': 'en-US', 'splash': None, 'vanity_url_code': None, 'version': 1771557866639, 'latest_onboarding_question_id': None, 'verification_level': 0, 'stickers': [], 'banner': None, 'joined_at': '2025-10-20T18:49:05.853000+00:00', 'premium_tier': 0, 'region': 'deprecated'}}
[2026-02-20 10:40:24] [DEBUG   ] discord.client: Dispatching event socket_event_type
[2026-02-20 10:40:25] [DEBUG   ] discord.gateway: For Shard ID None: WebSocket Event: {'t': 'GUILD_MEMBERS_CHUNK', 's': 3, 'op': 0, 'd': {'nonce': '28a043e3707c82c42e0c8ea6125a8750', 'members': [{'user': {'username': 'funnyman1469', 'public_flags': 0, 'primary_guild': None, 'id': '621929387259985921', 'global_name': 'FUNNYMAN 1469', 'display_name_styles': None, 'display_name': 'FUNNYMAN 1469', 'discriminator': '0', 'collectibles': None, 'bot': False, 'avatar_decoration_data': None, 'avatar': 'd42f0c09648e8e0ba07480f6adfe506a'}, 'roles': [], 'premium_since': None, 'pending': False, 'nick': None, 'mute': False, 'joined_at': '2025-10-20T18:48:17.093000+00:00', 'flags': 0, 'deaf': False, 'communication_disabled_until': None, 'banner': None, 'avatar': None}, {'user': {'username': 'Yonde Sensee', 'public_flags': 0, 'primary_guild': None, 'id': '1428646367278006377', 'global_name': None, 'display_name_styles': None, 'display_name': None, 'discriminator': '2672', 'collectibles': None, 'bot': True, 'avatar_decoration_data': None, 'avatar': None}, 'roles': ['1429904276226048085'], 'premium_since': None, 'pending': False, 'nick': None, 'mute': False, 'joined_at': '2025-10-20T18:49:05.853000+00:00', 'flags': 0, 'deaf': False, 'communication_disabled_until': None, 'banner': None, 'avatar': None}], 'guild_id': '1429904071564722189', 'chunk_index': 0, 'chunk_count': 1}}
[2026-02-20 10:40:25] [DEBUG   ] discord.client: Dispatching event socket_event_type
[2026-02-20 10:40:25] [DEBUG   ] discord.state: Processed a chunk for 2 members in guild ID 1429904071564722189.
[2026-02-20 10:40:26] [DEBUG   ] discord.client: Dispatching event guild_available
[2026-02-20 10:40:26] [DEBUG   ] discord.client: Dispatching event ready
[2026-02-20 10:40:34] [DEBUG   ] discord.gateway: For Shard ID None: WebSocket Event: {'t': 'MESSAGE_CREATE', 's': 4, 'op': 0, 'd': {'type': 0, 'tts': False, 'timestamp': '2026-02-20T20:40:35.392000+00:00', 'pinned': False, 'nonce': '1474506035170377728', 'mentions': [], 'mention_roles': [], 'mention_everyone': False, 'id': '1474506041923473562', 'flags': 0, 'embeds': [], 'edited_timestamp': None, 'content': '!play', 'components': [], 'channel_type': 1, 'channel_id': '1429927921279045782', 'author': {'username': 'funnyman1469', 'public_flags': 0, 'primary_guild': None, 'id': '621929387259985921', 'global_name': 'FUNNYMAN 1469', 'display_name_styles': None, 'discriminator': '0', 'collectibles': None, 'clan': None, 'avatar_decoration_data': None, 'avatar': 'd42f0c09648e8e0ba07480f6adfe506a'}, 'attachments': []}}
[2026-02-20 10:40:34] [DEBUG   ] discord.client: Dispatching event socket_event_type
[2026-02-20 10:40:34] [DEBUG   ] discord.client: Dispatching event message
[2026-02-20 10:40:34] [DEBUG   ] discord.client: Dispatching event command
[2026-02-20 10:40:35] [DEBUG   ] discord.http: POST https://discord.com/api/v10/users/@me/channels with {"recipient_id":621929387259985921} has returned 200
[2026-02-20 10:40:35] [DEBUG   ] discord.http: POST /users/@me/channels has found its initial rate limit bucket hash (3f1ecb90c49938368145d0f8794b2707).
[2026-02-20 10:40:35] [DEBUG   ] discord.http: POST https://discord.com/api/v10/users/@me/channels has received {'id': '1429927921279045782', 'type': 1, 'last_message_id': '1474506041923473562', 'flags': 0, 'recipients': [{'id': '621929387259985921', 'username': 'funnyman1469', 'avatar': 'd42f0c09648e8e0ba07480f6adfe506a', 'discriminator': '0', 'public_flags': 0, 'flags': 0, 'banner': None, 'accent_color': 14798409, 'global_name': 'FUNNYMAN 1469', 'avatar_decoration_data': None, 'collectibles': None, 'display_name_styles': None, 'banner_color': '#e1ce49', 'clan': None, 'primary_guild': None}]}
[2026-02-20 10:40:35] [DEBUG   ] discord.gateway: For Shard ID None: WebSocket Event: {'t': 'MESSAGE_CREATE', 's': 5, 'op': 0, 'd': {'type': 0, 'tts': False, 'timestamp': '2026-02-20T20:40:36.849000+00:00', 'pinned': False, 'nonce': '3692286246765360724', 'mentions': [], 'mention_roles': [], 'mention_everyone': False, 'id': '1474506048034443319', 'flags': 0, 'embeds': [], 'edited_timestamp': None, 'content': 'Starting Japanese reading game! üéÆ', 'components': [], 'channel_type': 1, 'channel_id': '1429927921279045782', 'author': {'username': 'Yonde Sensee', 'public_flags': 0, 'primary_guild': None, 'id': '1428646367278006377', 'global_name': None, 'display_name_styles': None, 'discriminator': '2672', 'collectibles': None, 'clan': None, 'bot': True, 'avatar_decoration_data': None, 'avatar': None}, 'attachments': []}}
[2026-02-20 10:40:35] [DEBUG   ] discord.client: Dispatching event socket_event_type
[2026-02-20 10:40:35] [DEBUG   ] discord.client: Dispatching event message
[2026-02-20 10:40:35] [DEBUG   ] discord.http: POST https://discord.com/api/v10/channels/1429927921279045782/messages with {"content":"Starting Japanese reading game! \ud83c\udfae","components":[],"nonce":"3692286246765360724","enforce_nonce":true,"tts":false} has returned 200
[2026-02-20 10:40:35] [DEBUG   ] discord.http: POST /channels/{channel_id}/messages has found its initial rate limit bucket hash (62df3a8bf3cb0dd93018dd80d06039f6).
[2026-02-20 10:40:35] [DEBUG   ] discord.http: POST https://discord.com/api/v10/channels/1429927921279045782/messages has received {'type': 0, 'content': 'Starting Japanese reading game! üéÆ', 'mentions': [], 'mention_roles': [], 'attachments': [], 'embeds': [], 'timestamp': '2026-02-20T20:40:36.849000+00:00', 'edited_timestamp': None, 'flags': 0, 'components': [], 'id': '1474506048034443319', 'channel_id': '1429927921279045782', 'author': {'id': '1428646367278006377', 'username': 'Yonde Sensee', 'avatar': None, 'discriminator': '2672', 'public_flags': 0, 'flags': 0, 'bot': True, 'banner': None, 'accent_color': None, 'global_name': None, 'avatar_decoration_data': None, 'collectibles': None, 'display_name_styles': None, 'banner_color': None, 'clan': None, 'primary_guild': None}, 'pinned': False, 'mention_everyone': False, 'tts': False, 'nonce': '3692286246765360724'}
[2026-02-20 10:40:36] [DEBUG   ] discord.gateway: For Shard ID None: WebSocket Event: {'t': 'MESSAGE_CREATE', 's': 6, 'op': 0, 'd': {'type': 0, 'tts': False, 'timestamp': '2026-02-20T20:40:37.320000+00:00', 'pinned': False, 'nonce': '5435977075025445049', 'mentions': [], 'mention_roles': [], 'mention_everyone': False, 'id': '1474506050009825455', 'flags': 0, 'embeds': [], 'edited_timestamp': None, 'content': 'Welcome to the Japanese Reading Game!\n=====================================\nYou can either practice hirigana and katakana characters or reading hirigana and katakana words.\nType and enter the romaji version of the Japanese character/word as quickly as possible!\nThe quicker you type, the more points you gain! Each question is worth up to 20 points.\nAnswering the question in 2 seconds or less will give you the full 20 points, and every second\nafter that will decrease the points gained by 2 until you reach eitehr 1 point for a correct answer\nor 0 points for an incorrect answer.\nPlease choose one of the game options below to start the game and determine what\ntype of questions will be asked\nHiragana Characters | Hiragana Words | Katakana Characters | Katakana Words | Both Characters | Both Words', 'components': [], 'channel_type': 1, 'channel_id': '1429927921279045782', 'author': {'username': 'Yonde Sensee', 'public_flags': 0, 'primary_guild': None, 'id': '1428646367278006377', 'global_name': None, 'display_name_styles': None, 'discriminator': '2672', 'collectibles': None, 'clan': None, 'bot': True, 'avatar_decoration_data': None, 'avatar': None}, 'attachments': []}}
[2026-02-20 10:40:36] [DEBUG   ] discord.client: Dispatching event socket_event_type
[2026-02-20 10:40:36] [DEBUG   ] discord.client: Dispatching event message
[2026-02-20 10:40:36] [DEBUG   ] discord.http: POST https://discord.com/api/v10/channels/1429927921279045782/messages with {"content":"Welcome to the Japanese Reading Game!\n=====================================\nYou can either practice hirigana and katakana characters or reading hirigana and katakana words.\nType and enter the romaji version of the Japanese character/word as quickly as possible!\nThe quicker you type, the more points you gain! Each question is worth up to 20 points.\nAnswering the question in 2 seconds or less will give you the full 20 points, and every second\nafter that will decrease the points gained by 2 until you reach eitehr 1 point for a correct answer\nor 0 points for an incorrect answer.\nPlease choose one of the game options below to start the game and determine what\ntype of questions will be asked\nHiragana Characters | Hiragana Words | Katakana Characters | Katakana Words | Both Characters | Both Words","components":[],"nonce":"5435977075025445049","enforce_nonce":true,"tts":false} has returned 200
[2026-02-20 10:40:36] [DEBUG   ] discord.http: POST https://discord.com/api/v10/channels/1429927921279045782/messages has received {'type': 0, 'content': 'Welcome to the Japanese Reading Game!\n=====================================\nYou can either practice hirigana and katakana characters or reading hirigana and katakana words.\nType and enter the romaji version of the Japanese character/word as quickly as possible!\nThe quicker you type, the more points you gain! Each question is worth up to 20 points.\nAnswering the question in 2 seconds or less will give you the full 20 points, and every second\nafter that will decrease the points gained by 2 until you reach eitehr 1 point for a correct answer\nor 0 points for an incorrect answer.\nPlease choose one of the game options below to start the game and determine what\ntype of questions will be asked\nHiragana Characters | Hiragana Words | Katakana Characters | Katakana Words | Both Characters | Both Words', 'mentions': [], 'mention_roles': [], 'attachments': [], 'embeds': [], 'timestamp': '2026-02-20T20:40:37.320000+00:00', 'edited_timestamp': None, 'flags': 0, 'components': [], 'id': '1474506050009825455', 'channel_id': '1429927921279045782', 'author': {'id': '1428646367278006377', 'username': 'Yonde Sensee', 'avatar': None, 'discriminator': '2672', 'public_flags': 0, 'flags': 0, 'bot': True, 'banner': None, 'accent_color': None, 'global_name': None, 'avatar_decoration_data': None, 'collectibles': None, 'display_name_styles': None, 'banner_color': None, 'clan': None, 'primary_guild': None}, 'pinned': False, 'mention_everyone': False, 'tts': False, 'nonce': '5435977075025445049'}
[2026-02-20 10:40:36] [DEBUG   ] discord.client: Dispatching event command_completion
[2026-02-20 10:40:37] [DEBUG   ] discord.gateway: For Shard ID None: WebSocket Event: {'t': 'TYPING_START', 's': 7, 'op': 0, 'd': {'user_id': '621929387259985921', 'timestamp': 1771620039, 'channel_id': '1429927921279045782'}}
[2026-02-20 10:40:37] [DEBUG   ] discord.client: Dispatching event socket_event_type
[2026-02-20 10:40:37] [DEBUG   ] discord.client: Dispatching event typing
[2026-02-20 10:40:37] [DEBUG   ] discord.client: Dispatching event raw_typing
[2026-02-20 10:40:38] [DEBUG   ] discord.gateway: For Shard ID None: WebSocket Event: {'t': 'MESSAGE_CREATE', 's': 8, 'op': 0, 'd': {'type': 0, 'tts': False, 'timestamp': '2026-02-20T20:40:39.911000+00:00', 'pinned': False, 'nonce': '1474506053126193152', 'mentions': [], 'mention_roles': [], 'mention_everyone': False, 'id': '1474506060877398191', 'flags': 0, 'embeds': [], 'edited_timestamp': None, 'content': 'both words', 'components': [], 'channel_type': 1, 'channel_id': '1429927921279045782', 'author': {'username': 'funnyman1469', 'public_flags': 0, 'primary_guild': None, 'id': '621929387259985921', 'global_name': 'FUNNYMAN 1469', 'display_name_styles': None, 'discriminator': '0', 'collectibles': None, 'clan': None, 'avatar_decoration_data': None, 'avatar': 'd42f0c09648e8e0ba07480f6adfe506a'}, 'attachments': []}}
[2026-02-20 10:40:38] [DEBUG   ] discord.client: Dispatching event socket_event_type
[2026-02-20 10:40:38] [DEBUG   ] discord.client: Dispatching event message
[2026-02-20 10:40:39] [DEBUG   ] discord.gateway: For Shard ID None: WebSocket Event: {'t': 'MESSAGE_CREATE', 's': 9, 'op': 0, 'd': {'type': 0, 'tts': False, 'timestamp': '2026-02-20T20:40:40.460000+00:00', 'pinned': False, 'nonce': '1426522277391016225', 'mentions': [], 'mention_roles': [], 'mention_everyone': False, 'id': '1474506063179939993', 'flags': 0, 'embeds': [], 'edited_timestamp': None, 'content': 'Start!\n============\nQuestion 1: „Åí„Å§„Çà„ÅÜ„Å≥', 'components': [], 'channel_type': 1, 'channel_id': '1429927921279045782', 'author': {'username': 'Yonde Sensee', 'public_flags': 0, 'primary_guild': None, 'id': '1428646367278006377', 'global_name': None, 'display_name_styles': None, 'discriminator': '2672', 'collectibles': None, 'clan': None, 'bot': True, 'avatar_decoration_data': None, 'avatar': None}, 'attachments': []}}
[2026-02-20 10:40:39] [DEBUG   ] discord.client: Dispatching event socket_event_type
[2026-02-20 10:40:39] [DEBUG   ] discord.client: Dispatching event message
[2026-02-20 10:40:39] [DEBUG   ] discord.http: POST https://discord.com/api/v10/channels/1429927921279045782/messages with {"content":"Start!\n============\nQuestion 1: \u3052\u3064\u3088\u3046\u3073","components":[],"nonce":"1426522277391016225","enforce_nonce":true,"tts":false} has returned 200
[2026-02-20 10:40:39] [DEBUG   ] discord.http: POST https://discord.com/api/v10/channels/1429927921279045782/messages has received {'type': 0, 'content': 'Start!\n============\nQuestion 1: „Åí„Å§„Çà„ÅÜ„Å≥', 'mentions': [], 'mention_roles': [], 'attachments': [], 'embeds': [], 'timestamp': '2026-02-20T20:40:40.460000+00:00', 'edited_timestamp': None, 'flags': 0, 'components': [], 'id': '1474506063179939993', 'channel_id': '1429927921279045782', 'author': {'id': '1428646367278006377', 'username': 'Yonde Sensee', 'avatar': None, 'discriminator': '2672', 'public_flags': 0, 'flags': 0, 'bot': True, 'banner': None, 'accent_color': None, 'global_name': None, 'avatar_decoration_data': None, 'collectibles': None, 'display_name_styles': None, 'banner_color': None, 'clan': None, 'primary_guild': None}, 'pinned': False, 'mention_everyone': False, 'tts': False, 'nonce': '1426522277391016225'}
[2026-02-20 10:40:43] [DEBUG   ] discord.gateway: For Shard ID None: WebSocket Event: {'t': 'TYPING_START', 's': 10, 'op': 0, 'd': {'user_id': '621929387259985921', 'timestamp': 1771620044, 'channel_id': '1429927921279045782'}}
[2026-02-20 10:40:43] [DEBUG   ] discord.client: Dispatching event socket_event_type
[2026-02-20 10:40:43] [DEBUG   ] discord.client: Dispatching event typing
[2026-02-20 10:40:43] [DEBUG   ] discord.client: Dispatching event raw_typing
[2026-02-20 10:40:44] [DEBUG   ] discord.gateway: For Shard ID None: WebSocket Event: {'t': 'MESSAGE_CREATE', 's': 11, 'op': 0, 'd': {'type': 0, 'tts': False, 'timestamp': '2026-02-20T20:40:45.947000+00:00', 'pinned': False, 'nonce': '1474506079529336832', 'mentions': [], 'mention_roles': [], 'mention_everyone': False, 'id': '1474506086194348153', 'flags': 0, 'embeds': [], 'edited_timestamp': None, 'content': 'getsuyoobi', 'components': [], 'channel_type': 1, 'channel_id': '1429927921279045782', 'author': {'username': 'funnyman1469', 'public_flags': 0, 'primary_guild': None, 'id': '621929387259985921', 'global_name': 'FUNNYMAN 1469', 'display_name_styles': None, 'discriminator': '0', 'collectibles': None, 'clan': None, 'avatar_decoration_data': None, 'avatar': 'd42f0c09648e8e0ba07480f6adfe506a'}, 'attachments': []}}
[2026-02-20 10:40:44] [DEBUG   ] discord.client: Dispatching event socket_event_type
[2026-02-20 10:40:44] [DEBUG   ] discord.client: Dispatching event message
[2026-02-20 10:40:45] [DEBUG   ] discord.http: POST https://discord.com/api/v10/channels/1429927921279045782/messages with {"content":"Question 2: \u3048\u3048\u304c","components":[],"nonce":"10646973341575972700","enforce_nonce":true,"tts":false} has returned 200
[2026-02-20 10:40:45] [DEBUG   ] discord.http: POST https://discord.com/api/v10/channels/1429927921279045782/messages has received {'type': 0, 'content': 'Question 2: „Åà„Åà„Åå', 'mentions': [], 'mention_roles': [], 'attachments': [], 'embeds': [], 'timestamp': '2026-02-20T20:40:46.376000+00:00', 'edited_timestamp': None, 'flags': 0, 'components': [], 'id': '1474506087993708675', 'channel_id': '1429927921279045782', 'author': {'id': '1428646367278006377', 'username': 'Yonde Sensee', 'avatar': None, 'discriminator': '2672', 'public_flags': 0, 'flags': 0, 'bot': True, 'banner': None, 'accent_color': None, 'global_name': None, 'avatar_decoration_data': None, 'collectibles': None, 'display_name_styles': None, 'banner_color': None, 'clan': None, 'primary_guild': None}, 'pinned': False, 'mention_everyone': False, 'tts': False, 'nonce': '10646973341575972700'}
[2026-02-20 10:40:45] [DEBUG   ] discord.gateway: For Shard ID None: WebSocket Event: {'t': 'MESSAGE_CREATE', 's': 12, 'op': 0, 'd': {'type': 0, 'tts': False, 'timestamp': '2026-02-20T20:40:46.376000+00:00', 'pinned': False, 'nonce': '10646973341575972700', 'mentions': [], 'mention_roles': [], 'mention_everyone': False, 'id': '1474506087993708675', 'flags': 0, 'embeds': [], 'edited_timestamp': None, 'content': 'Question 2: „Åà„Åà„Åå', 'components': [], 'channel_type': 1, 'channel_id': '1429927921279045782', 'author': {'username': 'Yonde Sensee', 'public_flags': 0, 'primary_guild': None, 'id': '1428646367278006377', 'global_name': None, 'display_name_styles': None, 'discriminator': '2672', 'collectibles': None, 'clan': None, 'bot': True, 'avatar_decoration_data': None, 'avatar': None}, 'attachments': []}}
[2026-02-20 10:40:45] [DEBUG   ] discord.client: Dispatching event socket_event_type
[2026-02-20 10:40:45] [DEBUG   ] discord.client: Dispatching event message
[2026-02-20 10:40:47] [DEBUG   ] discord.gateway: For Shard ID None: WebSocket Event: {'t': 'MESSAGE_CREATE', 's': 13, 'op': 0, 'd': {'type': 0, 'tts': False, 'timestamp': '2026-02-20T20:40:48.534000+00:00', 'pinned': False, 'nonce': '1474506090644242432', 'mentions': [], 'mention_roles': [], 'mention_everyone': False, 'id': '1474506097044881654', 'flags': 0, 'embeds': [], 'edited_timestamp': None, 'content': 'eega', 'components': [], 'channel_type': 1, 'channel_id': '1429927921279045782', 'author': {'username': 'funnyman1469', 'public_flags': 0, 'primary_guild': None, 'id': '621929387259985921', 'global_name': 'FUNNYMAN 1469', 'display_name_styles': None, 'discriminator': '0', 'collectibles': None, 'clan': None, 'avatar_decoration_data': None, 'avatar': 'd42f0c09648e8e0ba07480f6adfe506a'}, 'attachments': []}}
[2026-02-20 10:40:47] [DEBUG   ] discord.client: Dispatching event socket_event_type
[2026-02-20 10:40:47] [DEBUG   ] discord.client: Dispatching event message
[2026-02-20 10:40:47] [DEBUG   ] discord.gateway: For Shard ID None: WebSocket Event: {'t': 'MESSAGE_CREATE', 's': 14, 'op': 0, 'd': {'type': 0, 'tts': False, 'timestamp': '2026-02-20T20:40:49.057000+00:00', 'pinned': False, 'nonce': '4820165409811961236', 'mentions': [], 'mention_roles': [], 'mention_everyone': False, 'id': '1474506099238375626', 'flags': 0, 'embeds': [], 'edited_timestamp': None, 'content': 'Question 3: „Åü„Åì„ÇÑ„Åç', 'components': [], 'channel_type': 1, 'channel_id': '1429927921279045782', 'author': {'username': 'Yonde Sensee', 'public_flags': 0, 'primary_guild': None, 'id': '1428646367278006377', 'global_name': None, 'display_name_styles': None, 'discriminator': '2672', 'collectibles': None, 'clan': None, 'bot': True, 'avatar_decoration_data': None, 'avatar': None}, 'attachments': []}}
[2026-02-20 10:40:47] [DEBUG   ] discord.client: Dispatching event socket_event_type
[2026-02-20 10:40:47] [DEBUG   ] discord.client: Dispatching event message
[2026-02-20 10:40:47] [DEBUG   ] discord.http: POST https://discord.com/api/v10/channels/1429927921279045782/messages with {"content":"Question 3: \u305f\u3053\u3084\u304d","components":[],"nonce":"4820165409811961236","enforce_nonce":true,"tts":false} has returned 200
[2026-02-20 10:40:47] [DEBUG   ] discord.http: POST https://discord.com/api/v10/channels/1429927921279045782/messages has received {'type': 0, 'content': 'Question 3: „Åü„Åì„ÇÑ„Åç', 'mentions': [], 'mention_roles': [], 'attachments': [], 'embeds': [], 'timestamp': '2026-02-20T20:40:49.057000+00:00', 'edited_timestamp': None, 'flags': 0, 'components': [], 'id': '1474506099238375626', 'channel_id': '1429927921279045782', 'author': {'id': '1428646367278006377', 'username': 'Yonde Sensee', 'avatar': None, 'discriminator': '2672', 'public_flags': 0, 'flags': 0, 'bot': True, 'banner': None, 'accent_color': None, 'global_name': None, 'avatar_decoration_data': None, 'collectibles': None, 'display_name_styles': None, 'banner_color': None, 'clan': None, 'primary_guild': None}, 'pinned': False, 'mention_everyone': False, 'tts': False, 'nonce': '4820165409811961236'}
[2026-02-20 10:40:50] [DEBUG   ] discord.gateway: For Shard ID None: WebSocket Event: {'t': 'TYPING_START', 's': 15, 'op': 0, 'd': {'user_id': '621929387259985921', 'timestamp': 1771620052, 'channel_id': '1429927921279045782'}}
[2026-02-20 10:40:50] [DEBUG   ] discord.client: Dispatching event socket_event_type
[2026-02-20 10:40:50] [DEBUG   ] discord.client: Dispatching event typing
[2026-02-20 10:40:50] [DEBUG   ] discord.client: Dispatching event raw_typing
[2026-02-20 10:40:52] [DEBUG   ] discord.gateway: For Shard ID None: WebSocket Event: {'t': 'MESSAGE_CREATE', 's': 16, 'op': 0, 'd': {'type': 0, 'tts': False, 'timestamp': '2026-02-20T20:40:53.474000+00:00', 'pinned': False, 'nonce': '1474506110479106048', 'mentions': [], 'mention_roles': [], 'mention_everyone': False, 'id': '1474506117764878559', 'flags': 0, 'embeds': [], 'edited_timestamp': None, 'content': 'takoyaki', 'components': [], 'channel_type': 1, 'channel_id': '1429927921279045782', 'author': {'username': 'funnyman1469', 'public_flags': 0, 'primary_guild': None, 'id': '621929387259985921', 'global_name': 'FUNNYMAN 1469', 'display_name_styles': None, 'discriminator': '0', 'collectibles': None, 'clan': None, 'avatar_decoration_data': None, 'avatar': 'd42f0c09648e8e0ba07480f6adfe506a'}, 'attachments': []}}
[2026-02-20 10:40:52] [DEBUG   ] discord.client: Dispatching event socket_event_type
[2026-02-20 10:40:52] [DEBUG   ] discord.client: Dispatching event message
[2026-02-20 10:40:52] [DEBUG   ] discord.gateway: For Shard ID None: WebSocket Event: {'t': 'MESSAGE_CREATE', 's': 17, 'op': 0, 'd': {'type': 0, 'tts': False, 'timestamp': '2026-02-20T20:40:53.880000+00:00', 'pinned': False, 'nonce': '11779357553726124015', 'mentions': [], 'mention_roles': [], 'mention_everyone': False, 'id': '1474506119467761795', 'flags': 0, 'embeds': [], 'edited_timestamp': None, 'content': 'Question 4: „Å≥„Åò„ÇÖ„Å§', 'components': [], 'channel_type': 1, 'channel_id': '1429927921279045782', 'author': {'username': 'Yonde Sensee', 'public_flags': 0, 'primary_guild': None, 'id': '1428646367278006377', 'global_name': None, 'display_name_styles': None, 'discriminator': '2672', 'collectibles': None, 'clan': None, 'bot': True, 'avatar_decoration_data': None, 'avatar': None}, 'attachments': []}}
[2026-02-20 10:40:52] [DEBUG   ] discord.client: Dispatching event socket_event_type
[2026-02-20 10:40:52] [DEBUG   ] discord.client: Dispatching event message
[2026-02-20 10:40:52] [DEBUG   ] discord.http: POST https://discord.com/api/v10/channels/1429927921279045782/messages with {"content":"Question 4: \u3073\u3058\u3085\u3064","components":[],"nonce":"11779357553726124015","enforce_nonce":true,"tts":false} has returned 200
[2026-02-20 10:40:52] [DEBUG   ] discord.http: POST https://discord.com/api/v10/channels/1429927921279045782/messages has received {'type': 0, 'content': 'Question 4: „Å≥„Åò„ÇÖ„Å§', 'mentions': [], 'mention_roles': [], 'attachments': [], 'embeds': [], 'timestamp': '2026-02-20T20:40:53.880000+00:00', 'edited_timestamp': None, 'flags': 0, 'components': [], 'id': '1474506119467761795', 'channel_id': '1429927921279045782', 'author': {'id': '1428646367278006377', 'username': 'Yonde Sensee', 'avatar': None, 'discriminator': '2672', 'public_flags': 0, 'flags': 0, 'bot': True, 'banner': None, 'accent_color': None, 'global_name': None, 'avatar_decoration_data': None, 'collectibles': None, 'display_name_styles': None, 'banner_color': None, 'clan': None, 'primary_guild': None}, 'pinned': False, 'mention_everyone': False, 'tts': False, 'nonce': '11779357553726124015'}
[2026-02-20 10:40:56] [DEBUG   ] discord.gateway: For Shard ID None: WebSocket Event: {'t': 'TYPING_START', 's': 18, 'op': 0, 'd': {'user_id': '621929387259985921', 'timestamp': 1771620057, 'channel_id': '1429927921279045782'}}
[2026-02-20 10:40:56] [DEBUG   ] discord.client: Dispatching event socket_event_type
[2026-02-20 10:40:56] [DEBUG   ] discord.client: Dispatching event typing
[2026-02-20 10:40:56] [DEBUG   ] discord.client: Dispatching event raw_typing
[2026-02-20 10:40:59] [DEBUG   ] discord.gateway: For Shard ID None: WebSocket Event: {'t': 'MESSAGE_CREATE', 's': 19, 'op': 0, 'd': {'type': 0, 'tts': False, 'timestamp': '2026-02-20T20:41:00.929000+00:00', 'pinned': False, 'nonce': '1474506142729109504', 'mentions': [], 'mention_roles': [], 'mention_everyone': False, 'id': '1474506149033414796', 'flags': 0, 'embeds': [], 'edited_timestamp': None, 'content': 'bijutsu', 'components': [], 'channel_type': 1, 'channel_id': '1429927921279045782', 'author': {'username': 'funnyman1469', 'public_flags': 0, 'primary_guild': None, 'id': '621929387259985921', 'global_name': 'FUNNYMAN 1469', 'display_name_styles': None, 'discriminator': '0', 'collectibles': None, 'clan': None, 'avatar_decoration_data': None, 'avatar': 'd42f0c09648e8e0ba07480f6adfe506a'}, 'attachments': []}}
[2026-02-20 10:40:59] [DEBUG   ] discord.client: Dispatching event socket_event_type
[2026-02-20 10:40:59] [DEBUG   ] discord.client: Dispatching event message
[2026-02-20 10:41:00] [DEBUG   ] discord.gateway: For Shard ID None: WebSocket Event: {'t': 'MESSAGE_CREATE', 's': 20, 'op': 0, 'd': {'type': 0, 'tts': False, 'timestamp': '2026-02-20T20:41:01.722000+00:00', 'pinned': False, 'nonce': '6614507977200007777', 'mentions': [], 'mention_roles': [], 'mention_everyone': False, 'id': '1474506152359497883', 'flags': 0, 'embeds': [], 'edited_timestamp': None, 'content': 'Question 5: „ÇΩ„Ç¶„É´', 'components': [], 'channel_type': 1, 'channel_id': '1429927921279045782', 'author': {'username': 'Yonde Sensee', 'public_flags': 0, 'primary_guild': None, 'id': '1428646367278006377', 'global_name': None, 'display_name_styles': None, 'discriminator': '2672', 'collectibles': None, 'clan': None, 'bot': True, 'avatar_decoration_data': None, 'avatar': None}, 'attachments': []}}
[2026-02-20 10:41:00] [DEBUG   ] discord.client: Dispatching event socket_event_type
[2026-02-20 10:41:00] [DEBUG   ] discord.client: Dispatching event message
[2026-02-20 10:41:00] [DEBUG   ] discord.http: POST https://discord.com/api/v10/channels/1429927921279045782/messages with {"content":"Question 5: \u30bd\u30a6\u30eb","components":[],"nonce":"6614507977200007777","enforce_nonce":true,"tts":false} has returned 200
[2026-02-20 10:41:00] [DEBUG   ] discord.http: POST https://discord.com/api/v10/channels/1429927921279045782/messages has received {'type': 0, 'content': 'Question 5: „ÇΩ„Ç¶„É´', 'mentions': [], 'mention_roles': [], 'attachments': [], 'embeds': [], 'timestamp': '2026-02-20T20:41:01.722000+00:00', 'edited_timestamp': None, 'flags': 0, 'components': [], 'id': '1474506152359497883', 'channel_id': '1429927921279045782', 'author': {'id': '1428646367278006377', 'username': 'Yonde Sensee', 'avatar': None, 'discriminator': '2672', 'public_flags': 0, 'flags': 0, 'bot': True, 'banner': None, 'accent_color': None, 'global_name': None, 'avatar_decoration_data': None, 'collectibles': None, 'display_name_styles': None, 'banner_color': None, 'clan': None, 'primary_guild': None}, 'pinned': False, 'mention_everyone': False, 'tts': False, 'nonce': '6614507977200007777'}
[2026-02-20 10:41:05] [DEBUG   ] discord.gateway: For Shard ID None: WebSocket Event: {'t': 'TYPING_START', 's': 21, 'op': 0, 'd': {'user_id': '621929387259985921', 'timestamp': 1771620066, 'channel_id': '1429927921279045782'}}
[2026-02-20 10:41:05] [DEBUG   ] discord.client: Dispatching event socket_event_type
[2026-02-20 10:41:05] [DEBUG   ] discord.client: Dispatching event typing
[2026-02-20 10:41:05] [DEBUG   ] discord.client: Dispatching event raw_typing
[2026-02-20 10:41:05] [DEBUG   ] discord.gateway: Keeping shard ID None websocket alive with sequence 21.
[2026-02-20 10:41:06] [DEBUG   ] discord.gateway: For Shard ID None: WebSocket Event: {'t': None, 's': None, 'op': 11, 'd': None}
[2026-02-20 10:41:06] [DEBUG   ] discord.gateway: For Shard ID None: WebSocket Event: {'t': 'MESSAGE_CREATE', 's': 22, 'op': 0, 'd': {'type': 0, 'tts': False, 'timestamp': '2026-02-20T20:41:07.257000+00:00', 'pinned': False, 'nonce': '1474506169178390528', 'mentions': [], 'mention_roles': [], 'mention_everyone': False, 'id': '1474506175574708299', 'flags': 0, 'embeds': [], 'edited_timestamp': None, 'content': 'souru', 'components': [], 'channel_type': 1, 'channel_id': '1429927921279045782', 'author': {'username': 'funnyman1469', 'public_flags': 0, 'primary_guild': None, 'id': '621929387259985921', 'global_name': 'FUNNYMAN 1469', 'display_name_styles': None, 'discriminator': '0', 'collectibles': None, 'clan': None, 'avatar_decoration_data': None, 'avatar': 'd42f0c09648e8e0ba07480f6adfe506a'}, 'attachments': []}}
[2026-02-20 10:41:06] [DEBUG   ] discord.client: Dispatching event socket_event_type
[2026-02-20 10:41:06] [DEBUG   ] discord.client: Dispatching event message
[2026-02-20 10:41:06] [DEBUG   ] discord.gateway: For Shard ID None: WebSocket Event: {'t': 'MESSAGE_CREATE', 's': 23, 'op': 0, 'd': {'type': 0, 'tts': False, 'timestamp': '2026-02-20T20:41:08.006000+00:00', 'pinned': False, 'nonce': '7519602588547726265', 'mentions': [], 'mention_roles': [], 'mention_everyone': False, 'id': '1474506178716242125', 'flags': 0, 'embeds': [], 'edited_timestamp': None, 'content': 'Question 6: „Åõ„Çì„Åó„ÇÖ„ÅÜ', 'components': [], 'channel_type': 1, 'channel_id': '1429927921279045782', 'author': {'username': 'Yonde Sensee', 'public_flags': 0, 'primary_guild': None, 'id': '1428646367278006377', 'global_name': None, 'display_name_styles': None, 'discriminator': '2672', 'collectibles': None, 'clan': None, 'bot': True, 'avatar_decoration_data': None, 'avatar': None}, 'attachments': []}}
[2026-02-20 10:41:06] [DEBUG   ] discord.client: Dispatching event socket_event_type
[2026-02-20 10:41:06] [DEBUG   ] discord.client: Dispatching event message
[2026-02-20 10:41:06] [DEBUG   ] discord.http: POST https://discord.com/api/v10/channels/1429927921279045782/messages with {"content":"Question 6: \u305b\u3093\u3057\u3085\u3046","components":[],"nonce":"7519602588547726265","enforce_nonce":true,"tts":false} has returned 200
[2026-02-20 10:41:06] [DEBUG   ] discord.http: POST https://discord.com/api/v10/channels/1429927921279045782/messages has received {'type': 0, 'content': 'Question 6: „Åõ„Çì„Åó„ÇÖ„ÅÜ', 'mentions': [], 'mention_roles': [], 'attachments': [], 'embeds': [], 'timestamp': '2026-02-20T20:41:08.006000+00:00', 'edited_timestamp': None, 'flags': 0, 'components': [], 'id': '1474506178716242125', 'channel_id': '1429927921279045782', 'author': {'id': '1428646367278006377', 'username': 'Yonde Sensee', 'avatar': None, 'discriminator': '2672', 'public_flags': 0, 'flags': 0, 'bot': True, 'banner': None, 'accent_color': None, 'global_name': None, 'avatar_decoration_data': None, 'collectibles': None, 'display_name_styles': None, 'banner_color': None, 'clan': None, 'primary_guild': None}, 'pinned': False, 'mention_everyone': False, 'tts': False, 'nonce': '7519602588547726265'}
[2026-02-20 10:41:10] [DEBUG   ] discord.gateway: For Shard ID None: WebSocket Event: {'t': 'TYPING_START', 's': 24, 'op': 0, 'd': {'user_id': '621929387259985921', 'timestamp': 1771620071, 'channel_id': '1429927921279045782'}}
[2026-02-20 10:41:10] [DEBUG   ] discord.client: Dispatching event socket_event_type
[2026-02-20 10:41:10] [DEBUG   ] discord.client: Dispatching event typing
[2026-02-20 10:41:10] [DEBUG   ] discord.client: Dispatching event raw_typing
[2026-02-20 10:41:11] [DEBUG   ] discord.gateway: For Shard ID None: WebSocket Event: {'t': 'MESSAGE_CREATE', 's': 25, 'op': 0, 'd': {'type': 0, 'tts': False, 'timestamp': '2026-02-20T20:41:12.897000+00:00', 'pinned': False, 'nonce': '1474506191408201728', 'mentions': [], 'mention_roles': [], 'mention_everyone': False, 'id': '1474506199230578789', 'flags': 0, 'embeds': [], 'edited_timestamp': None, 'content': 'sanshuu', 'components': [], 'channel_type': 1, 'channel_id': '1429927921279045782', 'author': {'username': 'funnyman1469', 'public_flags': 0, 'primary_guild': None, 'id': '621929387259985921', 'global_name': 'FUNNYMAN 1469', 'display_name_styles': None, 'discriminator': '0', 'collectibles': None, 'clan': None, 'avatar_decoration_data': None, 'avatar': 'd42f0c09648e8e0ba07480f6adfe506a'}, 'attachments': []}}
[2026-02-20 10:41:11] [DEBUG   ] discord.client: Dispatching event socket_event_type
[2026-02-20 10:41:11] [DEBUG   ] discord.client: Dispatching event message
[2026-02-20 10:41:12] [DEBUG   ] discord.gateway: For Shard ID None: WebSocket Event: {'t': 'MESSAGE_CREATE', 's': 26, 'op': 0, 'd': {'type': 0, 'tts': False, 'timestamp': '2026-02-20T20:41:13.371000+00:00', 'pinned': False, 'nonce': '7876409433053366970', 'mentions': [], 'mention_roles': [], 'mention_everyone': False, 'id': '1474506201218945187', 'flags': 0, 'embeds': [], 'edited_timestamp': None, 'content': 'Question 7: „Åß„Çì„Åó„Åì„ÅÜ„Åå„Åè', 'components': [], 'channel_type': 1, 'channel_id': '1429927921279045782', 'author': {'username': 'Yonde Sensee', 'public_flags': 0, 'primary_guild': None, 'id': '1428646367278006377', 'global_name': None, 'display_name_styles': None, 'discriminator': '2672', 'collectibles': None, 'clan': None, 'bot': True, 'avatar_decoration_data': None, 'avatar': None}, 'attachments': []}}
[2026-02-20 10:41:12] [DEBUG   ] discord.client: Dispatching event socket_event_type
[2026-02-20 10:41:12] [DEBUG   ] discord.client: Dispatching event message
[2026-02-20 10:41:12] [DEBUG   ] discord.http: POST https://discord.com/api/v10/channels/1429927921279045782/messages with {"content":"Question 7: \u3067\u3093\u3057\u3053\u3046\u304c\u304f","components":[],"nonce":"7876409433053366970","enforce_nonce":true,"tts":false} has returned 200
[2026-02-20 10:41:12] [DEBUG   ] discord.http: POST https://discord.com/api/v10/channels/1429927921279045782/messages has received {'type': 0, 'content': 'Question 7: „Åß„Çì„Åó„Åì„ÅÜ„Åå„Åè', 'mentions': [], 'mention_roles': [], 'attachments': [], 'embeds': [], 'timestamp': '2026-02-20T20:41:13.371000+00:00', 'edited_timestamp': None, 'flags': 0, 'components': [], 'id': '1474506201218945187', 'channel_id': '1429927921279045782', 'author': {'id': '1428646367278006377', 'username': 'Yonde Sensee', 'avatar': None, 'discriminator': '2672', 'public_flags': 0, 'flags': 0, 'bot': True, 'banner': None, 'accent_color': None, 'global_name': None, 'avatar_decoration_data': None, 'collectibles': None, 'display_name_styles': None, 'banner_color': None, 'clan': None, 'primary_guild': None}, 'pinned': False, 'mention_everyone': False, 'tts': False, 'nonce': '7876409433053366970'}
[2026-02-20 10:41:15] [DEBUG   ] discord.gateway: For Shard ID None: WebSocket Event: {'t': 'TYPING_START', 's': 27, 'op': 0, 'd': {'user_id': '621929387259985921', 'timestamp': 1771620076, 'channel_id': '1429927921279045782'}}
[2026-02-20 10:41:15] [DEBUG   ] discord.client: Dispatching event socket_event_type
[2026-02-20 10:41:15] [DEBUG   ] discord.client: Dispatching event typing
[2026-02-20 10:41:15] [DEBUG   ] discord.client: Dispatching event raw_typing
[2026-02-20 10:41:18] [DEBUG   ] discord.gateway: For Shard ID None: WebSocket Event: {'t': 'MESSAGE_CREATE', 's': 28, 'op': 0, 'd': {'type': 0, 'tts': False, 'timestamp': '2026-02-20T20:41:19.731000+00:00', 'pinned': False, 'nonce': '1474506221330366464', 'mentions': [], 'mention_roles': [], 'mention_everyone': False, 'id': '1474506227894714439', 'flags': 0, 'embeds': [], 'edited_timestamp': None, 'content': 'densjikoogaku', 'components': [], 'channel_type': 1, 'channel_id': '1429927921279045782', 'author': {'username': 'funnyman1469', 'public_flags': 0, 'primary_guild': None, 'id': '621929387259985921', 'global_name': 'FUNNYMAN 1469', 'display_name_styles': None, 'discriminator': '0', 'collectibles': None, 'clan': None, 'avatar_decoration_data': None, 'avatar': 'd42f0c09648e8e0ba07480f6adfe506a'}, 'attachments': []}}
[2026-02-20 10:41:18] [DEBUG   ] discord.client: Dispatching event socket_event_type
[2026-02-20 10:41:18] [DEBUG   ] discord.client: Dispatching event message
[2026-02-20 10:41:19] [DEBUG   ] discord.gateway: For Shard ID None: WebSocket Event: {'t': 'MESSAGE_CREATE', 's': 29, 'op': 0, 'd': {'type': 0, 'tts': False, 'timestamp': '2026-02-20T20:41:20.469000+00:00', 'pinned': False, 'nonce': '8478591123019037676', 'mentions': [], 'mention_roles': [], 'mention_everyone': False, 'id': '1474506230989848688', 'flags': 0, 'embeds': [], 'edited_timestamp': None, 'content': 'Question 8: „Éè„É©„Ç¶', 'components': [], 'channel_type': 1, 'channel_id': '1429927921279045782', 'author': {'username': 'Yonde Sensee', 'public_flags': 0, 'primary_guild': None, 'id': '1428646367278006377', 'global_name': None, 'display_name_styles': None, 'discriminator': '2672', 'collectibles': None, 'clan': None, 'bot': True, 'avatar_decoration_data': None, 'avatar': None}, 'attachments': []}}
[2026-02-20 10:41:19] [DEBUG   ] discord.client: Dispatching event socket_event_type
[2026-02-20 10:41:19] [DEBUG   ] discord.client: Dispatching event message
[2026-02-20 10:41:19] [DEBUG   ] discord.http: POST https://discord.com/api/v10/channels/1429927921279045782/messages with {"content":"Question 8: \u30cf\u30e9\u30a6","components":[],"nonce":"8478591123019037676","enforce_nonce":true,"tts":false} has returned 200
[2026-02-20 10:41:19] [DEBUG   ] discord.http: POST https://discord.com/api/v10/channels/1429927921279045782/messages has received {'type': 0, 'content': 'Question 8: „Éè„É©„Ç¶', 'mentions': [], 'mention_roles': [], 'attachments': [], 'embeds': [], 'timestamp': '2026-02-20T20:41:20.469000+00:00', 'edited_timestamp': None, 'flags': 0, 'components': [], 'id': '1474506230989848688', 'channel_id': '1429927921279045782', 'author': {'id': '1428646367278006377', 'username': 'Yonde Sensee', 'avatar': None, 'discriminator': '2672', 'public_flags': 0, 'flags': 0, 'bot': True, 'banner': None, 'accent_color': None, 'global_name': None, 'avatar_decoration_data': None, 'collectibles': None, 'display_name_styles': None, 'banner_color': None, 'clan': None, 'primary_guild': None}, 'pinned': False, 'mention_everyone': False, 'tts': False, 'nonce': '8478591123019037676'}
[2026-02-20 10:41:23] [DEBUG   ] discord.gateway: For Shard ID None: WebSocket Event: {'t': 'MESSAGE_CREATE', 's': 30, 'op': 0, 'd': {'type': 0, 'tts': False, 'timestamp': '2026-02-20T20:41:24.553000+00:00', 'pinned': False, 'nonce': '1474506241106509824', 'mentions': [], 'mention_roles': [], 'mention_everyone': False, 'id': '1474506248119652475', 'flags': 0, 'embeds': [], 'edited_timestamp': None, 'content': 'harau', 'components': [], 'channel_type': 1, 'channel_id': '1429927921279045782', 'author': {'username': 'funnyman1469', 'public_flags': 0, 'primary_guild': None, 'id': '621929387259985921', 'global_name': 'FUNNYMAN 1469', 'display_name_styles': None, 'discriminator': '0', 'collectibles': None, 'clan': None, 'avatar_decoration_data': None, 'avatar': 'd42f0c09648e8e0ba07480f6adfe506a'}, 'attachments': []}}
[2026-02-20 10:41:23] [DEBUG   ] discord.client: Dispatching event socket_event_type
[2026-02-20 10:41:23] [DEBUG   ] discord.client: Dispatching event message
[2026-02-20 10:41:23] [DEBUG   ] discord.gateway: For Shard ID None: WebSocket Event: {'t': 'MESSAGE_CREATE', 's': 31, 'op': 0, 'd': {'type': 0, 'tts': False, 'timestamp': '2026-02-20T20:41:24.897000+00:00', 'pinned': False, 'nonce': '12334626116664795301', 'mentions': [], 'mention_roles': [], 'mention_everyone': False, 'id': '1474506249562230804', 'flags': 0, 'embeds': [], 'edited_timestamp': None, 'content': 'Question 9: „Ç¢„Éã„É°', 'components': [], 'channel_type': 1, 'channel_id': '1429927921279045782', 'author': {'username': 'Yonde Sensee', 'public_flags': 0, 'primary_guild': None, 'id': '1428646367278006377', 'global_name': None, 'display_name_styles': None, 'discriminator': '2672', 'collectibles': None, 'clan': None, 'bot': True, 'avatar_decoration_data': None, 'avatar': None}, 'attachments': []}}
[2026-02-20 10:41:23] [DEBUG   ] discord.client: Dispatching event socket_event_type
[2026-02-20 10:41:23] [DEBUG   ] discord.client: Dispatching event message
[2026-02-20 10:41:24] [DEBUG   ] discord.http: POST https://discord.com/api/v10/channels/1429927921279045782/messages with {"content":"Question 9: \u30a2\u30cb\u30e1","components":[],"nonce":"12334626116664795301","enforce_nonce":true,"tts":false} has returned 200
[2026-02-20 10:41:24] [DEBUG   ] discord.http: POST https://discord.com/api/v10/channels/1429927921279045782/messages has received {'type': 0, 'content': 'Question 9: „Ç¢„Éã„É°', 'mentions': [], 'mention_roles': [], 'attachments': [], 'embeds': [], 'timestamp': '2026-02-20T20:41:24.897000+00:00', 'edited_timestamp': None, 'flags': 0, 'components': [], 'id': '1474506249562230804', 'channel_id': '1429927921279045782', 'author': {'id': '1428646367278006377', 'username': 'Yonde Sensee', 'avatar': None, 'discriminator': '2672', 'public_flags': 0, 'flags': 0, 'bot': True, 'banner': None, 'accent_color': None, 'global_name': None, 'avatar_decoration_data': None, 'collectibles': None, 'display_name_styles': None, 'banner_color': None, 'clan': None, 'primary_guild': None}, 'pinned': False, 'mention_everyone': False, 'tts': False, 'nonce': '12334626116664795301'}
[2026-02-20 10:41:26] [DEBUG   ] discord.gateway: For Shard ID None: WebSocket Event: {'t': 'MESSAGE_CREATE', 's': 32, 'op': 0, 'd': {'type': 0, 'tts': False, 'timestamp': '2026-02-20T20:41:27.121000+00:00', 'pinned': False, 'nonce': '1474506252473073664', 'mentions': [], 'mention_roles': [], 'mention_everyone': False, 'id': '1474506258890489908', 'flags': 0, 'embeds': [], 'edited_timestamp': None, 'content': 'anime', 'components': [], 'channel_type': 1, 'channel_id': '1429927921279045782', 'author': {'username': 'funnyman1469', 'public_flags': 0, 'primary_guild': None, 'id': '621929387259985921', 'global_name': 'FUNNYMAN 1469', 'display_name_styles': None, 'discriminator': '0', 'collectibles': None, 'clan': None, 'avatar_decoration_data': None, 'avatar': 'd42f0c09648e8e0ba07480f6adfe506a'}, 'attachments': []}}
[2026-02-20 10:41:26] [DEBUG   ] discord.client: Dispatching event socket_event_type
[2026-02-20 10:41:26] [DEBUG   ] discord.client: Dispatching event message
[2026-02-20 10:41:26] [DEBUG   ] discord.gateway: For Shard ID None: WebSocket Event: {'t': 'MESSAGE_CREATE', 's': 33, 'op': 0, 'd': {'type': 0, 'tts': False, 'timestamp': '2026-02-20T20:41:27.797000+00:00', 'pinned': False, 'nonce': '7475127374274708367', 'mentions': [], 'mention_roles': [], 'mention_everyone': False, 'id': '1474506261725843692', 'flags': 0, 'embeds': [], 'edited_timestamp': None, 'content': 'Question 10: „É¨„Çπ„Éà„É©„É≥', 'components': [], 'channel_type': 1, 'channel_id': '1429927921279045782', 'author': {'username': 'Yonde Sensee', 'public_flags': 0, 'primary_guild': None, 'id': '1428646367278006377', 'global_name': None, 'display_name_styles': None, 'discriminator': '2672', 'collectibles': None, 'clan': None, 'bot': True, 'avatar_decoration_data': None, 'avatar': None}, 'attachments': []}}
[2026-02-20 10:41:26] [DEBUG   ] discord.client: Dispatching event socket_event_type
[2026-02-20 10:41:26] [DEBUG   ] discord.client: Dispatching event message
[2026-02-20 10:41:26] [DEBUG   ] discord.http: POST https://discord.com/api/v10/channels/1429927921279045782/messages with {"content":"Question 10: \u30ec\u30b9\u30c8\u30e9\u30f3","components":[],"nonce":"7475127374274708367","enforce_nonce":true,"tts":false} has returned 200
[2026-02-20 10:41:26] [DEBUG   ] discord.http: POST https://discord.com/api/v10/channels/1429927921279045782/messages has received {'type': 0, 'content': 'Question 10: „É¨„Çπ„Éà„É©„É≥', 'mentions': [], 'mention_roles': [], 'attachments': [], 'embeds': [], 'timestamp': '2026-02-20T20:41:27.797000+00:00', 'edited_timestamp': None, 'flags': 0, 'components': [], 'id': '1474506261725843692', 'channel_id': '1429927921279045782', 'author': {'id': '1428646367278006377', 'username': 'Yonde Sensee', 'avatar': None, 'discriminator': '2672', 'public_flags': 0, 'flags': 0, 'bot': True, 'banner': None, 'accent_color': None, 'global_name': None, 'avatar_decoration_data': None, 'collectibles': None, 'display_name_styles': None, 'banner_color': None, 'clan': None, 'primary_guild': None}, 'pinned': False, 'mention_everyone': False, 'tts': False, 'nonce': '7475127374274708367'}
[2026-02-20 10:41:29] [DEBUG   ] discord.gateway: For Shard ID None: WebSocket Event: {'t': 'TYPING_START', 's': 34, 'op': 0, 'd': {'user_id': '621929387259985921', 'timestamp': 1771620090, 'channel_id': '1429927921279045782'}}
[2026-02-20 10:41:29] [DEBUG   ] discord.client: Dispatching event socket_event_type
[2026-02-20 10:41:29] [DEBUG   ] discord.client: Dispatching event typing
[2026-02-20 10:41:29] [DEBUG   ] discord.client: Dispatching event raw_typing
[2026-02-20 10:41:30] [DEBUG   ] discord.gateway: For Shard ID None: WebSocket Event: {'t': 'MESSAGE_CREATE', 's': 35, 'op': 0, 'd': {'type': 0, 'tts': False, 'timestamp': '2026-02-20T20:41:31.287000+00:00', 'pinned': False, 'nonce': '1474506269879435264', 'mentions': [], 'mention_roles': [], 'mention_everyone': False, 'id': '1474506276363964549', 'flags': 0, 'embeds': [], 'edited_timestamp': None, 'content': 'resutoran', 'components': [], 'channel_type': 1, 'channel_id': '1429927921279045782', 'author': {'username': 'funnyman1469', 'public_flags': 0, 'primary_guild': None, 'id': '621929387259985921', 'global_name': 'FUNNYMAN 1469', 'display_name_styles': None, 'discriminator': '0', 'collectibles': None, 'clan': None, 'avatar_decoration_data': None, 'avatar': 'd42f0c09648e8e0ba07480f6adfe506a'}, 'attachments': []}}
[2026-02-20 10:41:30] [DEBUG   ] discord.client: Dispatching event socket_event_type
[2026-02-20 10:41:30] [DEBUG   ] discord.client: Dispatching event message
[2026-02-20 10:41:30] [DEBUG   ] discord.gateway: For Shard ID None: WebSocket Event: {'t': 'MESSAGE_CREATE', 's': 36, 'op': 0, 'd': {'type': 0, 'tts': False, 'timestamp': '2026-02-20T20:41:31.792000+00:00', 'pinned': False, 'nonce': '3424259578021131097', 'mentions': [], 'mention_roles': [], 'mention_everyone': False, 'id': '1474506278481956955', 'flags': 0, 'embeds': [], 'edited_timestamp': None, 'content': 'Here Are Your Results\n=====================\nQuestion 1: „Åí„Å§„Çà„ÅÜ„Å≥\nCorrect Romaji: getsuyoobi\nYour Romaji Answer: getsuyoobi\nPoints for Question 1: 12\n---------------------------------------\nQuestion 2: „Åà„Åà„Åå\nCorrect Romaji: eega\nYour Romaji Answer: eega\nPoints for Question 2: 18\n---------------------------------------\nQuestion 3: „Åü„Åì„ÇÑ„Åç\nCorrect Romaji: takoyaki\nYour Romaji Answer: takoyaki\nPoints for Question 3: 14\n---------------------------------------\nQuestion 4: „Å≥„Åò„ÇÖ„Å§\nCorrect Romaji: bijutsu\nYour Romaji Answer: bijutsu\nPoints for Question 4: 10\n---------------------------------------\nQuestion 5: „ÇΩ„Ç¶„É´\nCorrect Romaji: sooru\nYour Romaji Answer: souru\nPoints for Question 5: 0\n---------------------------------------\nQuestion 6: „Åõ„Çì„Åó„ÇÖ„ÅÜ\nCorrect Romaji: senshuu\nYour Romaji Answer: sanshuu\nPoints for Question 6: 0\n---------------------------------------\nQuestion 7: „Åß„Çì„Åó„Åì„ÅÜ„Åå„Åè\nCorrect Romaji: denshikoogaku\nYour Romaji Answer: densjikoogaku\nPoints for Question 7: 0\n---------------------------------------\nQuestion 8: „Éè„É©„Ç¶\nCorrect Romaji: harau\nYour Romaji Answer: harau\nPoints for Question 8: 14\n---------------------------------------\nQuestion 9: „Ç¢„Éã„É°\nCorrect Romaji: anime\nYour Romaji Answer: anime\nPoints for Question 9: 18\n---------------------------------------\nQuestion 10: „É¨„Çπ„Éà„É©„É≥\nCorrect Romaji: resutoran\nYour Romaji Answer: resutoran\nPoints for Question 10: 16\n---------------------------------------\nYour Final Score is: 102\nThank You For Playing!', 'components': [], 'channel_type': 1, 'channel_id': '1429927921279045782', 'author': {'username': 'Yonde Sensee', 'public_flags': 0, 'primary_guild': None, 'id': '1428646367278006377', 'global_name': None, 'display_name_styles': None, 'discriminator': '2672', 'collectibles': None, 'clan': None, 'bot': True, 'avatar_decoration_data': None, 'avatar': None}, 'attachments': []}}
[2026-02-20 10:41:30] [DEBUG   ] discord.client: Dispatching event socket_event_type
[2026-02-20 10:41:30] [DEBUG   ] discord.client: Dispatching event message
[2026-02-20 10:41:30] [DEBUG   ] discord.http: POST https://discord.com/api/v10/channels/1429927921279045782/messages with {"content":"Here Are Your Results\n=====================\nQuestion 1: \u3052\u3064\u3088\u3046\u3073\nCorrect Romaji: getsuyoobi\nYour Romaji Answer: getsuyoobi\nPoints for Question 1: 12\n---------------------------------------\nQuestion 2: \u3048\u3048\u304c\nCorrect Romaji: eega\nYour Romaji Answer: eega\nPoints for Question 2: 18\n---------------------------------------\nQuestion 3: \u305f\u3053\u3084\u304d\nCorrect Romaji: takoyaki\nYour Romaji Answer: takoyaki\nPoints for Question 3: 14\n---------------------------------------\nQuestion 4: \u3073\u3058\u3085\u3064\nCorrect Romaji: bijutsu\nYour Romaji Answer: bijutsu\nPoints for Question 4: 10\n---------------------------------------\nQuestion 5: \u30bd\u30a6\u30eb\nCorrect Romaji: sooru\nYour Romaji Answer: souru\nPoints for Question 5: 0\n---------------------------------------\nQuestion 6: \u305b\u3093\u3057\u3085\u3046\nCorrect Romaji: senshuu\nYour Romaji Answer: sanshuu\nPoints for Question 6: 0\n---------------------------------------\nQuestion 7: \u3067\u3093\u3057\u3053\u3046\u304c\u304f\nCorrect Romaji: denshikoogaku\nYour Romaji Answer: densjikoogaku\nPoints for Question 7: 0\n---------------------------------------\nQuestion 8: \u30cf\u30e9\u30a6\nCorrect Romaji: harau\nYour Romaji Answer: harau\nPoints for Question 8: 14\n---------------------------------------\nQuestion 9: \u30a2\u30cb\u30e1\nCorrect Romaji: anime\nYour Romaji Answer: anime\nPoints for Question 9: 18\n---------------------------------------\nQuestion 10: \u30ec\u30b9\u30c8\u30e9\u30f3\nCorrect Romaji: resutoran\nYour Romaji Answer: resutoran\nPoints for Question 10: 16\n---------------------------------------\nYour Final Score is: 102\nThank You For Playing!","components":[],"nonce":"3424259578021131097","enforce_nonce":true,"tts":false} has returned 200
[2026-02-20 10:41:30] [DEBUG   ] discord.http: POST https://discord.com/api/v10/channels/1429927921279045782/messages has received {'type': 0, 'content': 'Here Are Your Results\n=====================\nQuestion 1: „Åí„Å§„Çà„ÅÜ„Å≥\nCorrect Romaji: getsuyoobi\nYour Romaji Answer: getsuyoobi\nPoints for Question 1: 12\n---------------------------------------\nQuestion 2: „Åà„Åà„Åå\nCorrect Romaji: eega\nYour Romaji Answer: eega\nPoints for Question 2: 18\n---------------------------------------\nQuestion 3: „Åü„Åì„ÇÑ„Åç\nCorrect Romaji: takoyaki\nYour Romaji Answer: takoyaki\nPoints for Question 3: 14\n---------------------------------------\nQuestion 4: „Å≥„Åò„ÇÖ„Å§\nCorrect Romaji: bijutsu\nYour Romaji Answer: bijutsu\nPoints for Question 4: 10\n---------------------------------------\nQuestion 5: „ÇΩ„Ç¶„É´\nCorrect Romaji: sooru\nYour Romaji Answer: souru\nPoints for Question 5: 0\n---------------------------------------\nQuestion 6: „Åõ„Çì„Åó„ÇÖ„ÅÜ\nCorrect Romaji: senshuu\nYour Romaji Answer: sanshuu\nPoints for Question 6: 0\n---------------------------------------\nQuestion 7: „Åß„Çì„Åó„Åì„ÅÜ„Åå„Åè\nCorrect Romaji: denshikoogaku\nYour Romaji Answer: densjikoogaku\nPoints for Question 7: 0\n---------------------------------------\nQuestion 8: „Éè„É©„Ç¶\nCorrect Romaji: harau\nYour Romaji Answer: harau\nPoints for Question 8: 14\n---------------------------------------\nQuestion 9: „Ç¢„Éã„É°\nCorrect Romaji: anime\nYour Romaji Answer: anime\nPoints for Question 9: 18\n---------------------------------------\nQuestion 10: „É¨„Çπ„Éà„É©„É≥\nCorrect Romaji: resutoran\nYour Romaji Answer: resutoran\nPoints for Question 10: 16\n---------------------------------------\nYour Final Score is: 102\nThank You For Playing!', 'mentions': [], 'mention_roles': [], 'attachments': [], 'embeds': [], 'timestamp': '2026-02-20T20:41:31.792000+00:00', 'edited_timestamp': None, 'flags': 0, 'components': [], 'id': '1474506278481956955', 'channel_id': '1429927921279045782', 'author': {'id': '1428646367278006377', 'username': 'Yonde Sensee', 'avatar': None, 'discriminator': '2672', 'public_flags': 0, 'flags': 0, 'bot': True, 'banner': None, 'accent_color': None, 'global_name': None, 'avatar_decoration_data': None, 'collectibles': None, 'display_name_styles': None, 'banner_color': None, 'clan': None, 'primary_guild': None}, 'pinned': False, 'mention_everyone': False, 'tts': False, 'nonce': '3424259578021131097'}
[2026-02-20 10:41:30] [DEBUG   ] discord.gateway: For Shard ID None: WebSocket Event: {'t': 'MESSAGE_CREATE', 's': 37, 'op': 0, 'd': {'type': 0, 'tts': False, 'timestamp': '2026-02-20T20:41:32.136000+00:00', 'pinned': False, 'nonce': '7039678280068158538', 'mentions': [], 'mention_roles': [], 'mention_everyone': False, 'id': '1474506279924924529', 'flags': 0, 'embeds': [], 'edited_timestamp': None, 'content': 'Game over! Thanks for playing. Type `!play` to start a new game. üéÆ', 'components': [], 'channel_type': 1, 'channel_id': '1429927921279045782', 'author': {'username': 'Yonde Sensee', 'public_flags': 0, 'primary_guild': None, 'id': '1428646367278006377', 'global_name': None, 'display_name_styles': None, 'discriminator': '2672', 'collectibles': None, 'clan': None, 'bot': True, 'avatar_decoration_data': None, 'avatar': None}, 'attachments': []}}
[2026-02-20 10:41:30] [DEBUG   ] discord.client: Dispatching event socket_event_type
[2026-02-20 10:41:30] [DEBUG   ] discord.client: Dispatching event message
[2026-02-20 10:41:30] [DEBUG   ] discord.http: POST https://discord.com/api/v10/channels/1429927921279045782/messages with {"content":"Game over! Thanks for playing. Type `!play` to start a new game. \ud83c\udfae","components":[],"nonce":"7039678280068158538","enforce_nonce":true,"tts":false} has returned 200
[2026-02-20 10:41:30] [DEBUG   ] discord.http: POST https://discord.com/api/v10/channels/1429927921279045782/messages has received {'type': 0, 'content': 'Game over! Thanks for playing. Type `!play` to start a new game. üéÆ', 'mentions': [], 'mention_roles': [], 'attachments': [], 'embeds': [], 'timestamp': '2026-02-20T20:41:32.136000+00:00', 'edited_timestamp': None, 'flags': 0, 'components': [], 'id': '1474506279924924529', 'channel_id': '1429927921279045782', 'author': {'id': '1428646367278006377', 'username': 'Yonde Sensee', 'avatar': None, 'discriminator': '2672', 'public_flags': 0, 'flags': 0, 'bot': True, 'banner': None, 'accent_color': None, 'global_name': None, 'avatar_decoration_data': None, 'collectibles': None, 'display_name_styles': None, 'banner_color': None, 'clan': None, 'primary_guild': None}, 'pinned': False, 'mention_everyone': False, 'tts': False, 'nonce': '7039678280068158538'}
[2026-02-20 10:41:47] [DEBUG   ] discord.gateway: Keeping shard ID None websocket alive with sequence 37.
[2026-02-20 10:41:47] [DEBUG   ] discord.gateway: For Shard ID None: WebSocket Event: {'t': None, 's': None, 'op': 11, 'd': None}
[2026-02-20 10:42:28] [DEBUG   ] discord.gateway: Keeping shard ID None websocket alive with sequence 37.
[2026-02-20 10:42:28] [DEBUG   ] discord.gateway: For Shard ID None: WebSocket Event: {'t': None, 's': None, 'op': 11, 'd': None}
[2026-02-20 10:43:09] [DEBUG   ] discord.gateway: Keeping shard ID None websocket alive with sequence 37.
[2026-02-20 10:43:09] [DEBUG   ] discord.gateway: For Shard ID None: WebSocket Event: {'t': None, 's': None, 'op': 11, 'd': None}
[2026-02-20 10:43:50] [DEBUG   ] discord.gateway: Keeping shard ID None websocket alive with sequence 37.
[2026-02-20 10:43:50] [DEBUG   ] discord.gateway: For Shard ID None: WebSocket Event: {'t': None, 's': None, 'op': 11, 'd': None}
[2026-02-20 10:44:32] [DEBUG   ] discord.gateway: Keeping shard ID None websocket alive with sequence 37.
[2026-02-20 10:44:32] [DEBUG   ] discord.gateway: For Shard ID None: WebSocket Event: {'t': None, 's': None, 'op': 11, 'd': None}
[2026-02-20 10:45:13] [DEBUG   ] discord.gateway: Keeping shard ID None websocket alive with sequence 37.
[2026-02-20 10:45:13] [DEBUG   ] discord.gateway: For Shard ID None: WebSocket Event: {'t': None, 's': None, 'op': 11, 'd': None}
[2026-02-20 10:45:54] [DEBUG   ] discord.gateway: Keeping shard ID None websocket alive with sequence 37.
[2026-02-20 10:45:54] [DEBUG   ] discord.gateway: For Shard ID None: WebSocket Event: {'t': None, 's': None, 'op': 11, 'd': None}
[2026-02-20 10:46:35] [DEBUG   ] discord.gateway: Keeping shard ID None websocket alive with sequence 37.
[2026-02-20 10:46:35] [DEBUG   ] discord.gateway: For Shard ID None: WebSocket Event: {'t': None, 's': None, 'op': 11, 'd': None}
[2026-02-20 10:47:17] [DEBUG   ] discord.gateway: Keeping shard ID None websocket alive with sequence 37.
[2026-02-20 10:47:17] [DEBUG   ] discord.gateway: Received WSMessage(type=<WSMsgType.CLOSED: 257>, data=None, extra=None)
[2026-02-20 10:47:17] [DEBUG   ] discord.gateway: Websocket closed with 1006, attempting a reconnect.
[2026-02-20 10:47:17] [DEBUG   ] discord.client: Got a request to RESUME the websocket.
[2026-02-20 10:47:17] [DEBUG   ] discord.client: Dispatching event disconnect
[2026-02-20 10:47:17] [DEBUG   ] discord.gateway: Created websocket connected to wss://gateway-us-east1-d.discord.gg
[2026-02-20 10:47:17] [DEBUG   ] discord.gateway: For Shard ID None: WebSocket Event: {'t': None, 's': None, 'op': 10, 'd': {'heartbeat_interval': 41250, '_trace': ['["gateway-prd-arm-us-east1-d-3kvv",{"micros":0.0}]']}}
[2026-02-20 10:47:17] [DEBUG   ] discord.gateway: Shard ID None has sent the RESUME payload.
[2026-02-20 10:47:18] [DEBUG   ] discord.gateway: For Shard ID None: WebSocket Event: {'t': None, 's': None, 'op': 11, 'd': None}
[2026-02-20 10:47:18] [DEBUG   ] discord.gateway: For Shard ID None: WebSocket Event: {'t': 'RESUMED', 's': 38, 'op': 0, 'd': {'_trace': ['["gateway-prd-arm-us-east1-d-3kvv",{"micros":1984,"calls":["id_created",{"micros":0,"calls":[]},"session_lookup_time",{"micros":279,"calls":[]},"session_lookup_finished",{"micros":11,"calls":[]},"discord-sessions-prd-2-48",{"micros":15}]}]']}}
[2026-02-20 10:47:18] [DEBUG   ] discord.client: Dispatching event socket_event_type
[2026-02-20 10:47:18] [INFO    ] discord.gateway: Shard ID None has successfully RESUMED session 0629fb54b0e88f3e31dc30b5308c407e.
[2026-02-20 10:47:18] [DEBUG   ] discord.client: Dispatching event resumed
[2026-02-20 10:47:59] [DEBUG   ] discord.gateway: Keeping shard ID None websocket alive with sequence 38.
[2026-02-20 10:47:59] [DEBUG   ] discord.gateway: For Shard ID None: WebSocket Event: {'t': None, 's': None, 'op': 11, 'd': None}
[2026-02-20 10:48:40] [DEBUG   ] discord.gateway: Keeping shard ID None websocket alive with sequence 38.
[2026-02-20 10:48:40] [DEBUG   ] discord.gateway: For Shard ID None: WebSocket Event: {'t': None, 's': None, 'op': 11, 'd': None}
[2026-02-20 10:49:21] [DEBUG   ] discord.gateway: Keeping shard ID None websocket alive with sequence 38.
[2026-02-20 10:49:21] [DEBUG   ] discord.gateway: For Shard ID None: WebSocket Event: {'t': None, 's': None, 'op': 11, 'd': None}
[2026-02-20 10:50:02] [DEBUG   ] discord.gateway: Keeping shard ID None websocket alive with sequence 38.
[2026-02-20 10:50:02] [DEBUG   ] discord.gateway: For Shard ID None: WebSocket Event: {'t': None, 's': None, 'op': 11, 'd': None}
[2026-02-20 10:50:44] [DEBUG   ] discord.gateway: Keeping shard ID None websocket alive with sequence 38.
[2026-02-20 10:50:44] [DEBUG   ] discord.gateway: For Shard ID None: WebSocket Event: {'t': None, 's': None, 'op': 11, 'd': None}
[2026-02-20 10:51:25] [DEBUG   ] discord.gateway: Keeping shard ID None websocket alive with sequence 38.
[2026-02-20 10:51:25] [DEBUG   ] discord.gateway: For Shard ID None: WebSocket Event: {'t': None, 's': None, 'op': 11, 'd': None}
[2026-02-20 10:52:06] [DEBUG   ] discord.gateway: Keeping shard ID None websocket alive with sequence 38.
[2026-02-20 10:52:06] [DEBUG   ] discord.gateway: For Shard ID None: WebSocket Event: {'t': None, 's': None, 'op': 11, 'd': None}
[2026-02-20 10:52:47] [DEBUG   ] discord.gateway: Keeping shard ID None websocket alive with sequence 38.
[2026-02-20 10:52:47] [DEBUG   ] discord.gateway: For Shard ID None: WebSocket Event: {'t': None, 's': None, 'op': 11, 'd': None}
[2026-02-20 10:53:29] [DEBUG   ] discord.gateway: Keeping shard ID None websocket alive with sequence 38.
[2026-02-20 10:53:29] [DEBUG   ] discord.gateway: For Shard ID None: WebSocket Event: {'t': None, 's': None, 'op': 11, 'd': None}
[2026-02-20 10:54:10] [DEBUG   ] discord.gateway: Keeping shard ID None websocket alive with sequence 38.
[2026-02-20 10:54:10] [DEBUG   ] discord.gateway: For Shard ID None: WebSocket Event: {'t': None, 's': None, 'op': 11, 'd': None}
[2026-02-20 10:54:51] [DEBUG   ] discord.gateway: Keeping shard ID None websocket alive with sequence 38.
[2026-02-20 10:54:51] [DEBUG   ] discord.gateway: For Shard ID None: WebSocket Event: {'t': None, 's': None, 'op': 11, 'd': None}
[2026-02-20 10:55:32] [DEBUG   ] discord.gateway: Keeping shard ID None websocket alive with sequence 38.
[2026-02-20 10:55:32] [DEBUG   ] discord.gateway: For Shard ID None: WebSocket Event: {'t': None, 's': None, 'op': 11, 'd': None}
[2026-02-20 10:56:14] [DEBUG   ] discord.gateway: Keeping shard ID None websocket alive with sequence 38.
[2026-02-20 10:56:14] [DEBUG   ] discord.gateway: For Shard ID None: WebSocket Event: {'t': None, 's': None, 'op': 11, 'd': None}
[2026-02-20 10:56:55] [DEBUG   ] discord.gateway: Keeping shard ID None websocket alive with sequence 38.
[2026-02-20 10:56:55] [DEBUG   ] discord.gateway: For Shard ID None: WebSocket Event: {'t': None, 's': None, 'op': 11, 'd': None}
[2026-02-20 10:57:36] [DEBUG   ] discord.gateway: Keeping shard ID None websocket alive with sequence 38.
[2026-02-20 10:57:36] [DEBUG   ] discord.gateway: For Shard ID None: WebSocket Event: {'t': None, 's': None, 'op': 11, 'd': None}
[2026-02-20 10:58:17] [DEBUG   ] discord.gateway: Keeping shard ID None websocket alive with sequence 38.
[2026-02-20 10:58:18] [DEBUG   ] discord.gateway: For Shard ID None: WebSocket Event: {'t': None, 's': None, 'op': 11, 'd': None}
[2026-02-20 10:58:59] [DEBUG   ] discord.gateway: Keeping shard ID None websocket alive with sequence 38.
[2026-02-20 10:58:59] [DEBUG   ] discord.gateway: For Shard ID None: WebSocket Event: {'t': None, 's': None, 'op': 11, 'd': None}
[2026-02-20 10:59:40] [DEBUG   ] discord.gateway: Keeping shard ID None websocket alive with sequence 38.
[2026-02-20 10:59:40] [DEBUG   ] discord.gateway: For Shard ID None: WebSocket Event: {'t': None, 's': None, 'op': 11, 'd': None}
[2026-02-20 11:00:21] [DEBUG   ] discord.gateway: Keeping shard ID None websocket alive with sequence 38.
[2026-02-20 11:00:21] [DEBUG   ] discord.gateway: For Shard ID None: WebSocket Event: {'t': None, 's': None, 'op': 11, 'd': None}
[2026-02-20 11:01:02] [DEBUG   ] discord.gateway: Keeping shard ID None websocket alive with sequence 38.
[2026-02-20 11:01:03] [DEBUG   ] discord.gateway: For Shard ID None: WebSocket Event: {'t': None, 's': None, 'op': 11, 'd': None}
[2026-02-20 11:01:44] [DEBUG   ] discord.gateway: Keeping shard ID None websocket alive with sequence 38.
[2026-02-20 11:01:44] [DEBUG   ] discord.gateway: For Shard ID None: WebSocket Event: {'t': None, 's': None, 'op': 11, 'd': None}
[2026-02-20 11:02:25] [DEBUG   ] discord.gateway: Keeping shard ID None websocket alive with sequence 38.
[2026-02-20 11:02:25] [DEBUG   ] discord.gateway: For Shard ID None: WebSocket Event: {'t': None, 's': None, 'op': 11, 'd': None}
[2026-02-20 11:03:06] [DEBUG   ] discord.gateway: Keeping shard ID None websocket alive with sequence 38.
[2026-02-20 11:03:06] [DEBUG   ] discord.gateway: For Shard ID None: WebSocket Event: {'t': None, 's': None, 'op': 11, 'd': None}
[2026-02-20 11:03:47] [DEBUG   ] discord.gateway: Keeping shard ID None websocket alive with sequence 38.
[2026-02-20 11:03:48] [DEBUG   ] discord.gateway: For Shard ID None: WebSocket Event: {'t': None, 's': None, 'op': 11, 'd': None}
[2026-02-20 11:04:29] [DEBUG   ] discord.gateway: Keeping shard ID None websocket alive with sequence 38.
[2026-02-20 11:04:29] [DEBUG   ] discord.gateway: For Shard ID None: WebSocket Event: {'t': None, 's': None, 'op': 11, 'd': None}
[2026-02-20 11:05:10] [DEBUG   ] discord.gateway: Keeping shard ID None websocket alive with sequence 38.
[2026-02-20 11:05:10] [DEBUG   ] discord.gateway: For Shard ID None: WebSocket Event: {'t': None, 's': None, 'op': 11, 'd': None}
[2026-02-20 11:05:51] [DEBUG   ] discord.gateway: Keeping shard ID None websocket alive with sequence 38.
[2026-02-20 11:05:51] [DEBUG   ] discord.gateway: For Shard ID None: WebSocket Event: {'t': None, 's': None, 'op': 11, 'd': None}
[2026-02-20 11:06:32] [DEBUG   ] discord.gateway: Keeping shard ID None websocket alive with sequence 38.
[2026-02-20 11:06:33] [DEBUG   ] discord.gateway: For Shard ID None: WebSocket Event: {'t': None, 's': None, 'op': 11, 'd': None}
[2026-02-20 11:07:14] [DEBUG   ] discord.gateway: Keeping shard ID None websocket alive with sequence 38.
[2026-02-20 11:07:14] [DEBUG   ] discord.gateway: For Shard ID None: WebSocket Event: {'t': None, 's': None, 'op': 11, 'd': None}
[2026-02-20 11:07:55] [DEBUG   ] discord.gateway: Keeping shard ID None websocket alive with sequence 38.
[2026-02-20 11:07:55] [DEBUG   ] discord.gateway: For Shard ID None: WebSocket Event: {'t': None, 's': None, 'op': 11, 'd': None}
[2026-02-20 11:08:36] [DEBUG   ] discord.gateway: Keeping shard ID None websocket alive with sequence 38.
[2026-02-20 11:08:36] [DEBUG   ] discord.gateway: For Shard ID None: WebSocket Event: {'t': None, 's': None, 'op': 11, 'd': None}
[2026-02-20 11:08:59] [DEBUG   ] discord.gateway: Received WSMessage(type=<WSMsgType.CLOSED: 257>, data=None, extra=None)
[2026-02-20 11:08:59] [DEBUG   ] discord.gateway: Websocket closed with 1006, attempting a reconnect.
[2026-02-20 11:08:59] [DEBUG   ] discord.client: Got a request to RESUME the websocket.
[2026-02-20 11:08:59] [DEBUG   ] discord.client: Dispatching event disconnect
[2026-02-20 11:08:59] [DEBUG   ] discord.gateway: Created websocket connected to wss://gateway-us-east1-d.discord.gg
[2026-02-20 11:08:59] [DEBUG   ] discord.gateway: For Shard ID None: WebSocket Event: {'t': None, 's': None, 'op': 10, 'd': {'heartbeat_interval': 41250, '_trace': ['["gateway-prd-arm-us-east1-d-gz1m",{"micros":0.0}]']}}
[2026-02-20 11:08:59] [DEBUG   ] discord.gateway: Shard ID None has sent the RESUME payload.
[2026-02-20 11:09:00] [DEBUG   ] discord.gateway: For Shard ID None: WebSocket Event: {'t': None, 's': None, 'op': 11, 'd': None}
[2026-02-20 11:09:00] [DEBUG   ] discord.gateway: For Shard ID None: WebSocket Event: {'t': 'RESUMED', 's': 39, 'op': 0, 'd': {'_trace': ['["gateway-prd-arm-us-east1-d-gz1m",{"micros":4992,"calls":["id_created",{"micros":0,"calls":[]},"session_lookup_time",{"micros":537,"calls":[]},"session_lookup_finished",{"micros":15,"calls":[]},"discord-sessions-prd-2-48",{"micros":16}]}]']}}
[2026-02-20 11:09:00] [DEBUG   ] discord.client: Dispatching event socket_event_type
[2026-02-20 11:09:00] [INFO    ] discord.gateway: Shard ID None has successfully RESUMED session 0629fb54b0e88f3e31dc30b5308c407e.
[2026-02-20 11:09:00] [DEBUG   ] discord.client: Dispatching event resumed
[2026-02-20 11:09:41] [DEBUG   ] discord.gateway: Keeping shard ID None websocket alive with sequence 39.
[2026-02-20 11:09:41] [DEBUG   ] discord.gateway: For Shard ID None: WebSocket Event: {'t': None, 's': None, 'op': 11, 'd': None}
[2026-02-20 11:10:22] [DEBUG   ] discord.gateway: Keeping shard ID None websocket alive with sequence 39.
[2026-02-20 11:10:23] [DEBUG   ] discord.gateway: For Shard ID None: WebSocket Event: {'t': None, 's': None, 'op': 11, 'd': None}
[2026-02-20 11:11:03] [DEBUG   ] discord.gateway: Keeping shard ID None websocket alive with sequence 39.
[2026-02-20 11:11:03] [DEBUG   ] discord.gateway: For Shard ID None: WebSocket Event: {'t': None, 's': None, 'op': 11, 'd': None}
[2026-02-20 11:11:44] [DEBUG   ] discord.gateway: Keeping shard ID None websocket alive with sequence 39.
[2026-02-20 11:11:45] [DEBUG   ] discord.gateway: For Shard ID None: WebSocket Event: {'t': None, 's': None, 'op': 11, 'd': None}
[2026-02-20 11:12:26] [DEBUG   ] discord.gateway: Keeping shard ID None websocket alive with sequence 39.
[2026-02-20 11:12:26] [DEBUG   ] discord.gateway: For Shard ID None: WebSocket Event: {'t': None, 's': None, 'op': 11, 'd': None}
[2026-02-20 11:13:07] [DEBUG   ] discord.gateway: Keeping shard ID None websocket alive with sequence 39.
[2026-02-20 11:13:07] [DEBUG   ] discord.gateway: For Shard ID None: WebSocket Event: {'t': None, 's': None, 'op': 11, 'd': None}
[2026-02-20 11:13:48] [DEBUG   ] discord.gateway: Keeping shard ID None websocket alive with sequence 39.
[2026-02-20 11:13:48] [DEBUG   ] discord.gateway: For Shard ID None: WebSocket Event: {'t': None, 's': None, 'op': 11, 'd': None}
[2026-02-20 11:14:29] [DEBUG   ] discord.gateway: Keeping shard ID None websocket alive with sequence 39.
[2026-02-20 11:14:30] [DEBUG   ] discord.gateway: For Shard ID None: WebSocket Event: {'t': None, 's': None, 'op': 11, 'd': None}
[2026-02-20 11:15:11] [DEBUG   ] discord.gateway: Keeping shard ID None websocket alive with sequence 39.
[2026-02-20 11:15:12] [DEBUG   ] discord.gateway: For Shard ID None: WebSocket Event: {'t': None, 's': None, 'op': 11, 'd': None}
[2026-02-20 11:15:52] [DEBUG   ] discord.gateway: Keeping shard ID None websocket alive with sequence 39.
[2026-02-20 11:15:52] [DEBUG   ] discord.gateway: For Shard ID None: WebSocket Event: {'t': None, 's': None, 'op': 11, 'd': None}
[2026-02-20 11:16:33] [DEBUG   ] discord.gateway: Keeping shard ID None websocket alive with sequence 39.
[2026-02-20 11:16:33] [DEBUG   ] discord.gateway: For Shard ID None: WebSocket Event: {'t': None, 's': None, 'op': 11, 'd': None}
[2026-02-20 11:17:15] [DEBUG   ] discord.gateway: Keeping shard ID None websocket alive with sequence 39.
[2026-02-20 11:17:15] [DEBUG   ] discord.gateway: For Shard ID None: WebSocket Event: {'t': None, 's': None, 'op': 11, 'd': None}
[2026-02-20 11:17:56] [DEBUG   ] discord.gateway: Keeping shard ID None websocket alive with sequence 39.
[2026-02-20 11:17:56] [DEBUG   ] discord.gateway: For Shard ID None: WebSocket Event: {'t': None, 's': None, 'op': 11, 'd': None}
[2026-02-20 11:18:37] [DEBUG   ] discord.gateway: Keeping shard ID None websocket alive with sequence 39.
[2026-02-20 11:18:37] [DEBUG   ] discord.gateway: For Shard ID None: WebSocket Event: {'t': None, 's': None, 'op': 11, 'd': None}
[2026-02-20 11:19:18] [DEBUG   ] discord.gateway: Keeping shard ID None websocket alive with sequence 39.
[2026-02-20 11:19:18] [DEBUG   ] discord.gateway: For Shard ID None: WebSocket Event: {'t': None, 's': None, 'op': 11, 'd': None}
[2026-02-20 11:20:00] [DEBUG   ] discord.gateway: Keeping shard ID None websocket alive with sequence 39.
[2026-02-20 11:20:00] [DEBUG   ] discord.gateway: For Shard ID None: WebSocket Event: {'t': None, 's': None, 'op': 11, 'd': None}
[2026-02-20 11:45:08] [DEBUG   ] discord.gateway: Timed out receiving packet. Attempting a reconnect.
[2026-02-20 11:45:08] [DEBUG   ] discord.client: Got a request to RESUME the websocket.
[2026-02-20 11:45:08] [DEBUG   ] discord.client: Dispatching event disconnect
[2026-02-20 11:45:08] [DEBUG   ] discord.client: Dispatching event disconnect
[2026-02-20 11:45:08] [ERROR   ] discord.client: Attempting a reconnect in 0.67s
Traceback (most recent call last):
  File "C:\Users\paten\AppData\Roaming\Python\Python314\site-packages\aiohttp\connector.py", line 1562, in _create_direct_connection
    hosts = await self._resolve_host(host, port, traces=traces)
            ^^^^^^^^^^^^^^^^^^^^^^^^^^^^^^^^^^^^^^^^^^^^^^^^^^^
  File "C:\Users\paten\AppData\Roaming\Python\Python314\site-packages\aiohttp\connector.py", line 1178, in _resolve_host
    return await asyncio.shield(resolved_host_task)
           ^^^^^^^^^^^^^^^^^^^^^^^^^^^^^^^^^^^^^^^^
  File "C:\Users\paten\AppData\Roaming\Python\Python314\site-packages\aiohttp\connector.py", line 1209, in _resolve_host_with_throttle
    addrs = await self._resolver.resolve(host, port, family=self._family)
            ^^^^^^^^^^^^^^^^^^^^^^^^^^^^^^^^^^^^^^^^^^^^^^^^^^^^^^^^^^^^^
  File "C:\Users\paten\AppData\Roaming\Python\Python314\site-packages\aiohttp\resolver.py", line 40, in resolve
    infos = await self._loop.getaddrinfo(
            ^^^^^^^^^^^^^^^^^^^^^^^^^^^^^
    ...<5 lines>...
    )
    ^
  File "C:\Python314\Lib\asyncio\base_events.py", line 936, in getaddrinfo
    return await self.run_in_executor(
           ^^^^^^^^^^^^^^^^^^^^^^^^^^^
        None, getaddr_func, host, port, family, type, proto, flags)
        ^^^^^^^^^^^^^^^^^^^^^^^^^^^^^^^^^^^^^^^^^^^^^^^^^^^^^^^^^^^
  File "C:\Python314\Lib\concurrent\futures\thread.py", line 86, in run
    result = ctx.run(self.task)
  File "C:\Python314\Lib\concurrent\futures\thread.py", line 73, in run
    return fn(*args, **kwargs)
  File "C:\Python314\Lib\socket.py", line 983, in getaddrinfo
    for res in _socket.getaddrinfo(host, port, family, type, proto, flags):
               ~~~~~~~~~~~~~~~~~~~^^^^^^^^^^^^^^^^^^^^^^^^^^^^^^^^^^^^^^^^
socket.gaierror: [Errno 11004] getaddrinfo failed

The above exception was the direct cause of the following exception:

Traceback (most recent call last):
  File "C:\Users\paten\AppData\Roaming\Python\Python314\site-packages\discord\client.py", line 724, in connect
    self.ws = await asyncio.wait_for(coro, timeout=60.0)
              ^^^^^^^^^^^^^^^^^^^^^^^^^^^^^^^^^^^^^^^^^^
  File "C:\Python314\Lib\asyncio\tasks.py", line 488, in wait_for
    return await fut
           ^^^^^^^^^
  File "C:\Users\paten\AppData\Roaming\Python\Python314\site-packages\discord\gateway.py", line 383, in from_client
    socket = await client.http.ws_connect(str(url))
             ^^^^^^^^^^^^^^^^^^^^^^^^^^^^^^^^^^^^^^
  File "C:\Users\paten\AppData\Roaming\Python\Python314\site-packages\discord\http.py", line 566, in ws_connect
    return await self.__session.ws_connect(url, **kwargs)
           ^^^^^^^^^^^^^^^^^^^^^^^^^^^^^^^^^^^^^^^^^^^^^^
  File "C:\Users\paten\AppData\Roaming\Python\Python314\site-packages\aiohttp\client.py", line 1076, in _ws_connect
    resp = await self.request(
           ^^^^^^^^^^^^^^^^^^^
    ...<11 lines>...
    )
    ^
  File "C:\Users\paten\AppData\Roaming\Python\Python314\site-packages\aiohttp\client.py", line 779, in _request
    resp = await handler(req)
           ^^^^^^^^^^^^^^^^^^
  File "C:\Users\paten\AppData\Roaming\Python\Python314\site-packages\aiohttp\client.py", line 734, in _connect_and_send_request
    conn = await self._connector.connect(
           ^^^^^^^^^^^^^^^^^^^^^^^^^^^^^^
        req, traces=traces, timeout=real_timeout
        ^^^^^^^^^^^^^^^^^^^^^^^^^^^^^^^^^^^^^^^^
    )
    ^
  File "C:\Users\paten\AppData\Roaming\Python\Python314\site-packages\aiohttp\connector.py", line 672, in connect
    proto = await self._create_connection(req, traces, timeout)
            ^^^^^^^^^^^^^^^^^^^^^^^^^^^^^^^^^^^^^^^^^^^^^^^^^^^
  File "C:\Users\paten\AppData\Roaming\Python\Python314\site-packages\aiohttp\connector.py", line 1239, in _create_connection
    _, proto = await self._create_direct_connection(req, traces, timeout)
               ^^^^^^^^^^^^^^^^^^^^^^^^^^^^^^^^^^^^^^^^^^^^^^^^^^^^^^^^^^
  File "C:\Users\paten\AppData\Roaming\Python\Python314\site-packages\aiohttp\connector.py", line 1568, in _create_direct_connection
    raise ClientConnectorDNSError(req.connection_key, exc) from exc
aiohttp.client_exceptions.ClientConnectorDNSError: Cannot connect to host gateway-us-east1-d.discord.gg:443 ssl:default [getaddrinfo failed]
[2026-02-20 11:45:10] [DEBUG   ] discord.client: Dispatching event disconnect
[2026-02-20 11:45:10] [ERROR   ] discord.client: Attempting a reconnect in 0.69s
Traceback (most recent call last):
  File "C:\Users\paten\AppData\Roaming\Python\Python314\site-packages\aiohttp\connector.py", line 1562, in _create_direct_connection
    hosts = await self._resolve_host(host, port, traces=traces)
            ^^^^^^^^^^^^^^^^^^^^^^^^^^^^^^^^^^^^^^^^^^^^^^^^^^^
  File "C:\Users\paten\AppData\Roaming\Python\Python314\site-packages\aiohttp\connector.py", line 1178, in _resolve_host
    return await asyncio.shield(resolved_host_task)
           ^^^^^^^^^^^^^^^^^^^^^^^^^^^^^^^^^^^^^^^^
  File "C:\Users\paten\AppData\Roaming\Python\Python314\site-packages\aiohttp\connector.py", line 1209, in _resolve_host_with_throttle
    addrs = await self._resolver.resolve(host, port, family=self._family)
            ^^^^^^^^^^^^^^^^^^^^^^^^^^^^^^^^^^^^^^^^^^^^^^^^^^^^^^^^^^^^^
  File "C:\Users\paten\AppData\Roaming\Python\Python314\site-packages\aiohttp\resolver.py", line 40, in resolve
    infos = await self._loop.getaddrinfo(
            ^^^^^^^^^^^^^^^^^^^^^^^^^^^^^
    ...<5 lines>...
    )
    ^
  File "C:\Python314\Lib\asyncio\base_events.py", line 936, in getaddrinfo
    return await self.run_in_executor(
           ^^^^^^^^^^^^^^^^^^^^^^^^^^^
        None, getaddr_func, host, port, family, type, proto, flags)
        ^^^^^^^^^^^^^^^^^^^^^^^^^^^^^^^^^^^^^^^^^^^^^^^^^^^^^^^^^^^
  File "C:\Python314\Lib\concurrent\futures\thread.py", line 86, in run
    result = ctx.run(self.task)
  File "C:\Python314\Lib\concurrent\futures\thread.py", line 73, in run
    return fn(*args, **kwargs)
  File "C:\Python314\Lib\socket.py", line 983, in getaddrinfo
    for res in _socket.getaddrinfo(host, port, family, type, proto, flags):
               ~~~~~~~~~~~~~~~~~~~^^^^^^^^^^^^^^^^^^^^^^^^^^^^^^^^^^^^^^^^
socket.gaierror: [Errno 11004] getaddrinfo failed

The above exception was the direct cause of the following exception:

Traceback (most recent call last):
  File "C:\Users\paten\AppData\Roaming\Python\Python314\site-packages\discord\client.py", line 724, in connect
    self.ws = await asyncio.wait_for(coro, timeout=60.0)
              ^^^^^^^^^^^^^^^^^^^^^^^^^^^^^^^^^^^^^^^^^^
  File "C:\Python314\Lib\asyncio\tasks.py", line 488, in wait_for
    return await fut
           ^^^^^^^^^
  File "C:\Users\paten\AppData\Roaming\Python\Python314\site-packages\discord\gateway.py", line 383, in from_client
    socket = await client.http.ws_connect(str(url))
             ^^^^^^^^^^^^^^^^^^^^^^^^^^^^^^^^^^^^^^
  File "C:\Users\paten\AppData\Roaming\Python\Python314\site-packages\discord\http.py", line 566, in ws_connect
    return await self.__session.ws_connect(url, **kwargs)
           ^^^^^^^^^^^^^^^^^^^^^^^^^^^^^^^^^^^^^^^^^^^^^^
  File "C:\Users\paten\AppData\Roaming\Python\Python314\site-packages\aiohttp\client.py", line 1076, in _ws_connect
    resp = await self.request(
           ^^^^^^^^^^^^^^^^^^^
    ...<11 lines>...
    )
    ^
  File "C:\Users\paten\AppData\Roaming\Python\Python314\site-packages\aiohttp\client.py", line 779, in _request
    resp = await handler(req)
           ^^^^^^^^^^^^^^^^^^
  File "C:\Users\paten\AppData\Roaming\Python\Python314\site-packages\aiohttp\client.py", line 734, in _connect_and_send_request
    conn = await self._connector.connect(
           ^^^^^^^^^^^^^^^^^^^^^^^^^^^^^^
        req, traces=traces, timeout=real_timeout
        ^^^^^^^^^^^^^^^^^^^^^^^^^^^^^^^^^^^^^^^^
    )
    ^
  File "C:\Users\paten\AppData\Roaming\Python\Python314\site-packages\aiohttp\connector.py", line 672, in connect
    proto = await self._create_connection(req, traces, timeout)
            ^^^^^^^^^^^^^^^^^^^^^^^^^^^^^^^^^^^^^^^^^^^^^^^^^^^
  File "C:\Users\paten\AppData\Roaming\Python\Python314\site-packages\aiohttp\connector.py", line 1239, in _create_connection
    _, proto = await self._create_direct_connection(req, traces, timeout)
               ^^^^^^^^^^^^^^^^^^^^^^^^^^^^^^^^^^^^^^^^^^^^^^^^^^^^^^^^^^
  File "C:\Users\paten\AppData\Roaming\Python\Python314\site-packages\aiohttp\connector.py", line 1568, in _create_direct_connection
    raise ClientConnectorDNSError(req.connection_key, exc) from exc
aiohttp.client_exceptions.ClientConnectorDNSError: Cannot connect to host gateway-us-east1-d.discord.gg:443 ssl:default [getaddrinfo failed]
[2026-02-20 11:45:11] [DEBUG   ] discord.client: Dispatching event disconnect
[2026-02-20 11:45:11] [ERROR   ] discord.client: Attempting a reconnect in 6.71s
Traceback (most recent call last):
  File "C:\Users\paten\AppData\Roaming\Python\Python314\site-packages\aiohttp\connector.py", line 1562, in _create_direct_connection
    hosts = await self._resolve_host(host, port, traces=traces)
            ^^^^^^^^^^^^^^^^^^^^^^^^^^^^^^^^^^^^^^^^^^^^^^^^^^^
  File "C:\Users\paten\AppData\Roaming\Python\Python314\site-packages\aiohttp\connector.py", line 1178, in _resolve_host
    return await asyncio.shield(resolved_host_task)
           ^^^^^^^^^^^^^^^^^^^^^^^^^^^^^^^^^^^^^^^^
  File "C:\Users\paten\AppData\Roaming\Python\Python314\site-packages\aiohttp\connector.py", line 1209, in _resolve_host_with_throttle
    addrs = await self._resolver.resolve(host, port, family=self._family)
            ^^^^^^^^^^^^^^^^^^^^^^^^^^^^^^^^^^^^^^^^^^^^^^^^^^^^^^^^^^^^^
  File "C:\Users\paten\AppData\Roaming\Python\Python314\site-packages\aiohttp\resolver.py", line 40, in resolve
    infos = await self._loop.getaddrinfo(
            ^^^^^^^^^^^^^^^^^^^^^^^^^^^^^
    ...<5 lines>...
    )
    ^
  File "C:\Python314\Lib\asyncio\base_events.py", line 936, in getaddrinfo
    return await self.run_in_executor(
           ^^^^^^^^^^^^^^^^^^^^^^^^^^^
        None, getaddr_func, host, port, family, type, proto, flags)
        ^^^^^^^^^^^^^^^^^^^^^^^^^^^^^^^^^^^^^^^^^^^^^^^^^^^^^^^^^^^
  File "C:\Python314\Lib\concurrent\futures\thread.py", line 86, in run
    result = ctx.run(self.task)
  File "C:\Python314\Lib\concurrent\futures\thread.py", line 73, in run
    return fn(*args, **kwargs)
  File "C:\Python314\Lib\socket.py", line 983, in getaddrinfo
    for res in _socket.getaddrinfo(host, port, family, type, proto, flags):
               ~~~~~~~~~~~~~~~~~~~^^^^^^^^^^^^^^^^^^^^^^^^^^^^^^^^^^^^^^^^
socket.gaierror: [Errno 11004] getaddrinfo failed

The above exception was the direct cause of the following exception:

Traceback (most recent call last):
  File "C:\Users\paten\AppData\Roaming\Python\Python314\site-packages\discord\client.py", line 724, in connect
    self.ws = await asyncio.wait_for(coro, timeout=60.0)
              ^^^^^^^^^^^^^^^^^^^^^^^^^^^^^^^^^^^^^^^^^^
  File "C:\Python314\Lib\asyncio\tasks.py", line 488, in wait_for
    return await fut
           ^^^^^^^^^
  File "C:\Users\paten\AppData\Roaming\Python\Python314\site-packages\discord\gateway.py", line 383, in from_client
    socket = await client.http.ws_connect(str(url))
             ^^^^^^^^^^^^^^^^^^^^^^^^^^^^^^^^^^^^^^
  File "C:\Users\paten\AppData\Roaming\Python\Python314\site-packages\discord\http.py", line 566, in ws_connect
    return await self.__session.ws_connect(url, **kwargs)
           ^^^^^^^^^^^^^^^^^^^^^^^^^^^^^^^^^^^^^^^^^^^^^^
  File "C:\Users\paten\AppData\Roaming\Python\Python314\site-packages\aiohttp\client.py", line 1076, in _ws_connect
    resp = await self.request(
           ^^^^^^^^^^^^^^^^^^^
    ...<11 lines>...
    )
    ^
  File "C:\Users\paten\AppData\Roaming\Python\Python314\site-packages\aiohttp\client.py", line 779, in _request
    resp = await handler(req)
           ^^^^^^^^^^^^^^^^^^
  File "C:\Users\paten\AppData\Roaming\Python\Python314\site-packages\aiohttp\client.py", line 734, in _connect_and_send_request
    conn = await self._connector.connect(
           ^^^^^^^^^^^^^^^^^^^^^^^^^^^^^^
        req, traces=traces, timeout=real_timeout
        ^^^^^^^^^^^^^^^^^^^^^^^^^^^^^^^^^^^^^^^^
    )
    ^
  File "C:\Users\paten\AppData\Roaming\Python\Python314\site-packages\aiohttp\connector.py", line 672, in connect
    proto = await self._create_connection(req, traces, timeout)
            ^^^^^^^^^^^^^^^^^^^^^^^^^^^^^^^^^^^^^^^^^^^^^^^^^^^
  File "C:\Users\paten\AppData\Roaming\Python\Python314\site-packages\aiohttp\connector.py", line 1239, in _create_connection
    _, proto = await self._create_direct_connection(req, traces, timeout)
               ^^^^^^^^^^^^^^^^^^^^^^^^^^^^^^^^^^^^^^^^^^^^^^^^^^^^^^^^^^
  File "C:\Users\paten\AppData\Roaming\Python\Python314\site-packages\aiohttp\connector.py", line 1568, in _create_direct_connection
    raise ClientConnectorDNSError(req.connection_key, exc) from exc
aiohttp.client_exceptions.ClientConnectorDNSError: Cannot connect to host gateway-us-east1-d.discord.gg:443 ssl:default [getaddrinfo failed]
[2026-02-20 11:45:18] [DEBUG   ] discord.client: Dispatching event disconnect
[2026-02-20 11:45:18] [ERROR   ] discord.client: Attempting a reconnect in 8.55s
Traceback (most recent call last):
  File "C:\Users\paten\AppData\Roaming\Python\Python314\site-packages\aiohttp\connector.py", line 1562, in _create_direct_connection
    hosts = await self._resolve_host(host, port, traces=traces)
            ^^^^^^^^^^^^^^^^^^^^^^^^^^^^^^^^^^^^^^^^^^^^^^^^^^^
  File "C:\Users\paten\AppData\Roaming\Python\Python314\site-packages\aiohttp\connector.py", line 1178, in _resolve_host
    return await asyncio.shield(resolved_host_task)
           ^^^^^^^^^^^^^^^^^^^^^^^^^^^^^^^^^^^^^^^^
  File "C:\Users\paten\AppData\Roaming\Python\Python314\site-packages\aiohttp\connector.py", line 1209, in _resolve_host_with_throttle
    addrs = await self._resolver.resolve(host, port, family=self._family)
            ^^^^^^^^^^^^^^^^^^^^^^^^^^^^^^^^^^^^^^^^^^^^^^^^^^^^^^^^^^^^^
  File "C:\Users\paten\AppData\Roaming\Python\Python314\site-packages\aiohttp\resolver.py", line 40, in resolve
    infos = await self._loop.getaddrinfo(
            ^^^^^^^^^^^^^^^^^^^^^^^^^^^^^
    ...<5 lines>...
    )
    ^
  File "C:\Python314\Lib\asyncio\base_events.py", line 936, in getaddrinfo
    return await self.run_in_executor(
           ^^^^^^^^^^^^^^^^^^^^^^^^^^^
        None, getaddr_func, host, port, family, type, proto, flags)
        ^^^^^^^^^^^^^^^^^^^^^^^^^^^^^^^^^^^^^^^^^^^^^^^^^^^^^^^^^^^
  File "C:\Python314\Lib\concurrent\futures\thread.py", line 86, in run
    result = ctx.run(self.task)
  File "C:\Python314\Lib\concurrent\futures\thread.py", line 73, in run
    return fn(*args, **kwargs)
  File "C:\Python314\Lib\socket.py", line 983, in getaddrinfo
    for res in _socket.getaddrinfo(host, port, family, type, proto, flags):
               ~~~~~~~~~~~~~~~~~~~^^^^^^^^^^^^^^^^^^^^^^^^^^^^^^^^^^^^^^^^
socket.gaierror: [Errno 11004] getaddrinfo failed

The above exception was the direct cause of the following exception:

Traceback (most recent call last):
  File "C:\Users\paten\AppData\Roaming\Python\Python314\site-packages\discord\client.py", line 724, in connect
    self.ws = await asyncio.wait_for(coro, timeout=60.0)
              ^^^^^^^^^^^^^^^^^^^^^^^^^^^^^^^^^^^^^^^^^^
  File "C:\Python314\Lib\asyncio\tasks.py", line 488, in wait_for
    return await fut
           ^^^^^^^^^
  File "C:\Users\paten\AppData\Roaming\Python\Python314\site-packages\discord\gateway.py", line 383, in from_client
    socket = await client.http.ws_connect(str(url))
             ^^^^^^^^^^^^^^^^^^^^^^^^^^^^^^^^^^^^^^
  File "C:\Users\paten\AppData\Roaming\Python\Python314\site-packages\discord\http.py", line 566, in ws_connect
    return await self.__session.ws_connect(url, **kwargs)
           ^^^^^^^^^^^^^^^^^^^^^^^^^^^^^^^^^^^^^^^^^^^^^^
  File "C:\Users\paten\AppData\Roaming\Python\Python314\site-packages\aiohttp\client.py", line 1076, in _ws_connect
    resp = await self.request(
           ^^^^^^^^^^^^^^^^^^^
    ...<11 lines>...
    )
    ^
  File "C:\Users\paten\AppData\Roaming\Python\Python314\site-packages\aiohttp\client.py", line 779, in _request
    resp = await handler(req)
           ^^^^^^^^^^^^^^^^^^
  File "C:\Users\paten\AppData\Roaming\Python\Python314\site-packages\aiohttp\client.py", line 734, in _connect_and_send_request
    conn = await self._connector.connect(
           ^^^^^^^^^^^^^^^^^^^^^^^^^^^^^^
        req, traces=traces, timeout=real_timeout
        ^^^^^^^^^^^^^^^^^^^^^^^^^^^^^^^^^^^^^^^^
    )
    ^
  File "C:\Users\paten\AppData\Roaming\Python\Python314\site-packages\aiohttp\connector.py", line 672, in connect
    proto = await self._create_connection(req, traces, timeout)
            ^^^^^^^^^^^^^^^^^^^^^^^^^^^^^^^^^^^^^^^^^^^^^^^^^^^
  File "C:\Users\paten\AppData\Roaming\Python\Python314\site-packages\aiohttp\connector.py", line 1239, in _create_connection
    _, proto = await self._create_direct_connection(req, traces, timeout)
               ^^^^^^^^^^^^^^^^^^^^^^^^^^^^^^^^^^^^^^^^^^^^^^^^^^^^^^^^^^
  File "C:\Users\paten\AppData\Roaming\Python\Python314\site-packages\aiohttp\connector.py", line 1568, in _create_direct_connection
    raise ClientConnectorDNSError(req.connection_key, exc) from exc
aiohttp.client_exceptions.ClientConnectorDNSError: Cannot connect to host gateway-us-east1-d.discord.gg:443 ssl:default [getaddrinfo failed]
[2026-02-20 11:45:27] [DEBUG   ] discord.gateway: Created websocket connected to wss://gateway-us-east1-d.discord.gg
[2026-02-20 11:45:27] [DEBUG   ] discord.gateway: For Shard ID None: WebSocket Event: {'t': None, 's': None, 'op': 10, 'd': {'heartbeat_interval': 41250, '_trace': ['["gateway-prd-arm-us-east1-d-cg63",{"micros":0.0}]']}}
[2026-02-20 11:45:27] [DEBUG   ] discord.gateway: Shard ID None has sent the RESUME payload.
[2026-02-20 11:45:27] [DEBUG   ] discord.gateway: For Shard ID None: WebSocket Event: {'t': None, 's': None, 'op': 11, 'd': None}
[2026-02-20 11:45:27] [DEBUG   ] discord.gateway: For Shard ID None: WebSocket Event: {'t': None, 's': None, 'op': 9, 'd': False}
[2026-02-20 11:45:27] [INFO    ] discord.gateway: Shard ID None session has been invalidated.
[2026-02-20 11:45:27] [DEBUG   ] discord.client: Got a request to IDENTIFY the websocket.
[2026-02-20 11:45:27] [DEBUG   ] discord.client: Dispatching event disconnect
[2026-02-20 11:45:27] [DEBUG   ] discord.gateway: Created websocket connected to wss://gateway-us-east1-d.discord.gg
[2026-02-20 11:45:27] [DEBUG   ] discord.gateway: For Shard ID None: WebSocket Event: {'t': None, 's': None, 'op': 10, 'd': {'heartbeat_interval': 41250, '_trace': ['["gateway-prd-arm-us-east1-d-7wl7",{"micros":0.0}]']}}
[2026-02-20 11:45:32] [DEBUG   ] discord.gateway: Shard ID None has sent the IDENTIFY payload.
[2026-02-20 11:45:32] [DEBUG   ] discord.gateway: For Shard ID None: WebSocket Event: {'t': None, 's': None, 'op': 11, 'd': None}
[2026-02-20 11:45:33] [DEBUG   ] discord.gateway: For Shard ID None: WebSocket Event: {'t': 'READY', 's': 1, 'op': 0, 'd': {'v': 10, 'user_settings': {}, 'user': {'verified': True, 'username': 'Yonde Sensee', 'primary_guild': None, 'mfa_enabled': False, 'id': '1428646367278006377', 'global_name': None, 'flags': 0, 'email': None, 'discriminator': '2672', 'clan': None, 'bot': True, 'avatar': None}, 'session_type': 'normal', 'session_id': '19879804210ba678d1a9f5bacd1439c1', 'resume_gateway_url': 'wss://gateway-us-east1-d.discord.gg', 'relationships': [], 'private_channels': [], 'presences': [], 'guilds': [{'unavailable': True, 'id': '1429904071564722189'}], 'guild_join_requests': [], 'geo_ordered_rtc_regions': ['santa-clara', 'us-west', 'oregon', 'seattle', 'us-south'], 'game_relationships': [], 'auth': {}, 'application': {'id': '1428646367278006377', 'flags': 557056}, '_trace': ['["gateway-prd-arm-us-east1-d-7wl7",{"micros":112830,"calls":["id_created",{"micros":460,"calls":[]},"session_lookup_time",{"micros":235,"calls":[]},"session_lookup_finished",{"micros":9,"calls":[]},"discord-sessions-prd-2-126",{"micros":111724,"calls":["start_session",{"micros":98592,"calls":["discord-api-rpc-cdf694f4-g6ql5",{"micros":43881,"calls":["get_user",{"micros":7223},"get_guilds",{"micros":6654},"send_scheduled_deletion_message",{"micros":14},"guild_join_requests",{"micros":2},"authorized_ip_coro",{"micros":11},"pending_payments",{"micros":1149},"apex_experiments",{"micros":46729},"sessions_experiments",{"micros":5},"user_activities",{"micros":3},"played_application_ids",{"micros":10},"linked_users",{"micros":2},"ad_personalization_toggles_disabled",{"micros":2},"regional_feature_config",{"micros":2}]}]},"starting_guild_connect",{"micros":28,"calls":[]},"presence_started",{"micros":3597,"calls":[]},"guilds_started",{"micros":76,"calls":[]},"lobbies_started",{"micros":1,"calls":[]},"guilds_connect",{"micros":1,"calls":[]},"presence_connect",{"micros":9402,"calls":[]},"connect_finished",{"micros":9416,"calls":[]},"build_ready",{"micros":12,"calls":[]},"clean_ready",{"micros":0,"calls":[]},"optimize_ready",{"micros":1,"calls":[]},"split_ready",{"micros":0,"calls":[]}]}]}]']}}
[2026-02-20 11:45:33] [DEBUG   ] discord.client: Dispatching event socket_event_type
[2026-02-20 11:45:33] [INFO    ] discord.gateway: Shard ID None has connected to Gateway (Session ID: 19879804210ba678d1a9f5bacd1439c1).
[2026-02-20 11:45:33] [DEBUG   ] discord.client: Dispatching event connect
[2026-02-20 11:45:33] [DEBUG   ] discord.gateway: For Shard ID None: WebSocket Event: {'t': 'GUILD_CREATE', 's': 2, 'op': 0, 'd': {'embedded_activities': [], 'system_channel_flags': 0, 'application_command_counts': {}, 'safety_alerts_channel_id': None, 'afk_channel_id': None, 'preferred_locale': 'en-US', 'premium_progress_bar_enabled_user_updated_at': None, 'profile': None, 'lazy': True, 'incidents_data': None, 'vanity_url_code': None, 'premium_tier': 0, 'member_count': 2, 'verification_level': 0, 'id': '1429904071564722189', 'unavailable': False, 'name': 'Japanese Reading Game', 'application_id': None, 'inventory_settings': None, 'large': False, 'stage_instances': [], 'threads': [], 'system_channel_id': None, 'channels': [{'version': 1760986097164, 'type': 4, 'position': 0, 'permission_overwrites': [], 'name': 'Text Channels', 'id': '1429904072252723251', 'flags': 0}, {'version': 1760986097168, 'type': 4, 'position': 0, 'permission_overwrites': [], 'name': 'Voice Channels', 'id': '1429904072252723252', 'flags': 0}, {'version': 1760986097183, 'user_limit': 0, 'type': 2, 'rtc_region': None, 'rate_limit_per_user': 0, 'position': 0, 'permission_overwrites': [], 'parent_id': '1429904072252723252', 'name': 'General', 'last_message_id': None, 'id': '1429904072252723254', 'icon_emoji': {'name': 'üéô', 'id': None}, 'flags': 0, 'bitrate': 64000}, {'version': 1771556882032, 'type': 0, 'topic': None, 'rate_limit_per_user': 0, 'position': 0, 'permission_overwrites': [{'type': 0, 'id': '1429904071564722189', 'deny': '8515565891287056', 'allow': '0'}], 'parent_id': '1429904072252723251', 'name': 'welcome', 'last_message_id': '1474243261945221141', 'id': '1474231585179046092', 'flags': 0}, {'version': 1771557763090, 'type': 0, 'topic': 'Dedicated to interacting with the discord bot to avoid spamming !play in other channels.', 'rate_limit_per_user': 0, 'position': 1, 'permission_overwrites': [], 'parent_id': '1429904072252723251', 'name': 'yondee-sensee', 'last_message_id': '1474494380395069665', 'id': '1474243313006543041', 'flags': 0}, {'version': 1771557763095, 'type': 0, 'topic': 'Message any suggestions for improvement you have!', 'rate_limit_per_user': 0, 'position': 2, 'permission_overwrites': [], 'parent_id': '1429904072252723251', 'name': 'improvements', 'last_message_id': None, 'id': '1474243340739412080', 'flags': 0}, {'version': 1771557449673, 'type': 0, 'topic': None, 'rate_limit_per_user': 0, 'position': 4, 'permission_overwrites': [], 'parent_id': '1429904072252723251', 'name': 'general-questions', 'last_message_id': None, 'id': '1474243538375151659', 'flags': 0}, {'version': 1771557677946, 'type': 0, 'topic': 'Have any questions about Japanese? Ask them here and see if anyone can help!', 'rate_limit_per_user': 0, 'position': 5, 'permission_overwrites': [], 'parent_id': '1429904072252723251', 'name': 'japanese-questions', 'last_message_id': None, 'id': '1474243560789377045', 'flags': 0}, {'version': 1771557616635, 'type': 0, 'topic': 'No English, only Japanese here! Practice having discussions with each other!', 'rate_limit_per_user': 0, 'position': 6, 'permission_overwrites': [], 'parent_id': '1429904072252723251', 'name': 'japanese-only', 'last_pin_timestamp': '2026-02-20T03:20:16.631000+00:00', 'last_message_id': '1474244238710538373', 'id': '1474243603499843645', 'flags': 0}, {'version': 1771557763103, 'type': 0, 'topic': None, 'rate_limit_per_user': 0, 'position': 3, 'permission_overwrites': [], 'parent_id': '1429904072252723251', 'name': 'general', 'last_message_id': None, 'id': '1474244835815985286', 'flags': 0}], 'max_video_channel_users': 25, 'home_header': None, 'description': None, 'mfa_level': 0, 'hub_type': None, 'owner_id': '621929387259985921', 'max_stage_video_channel_users': 50, 'icon': 'c46b778a392112fa20b53d8f97752cb4', 'voice_states': [], 'public_updates_channel_id': None, 'presences': [], 'latest_onboarding_question_id': None, 'premium_features': None, 'joined_at': '2025-10-20T18:49:05.853000+00:00', 'emojis': [], 'region': 'deprecated', 'roles': [{'version': 1771556800898, 'unicode_emoji': None, 'tags': {}, 'position': 0, 'permissions': '2248404746358337', 'name': '@everyone', 'mentionable': False, 'managed': False, 'id': '1429904071564722189', 'icon': None, 'hoist': False, 'flags': 0, 'colors': {'tertiary_color': None, 'secondary_color': None, 'primary_color': 0}, 'color': 0}, {'version': 1771556800713, 'unicode_emoji': None, 'tags': {'bot_id': '1428646367278006377'}, 'position': 2, 'permissions': '2147559424', 'name': 'jpn_game_bot', 'mentionable': False, 'managed': True, 'id': '1429904276226048085', 'icon': None, 'hoist': False, 'flags': 0, 'colors': {'tertiary_color': None, 'secondary_color': None, 'primary_color': 0}, 'color': 0}, {'version': 1771556712104, 'unicode_emoji': None, 'tags': {}, 'position': 1, 'permissions': '0', 'name': 'new role', 'mentionable': False, 'managed': False, 'id': '1474240444480098386', 'icon': None, 'hoist': False, 'flags': 0, 'colors': {'tertiary_color': None, 'secondary_color': None, 'primary_color': 0}, 'color': 0}], 'nsfw_level': 0, 'features': [], 'activity_instances': [], 'banner': None, 'discovery_splash': None, 'default_message_notifications': 0, 'premium_subscription_count': 0, 'afk_timeout': 300, 'premium_progress_bar_enabled': False, 'owner_configured_content_level': 0, 'moderator_reporting': None, 'guild_scheduled_events': [], 'rules_channel_id': None, 'splash': None, 'version': 1771557866639, 'explicit_content_filter': 0, 'max_members': 25000000, 'soundboard_sounds': [], 'members': [{'user': {'username': 'Yonde Sensee', 'public_flags': 0, 'primary_guild': None, 'id': '1428646367278006377', 'global_name': None, 'display_name_styles': None, 'display_name': None, 'discriminator': '2672', 'collectibles': None, 'bot': True, 'avatar_decoration_data': None, 'avatar': None}, 'roles': ['1429904276226048085'], 'premium_since': None, 'pending': False, 'nick': None, 'mute': False, 'joined_at': '2025-10-20T18:49:05.853000+00:00', 'flags': 0, 'deaf': False, 'communication_disabled_until': None, 'banner': None, 'avatar': None}], 'nsfw': False, 'stickers': []}}
[2026-02-20 11:45:33] [DEBUG   ] discord.client: Dispatching event socket_event_type
[2026-02-20 11:45:33] [DEBUG   ] discord.gateway: For Shard ID None: WebSocket Event: {'t': 'GUILD_MEMBERS_CHUNK', 's': 3, 'op': 0, 'd': {'nonce': '31bbe609d93144333ea942f54f59bcd8', 'members': [{'user': {'username': 'funnyman1469', 'public_flags': 0, 'primary_guild': None, 'id': '621929387259985921', 'global_name': 'FUNNYMAN 1469', 'display_name_styles': None, 'display_name': 'FUNNYMAN 1469', 'discriminator': '0', 'collectibles': None, 'bot': False, 'avatar_decoration_data': None, 'avatar': 'd42f0c09648e8e0ba07480f6adfe506a'}, 'roles': [], 'premium_since': None, 'pending': False, 'nick': None, 'mute': False, 'joined_at': '2025-10-20T18:48:17.093000+00:00', 'flags': 0, 'deaf': False, 'communication_disabled_until': None, 'banner': None, 'avatar': None}, {'user': {'username': 'Yonde Sensee', 'public_flags': 0, 'primary_guild': None, 'id': '1428646367278006377', 'global_name': None, 'display_name_styles': None, 'display_name': None, 'discriminator': '2672', 'collectibles': None, 'bot': True, 'avatar_decoration_data': None, 'avatar': None}, 'roles': ['1429904276226048085'], 'premium_since': None, 'pending': False, 'nick': None, 'mute': False, 'joined_at': '2025-10-20T18:49:05.853000+00:00', 'flags': 0, 'deaf': False, 'communication_disabled_until': None, 'banner': None, 'avatar': None}], 'guild_id': '1429904071564722189', 'chunk_index': 0, 'chunk_count': 1}}
[2026-02-20 11:45:33] [DEBUG   ] discord.client: Dispatching event socket_event_type
[2026-02-20 11:45:33] [DEBUG   ] discord.state: Processed a chunk for 2 members in guild ID 1429904071564722189.
[2026-02-20 11:45:35] [DEBUG   ] discord.client: Dispatching event guild_available
[2026-02-20 11:45:35] [DEBUG   ] discord.client: Dispatching event ready
[2026-02-20 11:46:09] [DEBUG   ] discord.gateway: Keeping shard ID None websocket alive with sequence 3.
[2026-02-20 11:46:09] [DEBUG   ] discord.gateway: For Shard ID None: WebSocket Event: {'t': None, 's': None, 'op': 11, 'd': None}
[2026-02-20 11:46:50] [DEBUG   ] discord.gateway: Keeping shard ID None websocket alive with sequence 3.
[2026-02-20 11:46:50] [DEBUG   ] discord.gateway: For Shard ID None: WebSocket Event: {'t': None, 's': None, 'op': 11, 'd': None}
[2026-02-20 11:47:31] [DEBUG   ] discord.gateway: Keeping shard ID None websocket alive with sequence 3.
[2026-02-20 11:47:31] [DEBUG   ] discord.gateway: For Shard ID None: WebSocket Event: {'t': None, 's': None, 'op': 11, 'd': None}
[2026-02-20 11:48:12] [DEBUG   ] discord.gateway: Keeping shard ID None websocket alive with sequence 3.
[2026-02-20 11:48:13] [DEBUG   ] discord.gateway: For Shard ID None: WebSocket Event: {'t': None, 's': None, 'op': 11, 'd': None}
[2026-02-20 11:48:54] [DEBUG   ] discord.gateway: Keeping shard ID None websocket alive with sequence 3.
[2026-02-20 11:48:54] [DEBUG   ] discord.gateway: For Shard ID None: WebSocket Event: {'t': None, 's': None, 'op': 11, 'd': None}
[2026-02-20 11:49:16] [DEBUG   ] discord.gateway: For Shard ID None: WebSocket Event: {'t': None, 's': None, 'op': 7, 'd': None}
[2026-02-20 11:49:16] [DEBUG   ] discord.gateway: Received RECONNECT opcode.
[2026-02-20 11:49:17] [DEBUG   ] discord.client: Got a request to RESUME the websocket.
[2026-02-20 11:49:17] [DEBUG   ] discord.client: Dispatching event disconnect
[2026-02-20 11:49:17] [DEBUG   ] discord.gateway: Created websocket connected to wss://gateway-us-east1-d.discord.gg
[2026-02-20 11:49:17] [DEBUG   ] discord.gateway: For Shard ID None: WebSocket Event: {'t': None, 's': None, 'op': 10, 'd': {'heartbeat_interval': 41250, '_trace': ['["gateway-prd-arm-us-east1-d-b5lt",{"micros":0.0}]']}}
[2026-02-20 11:49:17] [DEBUG   ] discord.gateway: Shard ID None has sent the RESUME payload.
[2026-02-20 11:49:17] [DEBUG   ] discord.gateway: For Shard ID None: WebSocket Event: {'t': None, 's': None, 'op': 11, 'd': None}
[2026-02-20 11:49:17] [DEBUG   ] discord.gateway: For Shard ID None: WebSocket Event: {'t': 'RESUMED', 's': 4, 'op': 0, 'd': {'_trace': ['["gateway-prd-arm-us-east1-d-b5lt",{"micros":1851,"calls":["id_created",{"micros":0,"calls":[]},"session_lookup_time",{"micros":310,"calls":[]},"session_lookup_finished",{"micros":9,"calls":[]},"discord-sessions-prd-2-126",{"micros":11}]}]']}}
[2026-02-20 11:49:17] [DEBUG   ] discord.client: Dispatching event socket_event_type
[2026-02-20 11:49:17] [INFO    ] discord.gateway: Shard ID None has successfully RESUMED session 19879804210ba678d1a9f5bacd1439c1.
[2026-02-20 11:49:17] [DEBUG   ] discord.client: Dispatching event resumed
[2026-02-20 11:49:58] [DEBUG   ] discord.gateway: Keeping shard ID None websocket alive with sequence 4.
[2026-02-20 11:49:58] [DEBUG   ] discord.gateway: For Shard ID None: WebSocket Event: {'t': None, 's': None, 'op': 11, 'd': None}
[2026-02-20 11:50:39] [DEBUG   ] discord.gateway: Keeping shard ID None websocket alive with sequence 4.
[2026-02-20 11:50:40] [DEBUG   ] discord.gateway: For Shard ID None: WebSocket Event: {'t': None, 's': None, 'op': 11, 'd': None}
[2026-02-20 11:51:21] [DEBUG   ] discord.gateway: Keeping shard ID None websocket alive with sequence 4.
[2026-02-20 11:51:21] [DEBUG   ] discord.gateway: For Shard ID None: WebSocket Event: {'t': None, 's': None, 'op': 11, 'd': None}
[2026-02-20 11:52:02] [DEBUG   ] discord.gateway: Keeping shard ID None websocket alive with sequence 4.
[2026-02-20 11:52:02] [DEBUG   ] discord.gateway: For Shard ID None: WebSocket Event: {'t': None, 's': None, 'op': 11, 'd': None}
[2026-02-20 11:52:43] [DEBUG   ] discord.gateway: Keeping shard ID None websocket alive with sequence 4.
[2026-02-20 11:52:44] [DEBUG   ] discord.gateway: For Shard ID None: WebSocket Event: {'t': None, 's': None, 'op': 11, 'd': None}
